[ 2016-08-10T00:36:23+08:00 ] 127.0.0.1 /mlbspa/weixin/
INFO: [ app_init ] --START--
INFO: Run Behavior\BuildLiteBehavior [ RunTime:0.000022s ]
INFO: [ app_init ] --END-- [ RunTime:0.043186s ]
INFO: [ app_begin ] --START--
INFO: Run Behavior\ReadHtmlCacheBehavior [ RunTime:0.019516s ]
INFO: [ app_begin ] --END-- [ RunTime:0.019603s ]
INFO: [ view_parse ] --START--
INFO: [ template_filter ] --START--
INFO: Run Behavior\ContentReplaceBehavior [ RunTime:0.000080s ]
INFO: [ template_filter ] --END-- [ RunTime:0.000147s ]
INFO: Run Behavior\ParseTemplateBehavior [ RunTime:0.084308s ]
INFO: [ view_parse ] --END-- [ RunTime:0.084377s ]
INFO: [ view_filter ] --START--
INFO: Run Behavior\WriteHtmlCacheBehavior [ RunTime:0.015811s ]
INFO: [ view_filter ] --END-- [ RunTime:0.015878s ]
INFO: [ app_end ] --START--
INFO: Run Behavior\ShowPageTraceBehavior [ RunTime:0.007284s ]
INFO: [ app_end ] --END-- [ RunTime:0.011239s ]

[ 2016-08-10T00:36:32+08:00 ] 127.0.0.1 /mlbspa/weixin/
INFO: [ app_init ] --START--
INFO: Run Behavior\BuildLiteBehavior [ RunTime:0.000018s ]
INFO: [ app_init ] --END-- [ RunTime:0.000656s ]
INFO: [ app_begin ] --START--
INFO: Run Behavior\ReadHtmlCacheBehavior [ RunTime:0.000719s ]
INFO: [ app_begin ] --END-- [ RunTime:0.000777s ]
INFO: [ view_parse ] --START--
INFO: [ template_filter ] --START--
INFO: Run Behavior\ContentReplaceBehavior [ RunTime:0.000078s ]
INFO: [ template_filter ] --END-- [ RunTime:0.000143s ]
INFO: Run Behavior\ParseTemplateBehavior [ RunTime:0.059064s ]
INFO: [ view_parse ] --END-- [ RunTime:0.059136s ]
INFO: [ view_filter ] --START--
INFO: Run Behavior\WriteHtmlCacheBehavior [ RunTime:0.000660s ]
INFO: [ view_filter ] --END-- [ RunTime:0.000710s ]
INFO: [ app_end ] --START--
INFO: Run Behavior\ShowPageTraceBehavior [ RunTime:0.000826s ]
INFO: [ app_end ] --END-- [ RunTime:0.000908s ]

[ 2016-08-10T01:26:49+08:00 ] 192.168.1.196 /mlbspa/weixin/
INFO: [ app_init ] --START--
INFO: Run Behavior\BuildLiteBehavior [ RunTime:0.000017s ]
INFO: [ app_init ] --END-- [ RunTime:0.000597s ]
INFO: [ app_begin ] --START--
INFO: Run Behavior\ReadHtmlCacheBehavior [ RunTime:0.000695s ]
INFO: [ app_begin ] --END-- [ RunTime:0.000760s ]
INFO: [ view_parse ] --START--
INFO: [ template_filter ] --START--
INFO: Run Behavior\ContentReplaceBehavior [ RunTime:0.000080s ]
INFO: [ template_filter ] --END-- [ RunTime:0.000150s ]
INFO: Run Behavior\ParseTemplateBehavior [ RunTime:0.009293s ]
INFO: [ view_parse ] --END-- [ RunTime:0.009355s ]
INFO: [ view_filter ] --START--
INFO: Run Behavior\WriteHtmlCacheBehavior [ RunTime:0.000643s ]
INFO: [ view_filter ] --END-- [ RunTime:0.000694s ]
INFO: [ app_end ] --START--
INFO: Run Behavior\ShowPageTraceBehavior [ RunTime:0.000794s ]
INFO: [ app_end ] --END-- [ RunTime:0.000875s ]

[ 2016-08-10T01:26:54+08:00 ] 192.168.1.196 /mlbspa/weixin/Share/index.html
INFO: [ app_init ] --START--
INFO: Run Behavior\BuildLiteBehavior [ RunTime:0.000019s ]
INFO: [ app_init ] --END-- [ RunTime:0.000654s ]
INFO: [ app_begin ] --START--
INFO: Run Behavior\ReadHtmlCacheBehavior [ RunTime:0.000692s ]
INFO: [ app_begin ] --END-- [ RunTime:0.000768s ]

[ 2016-08-10T01:26:54+08:00 ] 192.168.1.196 /mlbspa/weixin/user/login.html?url=http%3A%2F%2F192.168.1.196%2Fmlbspa%2Fweixin%2FShare%2Findex.html
INFO: [ app_init ] --START--
INFO: Run Behavior\BuildLiteBehavior [ RunTime:0.000016s ]
INFO: [ app_init ] --END-- [ RunTime:0.000485s ]
INFO: [ app_begin ] --START--
INFO: Run Behavior\ReadHtmlCacheBehavior [ RunTime:0.000588s ]
INFO: [ app_begin ] --END-- [ RunTime:0.000646s ]
INFO: [ view_parse ] --START--
INFO: [ template_filter ] --START--
INFO: Run Behavior\ContentReplaceBehavior [ RunTime:0.000051s ]
INFO: [ template_filter ] --END-- [ RunTime:0.000120s ]
INFO: Run Behavior\ParseTemplateBehavior [ RunTime:0.020372s ]
INFO: [ view_parse ] --END-- [ RunTime:0.020436s ]
INFO: [ view_filter ] --START--
INFO: Run Behavior\WriteHtmlCacheBehavior [ RunTime:0.000548s ]
INFO: [ view_filter ] --END-- [ RunTime:0.000605s ]
INFO: [ app_end ] --START--
INFO: Run Behavior\ShowPageTraceBehavior [ RunTime:0.000795s ]
INFO: [ app_end ] --END-- [ RunTime:0.000849s ]

[ 2016-08-10T01:27:04+08:00 ] 192.168.1.196 /mlbspa/weixin/user/login.html?url=http%3A%2F%2F192.168.1.196%2Fmlbspa%2Fweixin%2FShare%2Findex.html
INFO: [ app_init ] --START--
INFO: Run Behavior\BuildLiteBehavior [ RunTime:0.000018s ]
INFO: [ app_init ] --END-- [ RunTime:0.000504s ]
INFO: [ app_begin ] --START--
INFO: Run Behavior\ReadHtmlCacheBehavior [ RunTime:0.000606s ]
INFO: [ app_begin ] --END-- [ RunTime:0.000666s ]

[ 2016-08-10T01:27:06+08:00 ] 192.168.1.196 /mlbspa/weixin/Share/index.html
INFO: [ app_init ] --START--
INFO: Run Behavior\BuildLiteBehavior [ RunTime:0.000019s ]
INFO: [ app_init ] --END-- [ RunTime:0.000685s ]
INFO: [ app_begin ] --START--
INFO: Run Behavior\ReadHtmlCacheBehavior [ RunTime:0.000730s ]
INFO: [ app_begin ] --END-- [ RunTime:0.000819s ]
INFO: [ view_parse ] --START--
INFO: [ template_filter ] --START--
INFO: Run Behavior\ContentReplaceBehavior [ RunTime:0.000062s ]
INFO: [ template_filter ] --END-- [ RunTime:0.000131s ]
INFO: Run Behavior\ParseTemplateBehavior [ RunTime:0.038895s ]
INFO: [ view_parse ] --END-- [ RunTime:0.038966s ]
INFO: [ view_filter ] --START--
INFO: Run Behavior\WriteHtmlCacheBehavior [ RunTime:0.000470s ]
INFO: [ view_filter ] --END-- [ RunTime:0.000521s ]
INFO: [ app_end ] --START--
INFO: Run Behavior\ShowPageTraceBehavior [ RunTime:0.000628s ]
INFO: [ app_end ] --END-- [ RunTime:0.000678s ]

[ 2016-08-10T01:27:10+08:00 ] 192.168.1.196 /mlbspa/weixin/share/newsList.html
INFO: [ app_init ] --START--
INFO: Run Behavior\BuildLiteBehavior [ RunTime:0.000018s ]
INFO: [ app_init ] --END-- [ RunTime:0.000478s ]
INFO: [ app_begin ] --START--
INFO: Run Behavior\ReadHtmlCacheBehavior [ RunTime:0.000703s ]
INFO: [ app_begin ] --END-- [ RunTime:0.000778s ]
INFO: [ view_parse ] --START--
INFO: [ template_filter ] --START--
INFO: Run Behavior\ContentReplaceBehavior [ RunTime:0.000070s ]
INFO: [ template_filter ] --END-- [ RunTime:0.000133s ]
INFO: Run Behavior\ParseTemplateBehavior [ RunTime:0.009522s ]
INFO: [ view_parse ] --END-- [ RunTime:0.009581s ]
INFO: [ view_filter ] --START--
INFO: Run Behavior\WriteHtmlCacheBehavior [ RunTime:0.000552s ]
INFO: [ view_filter ] --END-- [ RunTime:0.000598s ]
INFO: [ app_end ] --START--
INFO: Run Behavior\ShowPageTraceBehavior [ RunTime:0.000898s ]
INFO: [ app_end ] --END-- [ RunTime:0.000975s ]

[ 2016-08-10T01:27:15+08:00 ] 192.168.1.196 /mlbspa/weixin/share/newsDetail.html?id=11
INFO: [ app_init ] --START--
INFO: Run Behavior\BuildLiteBehavior [ RunTime:0.000020s ]
INFO: [ app_init ] --END-- [ RunTime:0.000587s ]
INFO: [ app_begin ] --START--
INFO: Run Behavior\ReadHtmlCacheBehavior [ RunTime:0.000688s ]
INFO: [ app_begin ] --END-- [ RunTime:0.000753s ]
SQL: SHOW COLUMNS FROM `wechat_conf` [ RunTime:0.0329s ]
SQL: SELECT * FROM `wechat_conf` WHERE `sign` = 'jsapi_ticket' LIMIT 1   [ RunTime:0.0004s ]
SQL: SELECT * FROM `wechat_conf` WHERE `sign` = 'access_token' LIMIT 1   [ RunTime:0.0003s ]
NOTIC: [8] Undefined property: stdClass::$access_token D:\Develop\WWW\mlbspa\weixin\Application\Common\Util\WechatJSSDK.class.php 第 93 行.
NOTIC: [8] Undefined property: stdClass::$ticket D:\Develop\WWW\mlbspa\weixin\Application\Common\Util\WechatJSSDK.class.php 第 72 行.
INFO: [ view_parse ] --START--
INFO: [ template_filter ] --START--
INFO: Run Behavior\ContentReplaceBehavior [ RunTime:0.000064s ]
INFO: [ template_filter ] --END-- [ RunTime:0.000129s ]
INFO: Run Behavior\ParseTemplateBehavior [ RunTime:0.010265s ]
INFO: [ view_parse ] --END-- [ RunTime:0.010370s ]
INFO: [ view_filter ] --START--
INFO: Run Behavior\WriteHtmlCacheBehavior [ RunTime:0.000574s ]
INFO: [ view_filter ] --END-- [ RunTime:0.000624s ]
INFO: [ app_end ] --START--
INFO: Run Behavior\ShowPageTraceBehavior [ RunTime:0.000806s ]
INFO: [ app_end ] --END-- [ RunTime:0.000865s ]

[ 2016-08-10T01:28:37+08:00 ] 192.168.1.196 /mlbspa/weixin/share/newsDetail.html?id=11
INFO: [ app_init ] --START--
INFO: Run Behavior\BuildLiteBehavior [ RunTime:0.000020s ]
INFO: [ app_init ] --END-- [ RunTime:0.000615s ]
INFO: [ app_begin ] --START--
INFO: Run Behavior\ReadHtmlCacheBehavior [ RunTime:0.000741s ]
INFO: [ app_begin ] --END-- [ RunTime:0.000859s ]
SQL: SHOW COLUMNS FROM `wechat_conf` [ RunTime:0.2400s ]
SQL: SELECT * FROM `wechat_conf` WHERE `sign` = 'jsapi_ticket' LIMIT 1   [ RunTime:0.0004s ]
SQL: SELECT * FROM `wechat_conf` WHERE `sign` = 'access_token' LIMIT 1   [ RunTime:0.0004s ]
NOTIC: [8] Undefined property: stdClass::$access_token D:\Develop\WWW\mlbspa\weixin\Application\Common\Util\WechatJSSDK.class.php 第 93 行.
NOTIC: [8] Undefined property: stdClass::$ticket D:\Develop\WWW\mlbspa\weixin\Application\Common\Util\WechatJSSDK.class.php 第 72 行.
INFO: [ view_parse ] --START--
INFO: [ template_filter ] --START--
INFO: Run Behavior\ContentReplaceBehavior [ RunTime:0.000062s ]
INFO: [ template_filter ] --END-- [ RunTime:0.000120s ]
INFO: Run Behavior\ParseTemplateBehavior [ RunTime:0.008104s ]
INFO: [ view_parse ] --END-- [ RunTime:0.008191s ]
INFO: [ view_filter ] --START--
INFO: Run Behavior\WriteHtmlCacheBehavior [ RunTime:0.000634s ]
INFO: [ view_filter ] --END-- [ RunTime:0.000685s ]
INFO: [ app_end ] --START--
INFO: Run Behavior\ShowPageTraceBehavior [ RunTime:0.000845s ]
INFO: [ app_end ] --END-- [ RunTime:0.000897s ]

[ 2016-08-10T01:29:42+08:00 ] 192.168.1.196 /mlbspa/weixin/share/newsDetail.html?id=11
INFO: [ app_init ] --START--
INFO: Run Behavior\BuildLiteBehavior [ RunTime:0.000024s ]
INFO: [ app_init ] --END-- [ RunTime:0.000630s ]
INFO: [ app_begin ] --START--
INFO: Run Behavior\ReadHtmlCacheBehavior [ RunTime:0.000788s ]
INFO: [ app_begin ] --END-- [ RunTime:0.000858s ]
SQL: SHOW COLUMNS FROM `wechat_conf` [ RunTime:0.0049s ]
SQL: SELECT * FROM `wechat_conf` WHERE `sign` = 'jsapi_ticket' LIMIT 1   [ RunTime:0.0004s ]
SQL: SELECT * FROM `wechat_conf` WHERE `sign` = 'access_token' LIMIT 1   [ RunTime:0.0003s ]
NOTIC: [8] Undefined property: stdClass::$access_token D:\Develop\WWW\mlbspa\weixin\Application\Common\Util\WechatJSSDK.class.php 第 93 行.
NOTIC: [8] Undefined property: stdClass::$ticket D:\Develop\WWW\mlbspa\weixin\Application\Common\Util\WechatJSSDK.class.php 第 72 行.
INFO: [ view_parse ] --START--
INFO: [ template_filter ] --START--
INFO: Run Behavior\ContentReplaceBehavior [ RunTime:0.000062s ]
INFO: [ template_filter ] --END-- [ RunTime:0.000127s ]
INFO: Run Behavior\ParseTemplateBehavior [ RunTime:0.008230s ]
INFO: [ view_parse ] --END-- [ RunTime:0.008309s ]
INFO: [ view_filter ] --START--
INFO: Run Behavior\WriteHtmlCacheBehavior [ RunTime:0.000502s ]
INFO: [ view_filter ] --END-- [ RunTime:0.000548s ]
INFO: [ app_end ] --START--
INFO: Run Behavior\ShowPageTraceBehavior [ RunTime:0.000707s ]
INFO: [ app_end ] --END-- [ RunTime:0.000753s ]

[ 2016-08-10T01:29:59+08:00 ] 192.168.1.196 /mlbspa/weixin/share/newsDetail.html?id=11&uid=11
INFO: [ app_init ] --START--
INFO: Run Behavior\BuildLiteBehavior [ RunTime:0.000019s ]
INFO: [ app_init ] --END-- [ RunTime:0.000560s ]
INFO: [ app_begin ] --START--
INFO: Run Behavior\ReadHtmlCacheBehavior [ RunTime:0.000647s ]
INFO: [ app_begin ] --END-- [ RunTime:0.000718s ]
SQL: SHOW COLUMNS FROM `log_article_visit` [ RunTime:0.0060s ]
SQL: SELECT * FROM `log_article_visit` WHERE `client_ip` = '192.168.1.196' AND `article_id` = 11 ORDER BY create_time desc LIMIT 1   [ RunTime:0.0004s ]
SQL: INSERT INTO `log_article_visit` (`article_id`,`client_ip`,`create_time`) VALUES ('11','192.168.1.196','1470763798') [ RunTime:0.0828s ]
SQL: SHOW COLUMNS FROM `members` [ RunTime:0.0052s ]
SQL: SHOW COLUMNS FROM `share_log` [ RunTime:0.0045s ]
SQL: UPDATE `members` SET `sharepoint`=sharepoint+1 WHERE ( user_id=11 ) [ RunTime:0.1334s ]
SQL: UPDATE `members` SET `total_sharepoint`=total_sharepoint+1 WHERE ( user_id=11 ) [ RunTime:0.0812s ]
SQL: INSERT INTO `share_log` (`article_id`,`user_id`,`create_time`,`client_ip`,`point`,`log_info`) VALUES ('11','11','1470763798','192.168.1.196','1','分享文章好友浏览增加1积分') [ RunTime:0.0619s ]
SQL: SHOW COLUMNS FROM `wechat_conf` [ RunTime:0.0043s ]
SQL: SELECT * FROM `wechat_conf` WHERE `sign` = 'jsapi_ticket' LIMIT 1   [ RunTime:0.0004s ]
SQL: SELECT * FROM `wechat_conf` WHERE `sign` = 'access_token' LIMIT 1   [ RunTime:0.0003s ]
NOTIC: [8] Undefined property: stdClass::$access_token D:\Develop\WWW\mlbspa\weixin\Application\Common\Util\WechatJSSDK.class.php 第 93 行.
NOTIC: [8] Undefined property: stdClass::$ticket D:\Develop\WWW\mlbspa\weixin\Application\Common\Util\WechatJSSDK.class.php 第 72 行.
INFO: [ view_parse ] --START--
INFO: [ template_filter ] --START--
INFO: Run Behavior\ContentReplaceBehavior [ RunTime:0.000065s ]
INFO: [ template_filter ] --END-- [ RunTime:0.000132s ]
INFO: Run Behavior\ParseTemplateBehavior [ RunTime:0.009267s ]
INFO: [ view_parse ] --END-- [ RunTime:0.009343s ]
INFO: [ view_filter ] --START--
INFO: Run Behavior\WriteHtmlCacheBehavior [ RunTime:0.000540s ]
INFO: [ view_filter ] --END-- [ RunTime:0.000588s ]
INFO: [ app_end ] --START--
INFO: Run Behavior\ShowPageTraceBehavior [ RunTime:0.000848s ]
INFO: [ app_end ] --END-- [ RunTime:0.000900s ]

[ 2016-08-10T01:30:15+08:00 ] 192.168.1.196 /mlbspa/weixin/share/newsDetail.html?id=11&uid=11
INFO: [ app_init ] --START--
INFO: Run Behavior\BuildLiteBehavior [ RunTime:0.000027s ]
INFO: [ app_init ] --END-- [ RunTime:0.000580s ]
INFO: [ app_begin ] --START--
INFO: Run Behavior\ReadHtmlCacheBehavior [ RunTime:0.000679s ]
INFO: [ app_begin ] --END-- [ RunTime:0.000773s ]
SQL: SHOW COLUMNS FROM `log_article_visit` [ RunTime:0.0057s ]
SQL: SELECT * FROM `log_article_visit` WHERE `client_ip` = '192.168.1.196' AND `article_id` = 11 ORDER BY create_time desc LIMIT 1   [ RunTime:0.0004s ]
SQL: SHOW COLUMNS FROM `wechat_conf` [ RunTime:0.0038s ]
SQL: SELECT * FROM `wechat_conf` WHERE `sign` = 'jsapi_ticket' LIMIT 1   [ RunTime:0.0003s ]
SQL: SELECT * FROM `wechat_conf` WHERE `sign` = 'access_token' LIMIT 1   [ RunTime:0.0003s ]
NOTIC: [8] Undefined property: stdClass::$access_token D:\Develop\WWW\mlbspa\weixin\Application\Common\Util\WechatJSSDK.class.php 第 93 行.
NOTIC: [8] Undefined property: stdClass::$ticket D:\Develop\WWW\mlbspa\weixin\Application\Common\Util\WechatJSSDK.class.php 第 72 行.
INFO: [ view_parse ] --START--
INFO: [ template_filter ] --START--
INFO: Run Behavior\ContentReplaceBehavior [ RunTime:0.000063s ]
INFO: [ template_filter ] --END-- [ RunTime:0.000128s ]
INFO: Run Behavior\ParseTemplateBehavior [ RunTime:0.007755s ]
INFO: [ view_parse ] --END-- [ RunTime:0.007865s ]
INFO: [ view_filter ] --START--
INFO: Run Behavior\WriteHtmlCacheBehavior [ RunTime:0.000396s ]
INFO: [ view_filter ] --END-- [ RunTime:0.000444s ]
INFO: [ app_end ] --START--
INFO: Run Behavior\ShowPageTraceBehavior [ RunTime:0.000615s ]
INFO: [ app_end ] --END-- [ RunTime:0.000670s ]

