[ 2016-08-19T15:19:27+08:00 ] 192.168.1.6 /mlbspa/weixin/
INFO: [ app_init ] --START--
INFO: Run Behavior\BuildLiteBehavior [ RunTime:0.000022s ]
INFO: [ app_init ] --END-- [ RunTime:0.044896s ]
INFO: [ app_begin ] --START--
INFO: Run Behavior\ReadHtmlCacheBehavior [ RunTime:0.012795s ]
INFO: [ app_begin ] --END-- [ RunTime:0.012892s ]
INFO: [ view_parse ] --START--
INFO: [ template_filter ] --START--
INFO: Run Behavior\ContentReplaceBehavior [ RunTime:0.000088s ]
INFO: [ template_filter ] --END-- [ RunTime:0.000161s ]
INFO: Run Behavior\ParseTemplateBehavior [ RunTime:0.143218s ]
INFO: [ view_parse ] --END-- [ RunTime:0.143304s ]
INFO: [ view_filter ] --START--
INFO: Run Behavior\WriteHtmlCacheBehavior [ RunTime:0.034321s ]
INFO: [ view_filter ] --END-- [ RunTime:0.034408s ]
INFO: [ app_end ] --START--
INFO: Run Behavior\ShowPageTraceBehavior [ RunTime:0.006521s ]
INFO: [ app_end ] --END-- [ RunTime:0.006615s ]

[ 2016-08-19T15:19:32+08:00 ] 192.168.1.6 /mlbspa/weixin/
INFO: [ app_init ] --START--
INFO: Run Behavior\BuildLiteBehavior [ RunTime:0.000018s ]
INFO: [ app_init ] --END-- [ RunTime:0.000566s ]
INFO: [ app_begin ] --START--
INFO: Run Behavior\ReadHtmlCacheBehavior [ RunTime:0.000728s ]
INFO: [ app_begin ] --END-- [ RunTime:0.000802s ]
INFO: [ view_parse ] --START--
INFO: [ template_filter ] --START--
INFO: Run Behavior\ContentReplaceBehavior [ RunTime:0.000079s ]
INFO: [ template_filter ] --END-- [ RunTime:0.000143s ]
INFO: Run Behavior\ParseTemplateBehavior [ RunTime:0.009848s ]
INFO: [ view_parse ] --END-- [ RunTime:0.009916s ]
INFO: [ view_filter ] --START--
INFO: Run Behavior\WriteHtmlCacheBehavior [ RunTime:0.000688s ]
INFO: [ view_filter ] --END-- [ RunTime:0.000740s ]
INFO: [ app_end ] --START--
INFO: Run Behavior\ShowPageTraceBehavior [ RunTime:0.001070s ]
INFO: [ app_end ] --END-- [ RunTime:0.001141s ]

[ 2016-08-19T15:19:37+08:00 ] 192.168.1.6 /mlbspa/weixin/Share/index.html
INFO: [ app_init ] --START--
INFO: Run Behavior\BuildLiteBehavior [ RunTime:0.000029s ]
INFO: [ app_init ] --END-- [ RunTime:0.000656s ]
INFO: [ app_begin ] --START--
INFO: Run Behavior\ReadHtmlCacheBehavior [ RunTime:0.000613s ]
INFO: [ app_begin ] --END-- [ RunTime:0.000680s ]

[ 2016-08-19T15:19:38+08:00 ] 192.168.1.6 /mlbspa/weixin/user/login.html?url=http%3A%2F%2F192.168.1.6%2Fmlbspa%2Fweixin%2FShare%2Findex.html
INFO: [ app_init ] --START--
INFO: Run Behavior\BuildLiteBehavior [ RunTime:0.000018s ]
INFO: [ app_init ] --END-- [ RunTime:0.000481s ]
INFO: [ app_begin ] --START--
INFO: Run Behavior\ReadHtmlCacheBehavior [ RunTime:0.000631s ]
INFO: [ app_begin ] --END-- [ RunTime:0.000703s ]
INFO: [ view_parse ] --START--
INFO: [ template_filter ] --START--
INFO: Run Behavior\ContentReplaceBehavior [ RunTime:0.000084s ]
INFO: [ template_filter ] --END-- [ RunTime:0.000186s ]
INFO: Run Behavior\ParseTemplateBehavior [ RunTime:0.125572s ]
INFO: [ view_parse ] --END-- [ RunTime:0.125663s ]
INFO: [ view_filter ] --START--
INFO: Run Behavior\WriteHtmlCacheBehavior [ RunTime:0.000623s ]
INFO: [ view_filter ] --END-- [ RunTime:0.000671s ]
INFO: [ app_end ] --START--
INFO: Run Behavior\ShowPageTraceBehavior [ RunTime:0.001093s ]
INFO: [ app_end ] --END-- [ RunTime:0.001175s ]

[ 2016-08-19T15:20:43+08:00 ] 192.168.1.6 /mlbspa/weixin/share/newsDetail.html?id=11&uid=11
INFO: [ app_init ] --START--
INFO: Run Behavior\BuildLiteBehavior [ RunTime:0.000018s ]
INFO: [ app_init ] --END-- [ RunTime:0.000578s ]
INFO: [ app_begin ] --START--
INFO: Run Behavior\ReadHtmlCacheBehavior [ RunTime:0.000881s ]
INFO: [ app_begin ] --END-- [ RunTime:0.000954s ]

[ 2016-08-19T15:24:59+08:00 ] 192.168.1.6 /mlbspa/weixin/share/newsDetail.html?id=11&uid=11
INFO: [ app_init ] --START--
INFO: Run Behavior\BuildLiteBehavior [ RunTime:0.000019s ]
INFO: [ app_init ] --END-- [ RunTime:0.000602s ]
INFO: [ app_begin ] --START--
INFO: Run Behavior\ReadHtmlCacheBehavior [ RunTime:0.000748s ]
INFO: [ app_begin ] --END-- [ RunTime:0.000812s ]
SQL: SHOW COLUMNS FROM `log_article_visit` [ RunTime:0.0055s ]
SQL: SELECT * FROM `log_article_visit` WHERE `client_ip` = '192.168.1.6' AND `article_id` = 11 ORDER BY create_time desc LIMIT 1   [ RunTime:0.0376s ]

[ 2016-08-19T15:25:53+08:00 ] 192.168.1.6 /mlbspa/weixin/share/newsDetail.html?id=11&uid=11
INFO: [ app_init ] --START--
INFO: Run Behavior\BuildLiteBehavior [ RunTime:0.000018s ]
INFO: [ app_init ] --END-- [ RunTime:0.000566s ]
INFO: [ app_begin ] --START--
INFO: Run Behavior\ReadHtmlCacheBehavior [ RunTime:0.000643s ]
INFO: [ app_begin ] --END-- [ RunTime:0.000703s ]
SQL: SHOW COLUMNS FROM `log_article_visit` [ RunTime:0.0051s ]
SQL: SELECT * FROM `log_article_visit` WHERE `client_ip` = '192.168.1.6' AND `article_id` = 11 ORDER BY create_time desc LIMIT 1   [ RunTime:0.0004s ]

[ 2016-08-19T15:27:02+08:00 ] 192.168.1.6 /mlbspa/weixin/share/newsDetail.html?id=11&uid=11
INFO: [ app_init ] --START--
INFO: Run Behavior\BuildLiteBehavior [ RunTime:0.000019s ]
INFO: [ app_init ] --END-- [ RunTime:0.000647s ]
INFO: [ app_begin ] --START--
INFO: Run Behavior\ReadHtmlCacheBehavior [ RunTime:0.001011s ]
INFO: [ app_begin ] --END-- [ RunTime:0.001100s ]
SQL: SHOW COLUMNS FROM `log_article_visit` [ RunTime:0.0049s ]
SQL: SELECT * FROM `log_article_visit` WHERE `client_ip` = '192.168.1.6' AND `article_id` = 11 ORDER BY create_time desc LIMIT 1   [ RunTime:0.0004s ]
SQL: INSERT INTO `log_article_visit` (`article_id`,`client_ip`,`create_time`) VALUES ('11','192.168.1.6','1471591622') [ RunTime:0.1185s ]

[ 2016-08-19T15:27:46+08:00 ] 192.168.1.6 /mlbspa/weixin/share/newsDetail.html?id=11&uid=11
INFO: [ app_init ] --START--
INFO: Run Behavior\BuildLiteBehavior [ RunTime:0.000018s ]
INFO: [ app_init ] --END-- [ RunTime:0.000538s ]
INFO: [ app_begin ] --START--
INFO: Run Behavior\ReadHtmlCacheBehavior [ RunTime:0.000631s ]
INFO: [ app_begin ] --END-- [ RunTime:0.000696s ]
SQL: SHOW COLUMNS FROM `log_article_visit` [ RunTime:0.0057s ]
SQL: SELECT * FROM `log_article_visit` WHERE `client_ip` = '192.168.1.6' AND `article_id` = 11 ORDER BY create_time desc LIMIT 1   [ RunTime:0.0004s ]
SQL: INSERT INTO `log_article_visit` (`article_id`,`client_ip`,`create_time`) VALUES ('11','192.168.1.6','1471591666') [ RunTime:0.1225s ]
SQL: SHOW COLUMNS FROM `members` [ RunTime:0.0598s ]
SQL: SHOW COLUMNS FROM `share_log` [ RunTime:0.0048s ]
SQL: SHOW COLUMNS FROM `sharearticle` [ RunTime:0.0708s ]
NOTIC: [8] Undefined variable: article_id D:\Develop\WWW\mlbspa\weixin\Application\Home\Controller\ShareController.class.php 第 81 行.
ERR: SQLSTATE[42000]: Syntax error or access violation: 1064 You have an error in your SQL syntax; check the manual that corresponds to your MySQL server version for the right syntax to use near ') LIMIT 1' at line 1

[ 2016-08-19T15:27:56+08:00 ] 192.168.1.6 /mlbspa/weixin/share/newsDetail.html?id=11&uid=11
INFO: [ app_init ] --START--
INFO: Run Behavior\BuildLiteBehavior [ RunTime:0.000017s ]
INFO: [ app_init ] --END-- [ RunTime:0.000572s ]
INFO: [ app_begin ] --START--
INFO: Run Behavior\ReadHtmlCacheBehavior [ RunTime:0.000686s ]
INFO: [ app_begin ] --END-- [ RunTime:0.000765s ]
SQL: SHOW COLUMNS FROM `log_article_visit` [ RunTime:0.0046s ]
SQL: SELECT * FROM `log_article_visit` WHERE `client_ip` = '192.168.1.6' AND `article_id` = 11 ORDER BY create_time desc LIMIT 1   [ RunTime:0.0004s ]
SQL: SHOW COLUMNS FROM `wechat_conf` [ RunTime:0.0052s ]
SQL: SELECT * FROM `wechat_conf` WHERE `sign` = 'jsapi_ticket' LIMIT 1   [ RunTime:0.0004s ]
SQL: SELECT * FROM `wechat_conf` WHERE `sign` = 'access_token' LIMIT 1   [ RunTime:0.0003s ]
SQL: UPDATE `wechat_conf` SET `sign`='access_token',`code`='PCjlNA5YAPVTYHiu2Xks0IqY_F5lD0cgEw24At5lvXf1XnresQRuCnMzp9s_xQDvAHPqKJGBsAdVyiOikMqEI-ouZyiAi04_vhDCWe9E_rQNP5PHChdSuK9etvqfmYAiLZXcCGAWKI',`expire_time`='1471598675' WHERE `sign` = 'access_token' [ RunTime:0.0614s ]
SQL: UPDATE `wechat_conf` SET `sign`='jsapi_ticket',`code`='kgt8ON7yVITDhtdwci0qecfxOG7uROZZrUGyXSVC2mlYEBv1GGmzVATc99vrkUPmObGestB2Ewkz_f2LBH_YHQ',`expire_time`='1471598676' WHERE `sign` = 'jsapi_ticket' [ RunTime:0.0621s ]
INFO: [ view_parse ] --START--
INFO: [ template_filter ] --START--
INFO: Run Behavior\ContentReplaceBehavior [ RunTime:0.000064s ]
INFO: [ template_filter ] --END-- [ RunTime:0.000127s ]
INFO: Run Behavior\ParseTemplateBehavior [ RunTime:0.053682s ]
INFO: [ view_parse ] --END-- [ RunTime:0.053769s ]
INFO: [ view_filter ] --START--
INFO: Run Behavior\WriteHtmlCacheBehavior [ RunTime:0.000508s ]
INFO: [ view_filter ] --END-- [ RunTime:0.000556s ]
INFO: [ app_end ] --START--
INFO: Run Behavior\ShowPageTraceBehavior [ RunTime:0.000724s ]
INFO: [ app_end ] --END-- [ RunTime:0.000773s ]

[ 2016-08-19T15:28:16+08:00 ] 192.168.1.6 /mlbspa/weixin/share/newsDetail.html?id=11&uid=11
INFO: [ app_init ] --START--
INFO: Run Behavior\BuildLiteBehavior [ RunTime:0.000019s ]
INFO: [ app_init ] --END-- [ RunTime:0.000500s ]
INFO: [ app_begin ] --START--
INFO: Run Behavior\ReadHtmlCacheBehavior [ RunTime:0.000615s ]
INFO: [ app_begin ] --END-- [ RunTime:0.000674s ]
SQL: SHOW COLUMNS FROM `log_article_visit` [ RunTime:0.0045s ]
SQL: SELECT * FROM `log_article_visit` WHERE `client_ip` = '192.168.1.6' AND `article_id` = 11 ORDER BY create_time desc LIMIT 1   [ RunTime:0.0004s ]
SQL: INSERT INTO `log_article_visit` (`article_id`,`client_ip`,`create_time`) VALUES ('11','192.168.1.6','1471591696') [ RunTime:0.1179s ]
SQL: SHOW COLUMNS FROM `members` [ RunTime:0.0044s ]
SQL: SHOW COLUMNS FROM `share_log` [ RunTime:0.0044s ]
SQL: SHOW COLUMNS FROM `sharearticle` [ RunTime:0.0059s ]
NOTIC: [8] Undefined variable: article_id D:\Develop\WWW\mlbspa\weixin\Application\Home\Controller\ShareController.class.php 第 81 行.
ERR: SQLSTATE[42000]: Syntax error or access violation: 1064 You have an error in your SQL syntax; check the manual that corresponds to your MySQL server version for the right syntax to use near ') LIMIT 1' at line 1

[ 2016-08-19T15:29:33+08:00 ] 192.168.1.6 /mlbspa/weixin/share/newsDetail.html?id=11&uid=11
INFO: [ app_init ] --START--
INFO: Run Behavior\BuildLiteBehavior [ RunTime:0.000017s ]
INFO: [ app_init ] --END-- [ RunTime:0.000585s ]
INFO: [ app_begin ] --START--
INFO: Run Behavior\ReadHtmlCacheBehavior [ RunTime:0.000600s ]
INFO: [ app_begin ] --END-- [ RunTime:0.000661s ]
SQL: SHOW COLUMNS FROM `log_article_visit` [ RunTime:0.0045s ]
SQL: SELECT * FROM `log_article_visit` WHERE `client_ip` = '192.168.1.6' AND `article_id` = 11 ORDER BY create_time desc LIMIT 1   [ RunTime:0.0004s ]
SQL: SHOW COLUMNS FROM `wechat_conf` [ RunTime:0.0042s ]
SQL: SELECT * FROM `wechat_conf` WHERE `sign` = 'jsapi_ticket' LIMIT 1   [ RunTime:0.0003s ]
INFO: [ view_parse ] --START--
INFO: [ template_filter ] --START--
INFO: Run Behavior\ContentReplaceBehavior [ RunTime:0.000062s ]
INFO: [ template_filter ] --END-- [ RunTime:0.000115s ]
INFO: Run Behavior\ParseTemplateBehavior [ RunTime:0.008666s ]
INFO: [ view_parse ] --END-- [ RunTime:0.008752s ]
INFO: [ view_filter ] --START--
INFO: Run Behavior\WriteHtmlCacheBehavior [ RunTime:0.000600s ]
INFO: [ view_filter ] --END-- [ RunTime:0.000653s ]
INFO: [ app_end ] --START--
INFO: Run Behavior\ShowPageTraceBehavior [ RunTime:0.000779s ]
INFO: [ app_end ] --END-- [ RunTime:0.000826s ]

[ 2016-08-19T15:29:45+08:00 ] 192.168.1.6 /mlbspa/weixin/share/newsDetail.html?id=11&uid=11
INFO: [ app_init ] --START--
INFO: Run Behavior\BuildLiteBehavior [ RunTime:0.000020s ]
INFO: [ app_init ] --END-- [ RunTime:0.000536s ]
INFO: [ app_begin ] --START--
INFO: Run Behavior\ReadHtmlCacheBehavior [ RunTime:0.000638s ]
INFO: [ app_begin ] --END-- [ RunTime:0.000706s ]
SQL: SHOW COLUMNS FROM `log_article_visit` [ RunTime:0.0051s ]
SQL: SELECT * FROM `log_article_visit` WHERE `client_ip` = '192.168.1.6' AND `article_id` = 11 ORDER BY create_time desc LIMIT 1   [ RunTime:0.0004s ]
SQL: INSERT INTO `log_article_visit` (`article_id`,`client_ip`,`create_time`) VALUES ('11','192.168.1.6','1471591785') [ RunTime:0.1001s ]
SQL: SHOW COLUMNS FROM `members` [ RunTime:0.0046s ]
SQL: SHOW COLUMNS FROM `share_log` [ RunTime:0.0047s ]
SQL: SHOW COLUMNS FROM `sharearticle` [ RunTime:0.0047s ]
NOTIC: [8] Undefined variable: article_id D:\Develop\WWW\mlbspa\weixin\Application\Home\Controller\ShareController.class.php 第 80 行.
ERR: SQLSTATE[42000]: Syntax error or access violation: 1064 You have an error in your SQL syntax; check the manual that corresponds to your MySQL server version for the right syntax to use near ') LIMIT 1' at line 1

[ 2016-08-19T15:30:44+08:00 ] 192.168.1.6 /mlbspa/weixin/share/newsDetail.html?id=11&uid=11
INFO: [ app_init ] --START--
INFO: Run Behavior\BuildLiteBehavior [ RunTime:0.000019s ]
INFO: [ app_init ] --END-- [ RunTime:0.000570s ]
INFO: [ app_begin ] --START--
INFO: Run Behavior\ReadHtmlCacheBehavior [ RunTime:0.000740s ]
INFO: [ app_begin ] --END-- [ RunTime:0.000798s ]
SQL: SHOW COLUMNS FROM `log_article_visit` [ RunTime:0.0046s ]
SQL: SELECT * FROM `log_article_visit` WHERE `client_ip` = '192.168.1.6' AND `article_id` = 11 ORDER BY create_time desc LIMIT 1   [ RunTime:0.0004s ]
SQL: INSERT INTO `log_article_visit` (`article_id`,`client_ip`,`create_time`) VALUES ('11','192.168.1.6','1471591844') [ RunTime:0.1296s ]
SQL: SHOW COLUMNS FROM `members` [ RunTime:0.0049s ]
SQL: SHOW COLUMNS FROM `share_log` [ RunTime:0.0048s ]
SQL: SHOW COLUMNS FROM `sharearticle` [ RunTime:0.0044s ]
SQL: SELECT * FROM `sharearticle` WHERE ( article_id=11 ) LIMIT 1   [ RunTime:0.0004s ]

[ 2016-08-19T15:32:06+08:00 ] 192.168.1.6 /mlbspa/weixin/share/newsDetail.html?id=11&uid=11
INFO: [ app_init ] --START--
INFO: Run Behavior\BuildLiteBehavior [ RunTime:0.000018s ]
INFO: [ app_init ] --END-- [ RunTime:0.000525s ]
INFO: [ app_begin ] --START--
INFO: Run Behavior\ReadHtmlCacheBehavior [ RunTime:0.000789s ]
INFO: [ app_begin ] --END-- [ RunTime:0.000862s ]
SQL: SHOW COLUMNS FROM `log_article_visit` [ RunTime:0.0048s ]
SQL: SELECT * FROM `log_article_visit` WHERE `client_ip` = '192.168.1.6' AND `article_id` = 11 ORDER BY create_time desc LIMIT 1   [ RunTime:0.0004s ]
SQL: INSERT INTO `log_article_visit` (`article_id`,`client_ip`,`create_time`) VALUES ('11','192.168.1.6','1471591926') [ RunTime:0.1046s ]
SQL: SHOW COLUMNS FROM `members` [ RunTime:0.0048s ]
SQL: SHOW COLUMNS FROM `share_log` [ RunTime:0.0051s ]
SQL: SHOW COLUMNS FROM `sharearticle` [ RunTime:0.0048s ]
SQL: SELECT * FROM `sharearticle` WHERE ( article_id=11 ) LIMIT 1   [ RunTime:0.0004s ]

[ 2016-08-19T15:33:20+08:00 ] 192.168.1.6 /mlbspa/weixin/share/newsDetail.html?id=11&uid=11
INFO: [ app_init ] --START--
INFO: Run Behavior\BuildLiteBehavior [ RunTime:0.000022s ]
INFO: [ app_init ] --END-- [ RunTime:0.000690s ]
INFO: [ app_begin ] --START--
INFO: Run Behavior\ReadHtmlCacheBehavior [ RunTime:0.001006s ]
INFO: [ app_begin ] --END-- [ RunTime:0.001111s ]
SQL: SHOW COLUMNS FROM `log_article_visit` [ RunTime:0.0047s ]
SQL: SELECT * FROM `log_article_visit` WHERE `client_ip` = '192.168.1.6' AND `article_id` = 11 ORDER BY create_time desc LIMIT 1   [ RunTime:0.0004s ]
SQL: INSERT INTO `log_article_visit` (`article_id`,`client_ip`,`create_time`) VALUES ('11','192.168.1.6','1471592000') [ RunTime:0.1027s ]
SQL: SHOW COLUMNS FROM `members` [ RunTime:0.0057s ]
SQL: SHOW COLUMNS FROM `sharearticle` [ RunTime:0.0047s ]
SQL: SELECT * FROM `sharearticle` WHERE ( article_id=11 ) LIMIT 1   [ RunTime:0.0004s ]
SQL: UPDATE `members` SET `sharepoint`=sharepoint+10 WHERE ( user_id=11 ) [ RunTime:0.1453s ]
SQL: UPDATE `members` SET `total_sharepoint`=total_sharepoint+10 WHERE ( user_id=11 ) [ RunTime:0.0641s ]
SQL: SHOW COLUMNS FROM `share_log` [ RunTime:0.0048s ]
SQL: INSERT INTO `share_log` (`article_id`,`user_id`,`create_time`,`client_ip`,`point`,`log_info`) VALUES ('11','11','1471592000','192.168.1.6','10','分享文章好友浏览增加10积分') [ RunTime:0.0899s ]
SQL: SHOW COLUMNS FROM `wechat_conf` [ RunTime:0.0040s ]
SQL: SELECT * FROM `wechat_conf` WHERE `sign` = 'jsapi_ticket' LIMIT 1   [ RunTime:0.0003s ]
INFO: [ view_parse ] --START--
INFO: [ template_filter ] --START--
INFO: Run Behavior\ContentReplaceBehavior [ RunTime:0.000063s ]
INFO: [ template_filter ] --END-- [ RunTime:0.000124s ]
INFO: Run Behavior\ParseTemplateBehavior [ RunTime:0.008762s ]
INFO: [ view_parse ] --END-- [ RunTime:0.008823s ]
INFO: [ view_filter ] --START--
INFO: Run Behavior\WriteHtmlCacheBehavior [ RunTime:0.000529s ]
INFO: [ view_filter ] --END-- [ RunTime:0.000577s ]
INFO: [ app_end ] --START--
INFO: Run Behavior\ShowPageTraceBehavior [ RunTime:0.000762s ]
INFO: [ app_end ] --END-- [ RunTime:0.000814s ]

[ 2016-08-19T15:33:32+08:00 ] 192.168.1.6 /mlbspa/weixin/share/newsDetail.html?id=11&uid=11
INFO: [ app_init ] --START--
INFO: Run Behavior\BuildLiteBehavior [ RunTime:0.000020s ]
INFO: [ app_init ] --END-- [ RunTime:0.000684s ]
INFO: [ app_begin ] --START--
INFO: Run Behavior\ReadHtmlCacheBehavior [ RunTime:0.000610s ]
INFO: [ app_begin ] --END-- [ RunTime:0.000669s ]
SQL: SHOW COLUMNS FROM `log_article_visit` [ RunTime:0.0044s ]
SQL: SELECT * FROM `log_article_visit` WHERE `client_ip` = '192.168.1.6' AND `article_id` = 11 ORDER BY create_time desc LIMIT 1   [ RunTime:0.0004s ]
SQL: SHOW COLUMNS FROM `wechat_conf` [ RunTime:0.0042s ]
SQL: SELECT * FROM `wechat_conf` WHERE `sign` = 'jsapi_ticket' LIMIT 1   [ RunTime:0.0003s ]
INFO: [ view_parse ] --START--
INFO: [ template_filter ] --START--
INFO: Run Behavior\ContentReplaceBehavior [ RunTime:0.000061s ]
INFO: [ template_filter ] --END-- [ RunTime:0.000113s ]
INFO: Run Behavior\ParseTemplateBehavior [ RunTime:0.007580s ]
INFO: [ view_parse ] --END-- [ RunTime:0.007669s ]
INFO: [ view_filter ] --START--
INFO: Run Behavior\WriteHtmlCacheBehavior [ RunTime:0.000464s ]
INFO: [ view_filter ] --END-- [ RunTime:0.000510s ]
INFO: [ app_end ] --START--
INFO: Run Behavior\ShowPageTraceBehavior [ RunTime:0.000699s ]
INFO: [ app_end ] --END-- [ RunTime:0.000748s ]

[ 2016-08-19T17:24:32+08:00 ] 192.168.1.6 /mlbspa/weixin/share/newsDetail.html?id=11&uid=11
INFO: [ app_init ] --START--
INFO: Run Behavior\BuildLiteBehavior [ RunTime:0.000018s ]
INFO: [ app_init ] --END-- [ RunTime:0.000676s ]
INFO: [ app_begin ] --START--
INFO: Run Behavior\ReadHtmlCacheBehavior [ RunTime:0.000826s ]
INFO: [ app_begin ] --END-- [ RunTime:0.000892s ]
SQL: SHOW COLUMNS FROM `log_article_visit` [ RunTime:0.0054s ]
SQL: SELECT * FROM `log_article_visit` WHERE `client_ip` = '192.168.1.6' AND `article_id` = 11 ORDER BY create_time desc LIMIT 1   [ RunTime:0.0005s ]
SQL: SHOW COLUMNS FROM `wechat_conf` [ RunTime:0.0041s ]
SQL: SELECT * FROM `wechat_conf` WHERE `sign` = 'jsapi_ticket' LIMIT 1   [ RunTime:0.0004s ]
INFO: [ view_parse ] --START--
INFO: [ template_filter ] --START--
INFO: Run Behavior\ContentReplaceBehavior [ RunTime:0.000067s ]
INFO: [ template_filter ] --END-- [ RunTime:0.000148s ]
INFO: Run Behavior\ParseTemplateBehavior [ RunTime:0.008586s ]
INFO: [ view_parse ] --END-- [ RunTime:0.008666s ]
INFO: [ view_filter ] --START--
INFO: Run Behavior\WriteHtmlCacheBehavior [ RunTime:0.000580s ]
INFO: [ view_filter ] --END-- [ RunTime:0.000631s ]
INFO: [ app_end ] --START--
INFO: Run Behavior\ShowPageTraceBehavior [ RunTime:0.000773s ]
INFO: [ app_end ] --END-- [ RunTime:0.000821s ]

[ 2016-08-19T17:24:35+08:00 ] 192.168.1.6 /mlbspa/weixin/share/newsDetail.html?id=11
INFO: [ app_init ] --START--
INFO: Run Behavior\BuildLiteBehavior [ RunTime:0.000017s ]
INFO: [ app_init ] --END-- [ RunTime:0.000518s ]
INFO: [ app_begin ] --START--
INFO: Run Behavior\ReadHtmlCacheBehavior [ RunTime:0.000648s ]
INFO: [ app_begin ] --END-- [ RunTime:0.000722s ]
SQL: SHOW COLUMNS FROM `wechat_conf` [ RunTime:0.0054s ]
SQL: SELECT * FROM `wechat_conf` WHERE `sign` = 'jsapi_ticket' LIMIT 1   [ RunTime:0.0004s ]
INFO: [ view_parse ] --START--
INFO: [ template_filter ] --START--
INFO: Run Behavior\ContentReplaceBehavior [ RunTime:0.000062s ]
INFO: [ template_filter ] --END-- [ RunTime:0.000116s ]
INFO: Run Behavior\ParseTemplateBehavior [ RunTime:0.007725s ]
INFO: [ view_parse ] --END-- [ RunTime:0.007803s ]
INFO: [ view_filter ] --START--
INFO: Run Behavior\WriteHtmlCacheBehavior [ RunTime:0.000497s ]
INFO: [ view_filter ] --END-- [ RunTime:0.000560s ]
INFO: [ app_end ] --START--
INFO: Run Behavior\ShowPageTraceBehavior [ RunTime:0.000798s ]
INFO: [ app_end ] --END-- [ RunTime:0.000853s ]

[ 2016-08-19T17:24:39+08:00 ] 192.168.1.6 /mlbspa/weixin/share/newsDetail.html?id=3
INFO: [ app_init ] --START--
INFO: Run Behavior\BuildLiteBehavior [ RunTime:0.000017s ]
INFO: [ app_init ] --END-- [ RunTime:0.000554s ]
INFO: [ app_begin ] --START--
INFO: Run Behavior\ReadHtmlCacheBehavior [ RunTime:0.000659s ]
INFO: [ app_begin ] --END-- [ RunTime:0.000733s ]
SQL: SHOW COLUMNS FROM `wechat_conf` [ RunTime:0.0046s ]
SQL: SELECT * FROM `wechat_conf` WHERE `sign` = 'jsapi_ticket' LIMIT 1   [ RunTime:0.0004s ]
SQL: SELECT * FROM `wechat_conf` WHERE `sign` = 'access_token' LIMIT 1   [ RunTime:0.0003s ]
SQL: UPDATE `wechat_conf` SET `sign`='access_token',`code`='sSxyq8givl3qGrTBpFvUtKRouerBpsj52eMRrOGjtPQfwonk3BqHW9eNy_fzW7bTzdN-gTj-GmEE6sbI_iRIUbcrBWHF_4K46l9GsfWNDBAQVObABAZEX',`expire_time`='1471605678' WHERE `sign` = 'access_token' [ RunTime:0.0610s ]
SQL: UPDATE `wechat_conf` SET `sign`='jsapi_ticket',`code`='bxLdikRXVbTPdHSM05e5u_SCLCmXkymv7XVrNosIV_hu5Bf2weqM1iF8f6fMeCtsngzTj54JpEF26TNYlsXgNg',`expire_time`='1471605678' WHERE `sign` = 'jsapi_ticket' [ RunTime:0.0648s ]
INFO: [ view_parse ] --START--
INFO: [ template_filter ] --START--
INFO: Run Behavior\ContentReplaceBehavior [ RunTime:0.000061s ]
INFO: [ template_filter ] --END-- [ RunTime:0.000121s ]
INFO: Run Behavior\ParseTemplateBehavior [ RunTime:0.008645s ]
INFO: [ view_parse ] --END-- [ RunTime:0.008721s ]
INFO: [ view_filter ] --START--
INFO: Run Behavior\WriteHtmlCacheBehavior [ RunTime:0.000663s ]
INFO: [ view_filter ] --END-- [ RunTime:0.000715s ]
INFO: [ app_end ] --START--
INFO: Run Behavior\ShowPageTraceBehavior [ RunTime:0.000980s ]
INFO: [ app_end ] --END-- [ RunTime:0.001036s ]

[ 2016-08-19T17:24:42+08:00 ] 192.168.1.6 /mlbspa/weixin/share/newsDetail.html?id=19
INFO: [ app_init ] --START--
INFO: Run Behavior\BuildLiteBehavior [ RunTime:0.000018s ]
INFO: [ app_init ] --END-- [ RunTime:0.000513s ]
INFO: [ app_begin ] --START--
INFO: Run Behavior\ReadHtmlCacheBehavior [ RunTime:0.000624s ]
INFO: [ app_begin ] --END-- [ RunTime:0.000695s ]
SQL: SHOW COLUMNS FROM `wechat_conf` [ RunTime:0.0047s ]
SQL: SELECT * FROM `wechat_conf` WHERE `sign` = 'jsapi_ticket' LIMIT 1   [ RunTime:0.0004s ]
INFO: [ view_parse ] --START--
INFO: [ template_filter ] --START--
INFO: Run Behavior\ContentReplaceBehavior [ RunTime:0.000077s ]
INFO: [ template_filter ] --END-- [ RunTime:0.000156s ]
INFO: Run Behavior\ParseTemplateBehavior [ RunTime:0.008612s ]
INFO: [ view_parse ] --END-- [ RunTime:0.008693s ]
INFO: [ view_filter ] --START--
INFO: Run Behavior\WriteHtmlCacheBehavior [ RunTime:0.000557s ]
INFO: [ view_filter ] --END-- [ RunTime:0.000603s ]
INFO: [ app_end ] --START--
INFO: Run Behavior\ShowPageTraceBehavior [ RunTime:0.000766s ]
INFO: [ app_end ] --END-- [ RunTime:0.000815s ]

[ 2016-08-19T18:21:03+08:00 ] 192.168.1.6 /mlbspa/weixin/share/newsDetail.html?id=11
INFO: [ app_init ] --START--
INFO: Run Behavior\BuildLiteBehavior [ RunTime:0.000017s ]
INFO: [ app_init ] --END-- [ RunTime:0.000557s ]
INFO: [ app_begin ] --START--
INFO: Run Behavior\ReadHtmlCacheBehavior [ RunTime:0.001256s ]
INFO: [ app_begin ] --END-- [ RunTime:0.001370s ]
SQL: SHOW COLUMNS FROM `wechat_conf` [ RunTime:0.0046s ]
SQL: SELECT * FROM `wechat_conf` WHERE `sign` = 'jsapi_ticket' LIMIT 1   [ RunTime:0.0004s ]
INFO: [ view_parse ] --START--
INFO: [ template_filter ] --START--
INFO: Run Behavior\ContentReplaceBehavior [ RunTime:0.000099s ]
INFO: [ template_filter ] --END-- [ RunTime:0.000189s ]
INFO: Run Behavior\ParseTemplateBehavior [ RunTime:0.010585s ]
INFO: [ view_parse ] --END-- [ RunTime:0.010684s ]
INFO: [ view_filter ] --START--
INFO: Run Behavior\WriteHtmlCacheBehavior [ RunTime:0.000853s ]
INFO: [ view_filter ] --END-- [ RunTime:0.000946s ]
INFO: [ app_end ] --START--
INFO: Run Behavior\ShowPageTraceBehavior [ RunTime:0.000887s ]
INFO: [ app_end ] --END-- [ RunTime:0.000955s ]

