[ 2016-04-14T10:50:17+08:00 ] 127.0.0.1 /mlbspa/weixin/index/register
INFO: [ app_init ] --START--
INFO: Run Behavior\BuildLiteBehavior [ RunTime:0.000024s ]
INFO: [ app_init ] --END-- [ RunTime:0.001081s ]
INFO: [ app_begin ] --START--
INFO: Run Behavior\ReadHtmlCacheBehavior [ RunTime:0.001301s ]
INFO: [ app_begin ] --END-- [ RunTime:0.001369s ]
INFO: [ view_parse ] --START--
INFO: [ template_filter ] --START--
INFO: Run Behavior\ContentReplaceBehavior [ RunTime:0.000123s ]
INFO: [ template_filter ] --END-- [ RunTime:0.000214s ]
INFO: Run Behavior\ParseTemplateBehavior [ RunTime:0.014982s ]
INFO: [ view_parse ] --END-- [ RunTime:0.015075s ]
INFO: [ view_filter ] --START--
INFO: Run Behavior\WriteHtmlCacheBehavior [ RunTime:0.000968s ]
INFO: [ view_filter ] --END-- [ RunTime:0.001019s ]
INFO: [ app_end ] --START--
INFO: Run Behavior\ShowPageTraceBehavior [ RunTime:0.001153s ]
INFO: [ app_end ] --END-- [ RunTime:0.001201s ]

[ 2016-04-14T10:50:25+08:00 ] 127.0.0.1 /mlbspa/weixin/index/register
INFO: [ app_init ] --START--
INFO: Run Behavior\BuildLiteBehavior [ RunTime:0.000018s ]
INFO: [ app_init ] --END-- [ RunTime:0.001116s ]
INFO: [ app_begin ] --START--
INFO: Run Behavior\ReadHtmlCacheBehavior [ RunTime:0.001323s ]
INFO: [ app_begin ] --END-- [ RunTime:0.001399s ]
INFO: [ view_parse ] --START--
INFO: [ template_filter ] --START--
INFO: Run Behavior\ContentReplaceBehavior [ RunTime:0.000057s ]
INFO: [ template_filter ] --END-- [ RunTime:0.000123s ]
INFO: Run Behavior\ParseTemplateBehavior [ RunTime:0.010565s ]
INFO: [ view_parse ] --END-- [ RunTime:0.010641s ]
INFO: [ view_filter ] --START--
INFO: Run Behavior\WriteHtmlCacheBehavior [ RunTime:0.001033s ]
INFO: [ view_filter ] --END-- [ RunTime:0.001085s ]
INFO: [ app_end ] --START--
INFO: Run Behavior\ShowPageTraceBehavior [ RunTime:0.001257s ]
INFO: [ app_end ] --END-- [ RunTime:0.001311s ]

[ 2016-04-14T10:50:37+08:00 ] 127.0.0.1 /mlbspa/weixin/index/article
INFO: [ app_init ] --START--
INFO: Run Behavior\BuildLiteBehavior [ RunTime:0.000019s ]
INFO: [ app_init ] --END-- [ RunTime:0.001014s ]
INFO: [ app_begin ] --START--
INFO: Run Behavior\ReadHtmlCacheBehavior [ RunTime:0.001405s ]
INFO: [ app_begin ] --END-- [ RunTime:0.001491s ]
INFO: [ view_parse ] --START--
INFO: [ template_filter ] --START--
INFO: Run Behavior\ContentReplaceBehavior [ RunTime:0.000049s ]
INFO: [ template_filter ] --END-- [ RunTime:0.000133s ]
INFO: Run Behavior\ParseTemplateBehavior [ RunTime:0.012637s ]
INFO: [ view_parse ] --END-- [ RunTime:0.012714s ]
INFO: [ view_filter ] --START--
INFO: Run Behavior\WriteHtmlCacheBehavior [ RunTime:0.001324s ]
INFO: [ view_filter ] --END-- [ RunTime:0.001374s ]
INFO: [ app_end ] --START--
INFO: Run Behavior\ShowPageTraceBehavior [ RunTime:0.001460s ]
INFO: [ app_end ] --END-- [ RunTime:0.001515s ]

[ 2016-04-14T10:51:34+08:00 ] 127.0.0.1 /mlbspa/weixin/index/article
INFO: [ app_init ] --START--
INFO: Run Behavior\BuildLiteBehavior [ RunTime:0.000018s ]
INFO: [ app_init ] --END-- [ RunTime:0.000860s ]
INFO: [ app_begin ] --START--
INFO: Run Behavior\ReadHtmlCacheBehavior [ RunTime:0.000978s ]
INFO: [ app_begin ] --END-- [ RunTime:0.001057s ]
INFO: [ app_end ] --START--
INFO: Run Behavior\ShowPageTraceBehavior [ RunTime:0.001317s ]
INFO: [ app_end ] --END-- [ RunTime:0.001417s ]

[ 2016-04-14T10:51:40+08:00 ] 127.0.0.1 /mlbspa/weixin/index/article/id
INFO: [ app_init ] --START--
INFO: Run Behavior\BuildLiteBehavior [ RunTime:0.000015s ]
INFO: [ app_init ] --END-- [ RunTime:0.000875s ]
INFO: [ app_begin ] --START--
INFO: Run Behavior\ReadHtmlCacheBehavior [ RunTime:0.001328s ]
INFO: [ app_begin ] --END-- [ RunTime:0.001403s ]
INFO: [ app_end ] --START--
INFO: Run Behavior\ShowPageTraceBehavior [ RunTime:0.001141s ]
INFO: [ app_end ] --END-- [ RunTime:0.001206s ]

[ 2016-04-14T10:51:43+08:00 ] 127.0.0.1 /mlbspa/weixin/index/article/id/2
INFO: [ app_init ] --START--
INFO: Run Behavior\BuildLiteBehavior [ RunTime:0.000024s ]
INFO: [ app_init ] --END-- [ RunTime:0.001097s ]
INFO: [ app_begin ] --START--
INFO: Run Behavior\ReadHtmlCacheBehavior [ RunTime:0.001011s ]
INFO: [ app_begin ] --END-- [ RunTime:0.001087s ]
INFO: [ app_end ] --START--
INFO: Run Behavior\ShowPageTraceBehavior [ RunTime:0.001014s ]
INFO: [ app_end ] --END-- [ RunTime:0.001081s ]

[ 2016-04-14T10:53:27+08:00 ] 127.0.0.1 /mlbspa/weixin/index/article/id/2
INFO: [ app_init ] --START--
INFO: Run Behavior\BuildLiteBehavior [ RunTime:0.000027s ]
INFO: [ app_init ] --END-- [ RunTime:0.001083s ]
INFO: [ app_begin ] --START--
INFO: Run Behavior\ReadHtmlCacheBehavior [ RunTime:0.001352s ]
INFO: [ app_begin ] --END-- [ RunTime:0.001434s ]
INFO: [ view_parse ] --START--
INFO: [ template_filter ] --START--
INFO: Run Behavior\ContentReplaceBehavior [ RunTime:0.000043s ]
INFO: [ template_filter ] --END-- [ RunTime:0.000139s ]
INFO: Run Behavior\ParseTemplateBehavior [ RunTime:0.011256s ]
INFO: [ view_parse ] --END-- [ RunTime:0.011362s ]
INFO: [ view_filter ] --START--
INFO: Run Behavior\WriteHtmlCacheBehavior [ RunTime:0.000970s ]
INFO: [ view_filter ] --END-- [ RunTime:0.001020s ]
INFO: [ app_end ] --START--
INFO: Run Behavior\ShowPageTraceBehavior [ RunTime:0.001213s ]
INFO: [ app_end ] --END-- [ RunTime:0.001264s ]

[ 2016-04-14T10:53:29+08:00 ] 127.0.0.1 /mlbspa/weixin/index/article/id/2
INFO: [ app_init ] --START--
INFO: Run Behavior\BuildLiteBehavior [ RunTime:0.000023s ]
INFO: [ app_init ] --END-- [ RunTime:0.000942s ]
INFO: [ app_begin ] --START--
INFO: Run Behavior\ReadHtmlCacheBehavior [ RunTime:0.001162s ]
INFO: [ app_begin ] --END-- [ RunTime:0.001259s ]
INFO: [ view_parse ] --START--
INFO: [ template_filter ] --START--
INFO: Run Behavior\ContentReplaceBehavior [ RunTime:0.000037s ]
INFO: [ template_filter ] --END-- [ RunTime:0.000102s ]
INFO: Run Behavior\ParseTemplateBehavior [ RunTime:0.009494s ]
INFO: [ view_parse ] --END-- [ RunTime:0.009566s ]
INFO: [ view_filter ] --START--
INFO: Run Behavior\WriteHtmlCacheBehavior [ RunTime:0.001065s ]
INFO: [ view_filter ] --END-- [ RunTime:0.001115s ]
INFO: [ app_end ] --START--
INFO: Run Behavior\ShowPageTraceBehavior [ RunTime:0.001158s ]
INFO: [ app_end ] --END-- [ RunTime:0.001220s ]

[ 2016-04-14T10:54:35+08:00 ] 127.0.0.1 /mlbspa/weixin/index/article/id/2
INFO: [ app_init ] --START--
INFO: Run Behavior\BuildLiteBehavior [ RunTime:0.000019s ]
INFO: [ app_init ] --END-- [ RunTime:0.001163s ]
INFO: [ app_begin ] --START--
INFO: Run Behavior\ReadHtmlCacheBehavior [ RunTime:0.000946s ]
INFO: [ app_begin ] --END-- [ RunTime:0.001013s ]
INFO: [ view_parse ] --START--
INFO: [ template_filter ] --START--
INFO: Run Behavior\ContentReplaceBehavior [ RunTime:0.000056s ]
INFO: [ template_filter ] --END-- [ RunTime:0.000118s ]
NOTIC: [8] Undefined variable: user_id D:\Develop\WWW\mlbspa\weixin\Application\Runtime\Cache\Home\71cb999119d0d852a8331d95e1109ea9.php 第 53 行.
INFO: Run Behavior\ParseTemplateBehavior [ RunTime:0.008833s ]
INFO: [ view_parse ] --END-- [ RunTime:0.008912s ]
INFO: [ view_filter ] --START--
INFO: Run Behavior\WriteHtmlCacheBehavior [ RunTime:0.001015s ]
INFO: [ view_filter ] --END-- [ RunTime:0.001083s ]
INFO: [ app_end ] --START--
INFO: Run Behavior\ShowPageTraceBehavior [ RunTime:0.000906s ]
INFO: [ app_end ] --END-- [ RunTime:0.000968s ]

[ 2016-04-14T10:55:16+08:00 ] 127.0.0.1 /mlbspa/weixin/index/article/id/2
INFO: [ app_init ] --START--
INFO: Run Behavior\BuildLiteBehavior [ RunTime:0.000020s ]
INFO: [ app_init ] --END-- [ RunTime:0.001010s ]
INFO: [ app_begin ] --START--
INFO: Run Behavior\ReadHtmlCacheBehavior [ RunTime:0.001415s ]
INFO: [ app_begin ] --END-- [ RunTime:0.001487s ]
INFO: [ view_parse ] --START--
INFO: [ template_filter ] --START--
INFO: Run Behavior\ContentReplaceBehavior [ RunTime:0.000043s ]
INFO: [ template_filter ] --END-- [ RunTime:0.000108s ]
NOTIC: [8] Undefined variable: user_id D:\Develop\WWW\mlbspa\weixin\Application\Runtime\Cache\Home\71cb999119d0d852a8331d95e1109ea9.php 第 31 行.
INFO: Run Behavior\ParseTemplateBehavior [ RunTime:0.010164s ]
INFO: [ view_parse ] --END-- [ RunTime:0.010225s ]
INFO: [ view_filter ] --START--
INFO: Run Behavior\WriteHtmlCacheBehavior [ RunTime:0.000926s ]
INFO: [ view_filter ] --END-- [ RunTime:0.000971s ]
INFO: [ app_end ] --START--
INFO: Run Behavior\ShowPageTraceBehavior [ RunTime:0.001115s ]
INFO: [ app_end ] --END-- [ RunTime:0.001163s ]

[ 2016-04-14T10:55:43+08:00 ] 127.0.0.1 /mlbspa/weixin/index/article/id/2
INFO: [ app_init ] --START--
INFO: Run Behavior\BuildLiteBehavior [ RunTime:0.000019s ]
INFO: [ app_init ] --END-- [ RunTime:0.000969s ]
INFO: [ app_begin ] --START--
INFO: Run Behavior\ReadHtmlCacheBehavior [ RunTime:0.001821s ]
INFO: [ app_begin ] --END-- [ RunTime:0.001911s ]
INFO: [ view_parse ] --START--
INFO: [ template_filter ] --START--
INFO: Run Behavior\ContentReplaceBehavior [ RunTime:0.000037s ]
INFO: [ template_filter ] --END-- [ RunTime:0.000104s ]
INFO: Run Behavior\ParseTemplateBehavior [ RunTime:0.009368s ]
INFO: [ view_parse ] --END-- [ RunTime:0.009449s ]
INFO: [ view_filter ] --START--
INFO: Run Behavior\WriteHtmlCacheBehavior [ RunTime:0.001550s ]
INFO: [ view_filter ] --END-- [ RunTime:0.001618s ]
INFO: [ app_end ] --START--
INFO: Run Behavior\ShowPageTraceBehavior [ RunTime:0.001442s ]
INFO: [ app_end ] --END-- [ RunTime:0.001504s ]

[ 2016-04-14T10:56:45+08:00 ] 127.0.0.1 /mlbspa/weixin/index/article/id/2
INFO: [ app_init ] --START--
INFO: Run Behavior\BuildLiteBehavior [ RunTime:0.000019s ]
INFO: [ app_init ] --END-- [ RunTime:0.000990s ]
INFO: [ app_begin ] --START--
INFO: Run Behavior\ReadHtmlCacheBehavior [ RunTime:0.001393s ]
INFO: [ app_begin ] --END-- [ RunTime:0.001472s ]
INFO: [ view_parse ] --START--
INFO: [ template_filter ] --START--
INFO: Run Behavior\ContentReplaceBehavior [ RunTime:0.000041s ]
INFO: [ template_filter ] --END-- [ RunTime:0.000109s ]
INFO: Run Behavior\ParseTemplateBehavior [ RunTime:1.127952s ]
INFO: [ view_parse ] --END-- [ RunTime:1.128090s ]
INFO: [ view_filter ] --START--
INFO: Run Behavior\WriteHtmlCacheBehavior [ RunTime:0.002895s ]
INFO: [ view_filter ] --END-- [ RunTime:0.003020s ]
INFO: [ app_end ] --START--
INFO: Run Behavior\ShowPageTraceBehavior [ RunTime:0.002553s ]
INFO: [ app_end ] --END-- [ RunTime:0.002675s ]

[ 2016-04-14T10:57:33+08:00 ] 127.0.0.1 /mlbspa/weixin/index/article/id/2
INFO: [ app_init ] --START--
INFO: Run Behavior\BuildLiteBehavior [ RunTime:0.000021s ]
INFO: [ app_init ] --END-- [ RunTime:0.001124s ]
INFO: [ app_begin ] --START--
INFO: Run Behavior\ReadHtmlCacheBehavior [ RunTime:0.001292s ]
INFO: [ app_begin ] --END-- [ RunTime:0.001353s ]
INFO: [ view_parse ] --START--
INFO: [ template_filter ] --START--
INFO: Run Behavior\ContentReplaceBehavior [ RunTime:0.000040s ]
INFO: [ template_filter ] --END-- [ RunTime:0.000106s ]
INFO: Run Behavior\ParseTemplateBehavior [ RunTime:0.009906s ]
INFO: [ view_parse ] --END-- [ RunTime:0.009983s ]
INFO: [ view_filter ] --START--
INFO: Run Behavior\WriteHtmlCacheBehavior [ RunTime:0.000915s ]
INFO: [ view_filter ] --END-- [ RunTime:0.000960s ]
INFO: [ app_end ] --START--
INFO: Run Behavior\ShowPageTraceBehavior [ RunTime:0.001118s ]
INFO: [ app_end ] --END-- [ RunTime:0.001167s ]

[ 2016-04-14T11:11:55+08:00 ] 127.0.0.1 /mlbspa/weixin/index/article/id/2
INFO: [ app_init ] --START--
INFO: Run Behavior\BuildLiteBehavior [ RunTime:0.000019s ]
INFO: [ app_init ] --END-- [ RunTime:0.000961s ]
INFO: [ app_begin ] --START--
INFO: Run Behavior\ReadHtmlCacheBehavior [ RunTime:0.001470s ]
INFO: [ app_begin ] --END-- [ RunTime:0.001547s ]
ERR: SQLSTATE[42S02]: Base table or view not found: 1146 Table 'meilianbang.share' doesn't exist

[ 2016-04-14T11:14:33+08:00 ] 127.0.0.1 /mlbspa/weixin/index/article/id/2
INFO: [ app_init ] --START--
INFO: Run Behavior\BuildLiteBehavior [ RunTime:0.000018s ]
INFO: [ app_init ] --END-- [ RunTime:0.000947s ]
INFO: [ app_begin ] --START--
INFO: Run Behavior\ReadHtmlCacheBehavior [ RunTime:0.001439s ]
INFO: [ app_begin ] --END-- [ RunTime:0.001512s ]
ERR: SQLSTATE[HY000] [1044] Access denied for user ''@'localhost' to database 'meilianbang'

[ 2016-04-14T11:14:39+08:00 ] 127.0.0.1 /mlbspa/weixin/index/article/id/2
INFO: [ app_init ] --START--
INFO: Run Behavior\BuildLiteBehavior [ RunTime:0.000018s ]
INFO: [ app_init ] --END-- [ RunTime:0.000889s ]
INFO: [ app_begin ] --START--
INFO: Run Behavior\ReadHtmlCacheBehavior [ RunTime:0.001367s ]
INFO: [ app_begin ] --END-- [ RunTime:0.001452s ]
ERR: SQLSTATE[42S02]: Base table or view not found: 1146 Table 'meilianbang.share' doesn't exist

[ 2016-04-14T11:15:30+08:00 ] 127.0.0.1 /mlbspa/weixin/index/article/id/2
INFO: [ app_init ] --START--
INFO: Run Behavior\BuildLiteBehavior [ RunTime:0.000018s ]
INFO: [ app_init ] --END-- [ RunTime:0.000859s ]
INFO: [ app_begin ] --START--
INFO: Run Behavior\ReadHtmlCacheBehavior [ RunTime:0.000992s ]
INFO: [ app_begin ] --END-- [ RunTime:0.001061s ]
ERR: SQLSTATE[42S02]: Base table or view not found: 1146 Table 'meilianbang.share' doesn't exist

[ 2016-04-14T11:15:31+08:00 ] 127.0.0.1 /mlbspa/weixin/index/article/id/2
INFO: [ app_init ] --START--
INFO: Run Behavior\BuildLiteBehavior [ RunTime:0.000019s ]
INFO: [ app_init ] --END-- [ RunTime:0.000972s ]
INFO: [ app_begin ] --START--
INFO: Run Behavior\ReadHtmlCacheBehavior [ RunTime:0.000985s ]
INFO: [ app_begin ] --END-- [ RunTime:0.001074s ]
ERR: SQLSTATE[42S02]: Base table or view not found: 1146 Table 'meilianbang.share' doesn't exist

[ 2016-04-14T11:15:32+08:00 ] 127.0.0.1 /mlbspa/weixin/index/article/id/2
INFO: [ app_init ] --START--
INFO: Run Behavior\BuildLiteBehavior [ RunTime:0.000027s ]
INFO: [ app_init ] --END-- [ RunTime:0.000879s ]
INFO: [ app_begin ] --START--
INFO: Run Behavior\ReadHtmlCacheBehavior [ RunTime:0.001017s ]
INFO: [ app_begin ] --END-- [ RunTime:0.001087s ]
ERR: SQLSTATE[42S02]: Base table or view not found: 1146 Table 'meilianbang.share' doesn't exist

[ 2016-04-14T11:15:32+08:00 ] 127.0.0.1 /mlbspa/weixin/index/article/id/2
INFO: [ app_init ] --START--
INFO: Run Behavior\BuildLiteBehavior [ RunTime:0.000029s ]
INFO: [ app_init ] --END-- [ RunTime:0.001231s ]
INFO: [ app_begin ] --START--
INFO: Run Behavior\ReadHtmlCacheBehavior [ RunTime:0.001292s ]
INFO: [ app_begin ] --END-- [ RunTime:0.001394s ]
ERR: SQLSTATE[42S02]: Base table or view not found: 1146 Table 'meilianbang.share' doesn't exist

[ 2016-04-14T11:15:54+08:00 ] 127.0.0.1 /mlbspa/weixin/index/article/id/2
INFO: [ app_init ] --START--
INFO: Run Behavior\BuildLiteBehavior [ RunTime:0.000017s ]
INFO: [ app_init ] --END-- [ RunTime:0.000783s ]
INFO: [ app_begin ] --START--
INFO: Run Behavior\ReadHtmlCacheBehavior [ RunTime:0.000978s ]
INFO: [ app_begin ] --END-- [ RunTime:0.001050s ]
ERR: SQLSTATE[42S02]: Base table or view not found: 1146 Table 'meilianbang.share' doesn't exist

[ 2016-04-14T11:17:12+08:00 ] 127.0.0.1 /mlbspa/weixin/index/article/id/2
INFO: [ app_init ] --START--
INFO: Run Behavior\BuildLiteBehavior [ RunTime:0.000017s ]
INFO: [ app_init ] --END-- [ RunTime:0.000900s ]
INFO: [ app_begin ] --START--
INFO: Run Behavior\ReadHtmlCacheBehavior [ RunTime:0.001380s ]
INFO: [ app_begin ] --END-- [ RunTime:0.001461s ]
ERR: SQLSTATE[42S02]: Base table or view not found: 1146 Table 'meilianbang.share' doesn't exist

[ 2016-04-14T11:17:38+08:00 ] 127.0.0.1 /mlbspa/weixin/index/article/id/2
INFO: [ app_init ] --START--
INFO: Run Behavior\BuildLiteBehavior [ RunTime:0.000017s ]
INFO: [ app_init ] --END-- [ RunTime:0.000985s ]
INFO: [ app_begin ] --START--
INFO: Run Behavior\ReadHtmlCacheBehavior [ RunTime:0.001354s ]
INFO: [ app_begin ] --END-- [ RunTime:0.001429s ]

[ 2016-04-14T11:20:17+08:00 ] 127.0.0.1 /mlbspa/weixin/index/article/id/2
INFO: [ app_init ] --START--
INFO: Run Behavior\BuildLiteBehavior [ RunTime:0.000018s ]
INFO: [ app_init ] --END-- [ RunTime:0.001196s ]
INFO: [ app_begin ] --START--
INFO: Run Behavior\ReadHtmlCacheBehavior [ RunTime:0.001330s ]
INFO: [ app_begin ] --END-- [ RunTime:0.001418s ]
ERR: SQLSTATE[42S02]: Base table or view not found: 1146 Table 'meilianbang.share_model' doesn't exist

[ 2016-04-14T11:21:56+08:00 ] 127.0.0.1 /mlbspa/weixin/index/article/id/2
INFO: [ app_init ] --START--
INFO: Run Behavior\BuildLiteBehavior [ RunTime:0.000018s ]
INFO: [ app_init ] --END-- [ RunTime:0.000986s ]
INFO: [ app_begin ] --START--
INFO: Run Behavior\ReadHtmlCacheBehavior [ RunTime:0.001308s ]
INFO: [ app_begin ] --END-- [ RunTime:0.001380s ]

[ 2016-04-14T11:22:10+08:00 ] 127.0.0.1 /mlbspa/weixin/index/article/id/2
INFO: [ app_init ] --START--
INFO: Run Behavior\BuildLiteBehavior [ RunTime:0.000017s ]
INFO: [ app_init ] --END-- [ RunTime:0.000961s ]
INFO: [ app_begin ] --START--
INFO: Run Behavior\ReadHtmlCacheBehavior [ RunTime:0.001687s ]
INFO: [ app_begin ] --END-- [ RunTime:0.001811s ]
SQL: SHOW COLUMNS FROM `sharearticle` [ RunTime:0.0065s ]
SQL: SELECT * FROM `sharearticle` WHERE ( article_id=2 ) LIMIT 1   [ RunTime:0.0006s ]

[ 2016-04-14T11:23:16+08:00 ] 127.0.0.1 /mlbspa/weixin/index/article/id/2
INFO: [ app_init ] --START--
INFO: Run Behavior\BuildLiteBehavior [ RunTime:0.000019s ]
INFO: [ app_init ] --END-- [ RunTime:0.000918s ]
INFO: [ app_begin ] --START--
INFO: Run Behavior\ReadHtmlCacheBehavior [ RunTime:0.000951s ]
INFO: [ app_begin ] --END-- [ RunTime:0.001023s ]
SQL: SHOW COLUMNS FROM `sharearticle` [ RunTime:0.0044s ]
SQL: SELECT * FROM `sharearticle` WHERE ( article_id=2 ) LIMIT 1   [ RunTime:0.0004s ]
INFO: [ view_parse ] --START--
INFO: [ template_filter ] --START--
INFO: Run Behavior\ContentReplaceBehavior [ RunTime:0.000040s ]
INFO: [ template_filter ] --END-- [ RunTime:0.000105s ]
INFO: Run Behavior\ParseTemplateBehavior [ RunTime:0.009621s ]
INFO: [ view_parse ] --END-- [ RunTime:0.009707s ]
INFO: [ view_filter ] --START--
INFO: Run Behavior\WriteHtmlCacheBehavior [ RunTime:0.000917s ]
INFO: [ view_filter ] --END-- [ RunTime:0.000964s ]
INFO: [ app_end ] --START--
INFO: Run Behavior\ShowPageTraceBehavior [ RunTime:0.001173s ]
INFO: [ app_end ] --END-- [ RunTime:0.001223s ]

[ 2016-04-14T11:23:25+08:00 ] 127.0.0.1 /mlbspa/weixin/index/article/id/2
INFO: [ app_init ] --START--
INFO: Run Behavior\BuildLiteBehavior [ RunTime:0.000019s ]
INFO: [ app_init ] --END-- [ RunTime:0.001132s ]
INFO: [ app_begin ] --START--
INFO: Run Behavior\ReadHtmlCacheBehavior [ RunTime:0.001553s ]
INFO: [ app_begin ] --END-- [ RunTime:0.001721s ]
SQL: SHOW COLUMNS FROM `sharearticle` [ RunTime:0.0047s ]
SQL: SELECT * FROM `sharearticle` WHERE ( article_id=2 ) LIMIT 1   [ RunTime:0.0004s ]
INFO: [ view_parse ] --START--
INFO: [ template_filter ] --START--
INFO: Run Behavior\ContentReplaceBehavior [ RunTime:0.000040s ]
INFO: [ template_filter ] --END-- [ RunTime:0.000108s ]
INFO: Run Behavior\ParseTemplateBehavior [ RunTime:0.011730s ]
INFO: [ view_parse ] --END-- [ RunTime:0.011799s ]
INFO: [ view_filter ] --START--
INFO: Run Behavior\WriteHtmlCacheBehavior [ RunTime:0.001145s ]
INFO: [ view_filter ] --END-- [ RunTime:0.001190s ]
INFO: [ app_end ] --START--
INFO: Run Behavior\ShowPageTraceBehavior [ RunTime:0.001797s ]
INFO: [ app_end ] --END-- [ RunTime:0.001858s ]

[ 2016-04-14T11:23:55+08:00 ] 127.0.0.1 /mlbspa/weixin/index/article/id/2
INFO: [ app_init ] --START--
INFO: Run Behavior\BuildLiteBehavior [ RunTime:0.000017s ]
INFO: [ app_init ] --END-- [ RunTime:0.000787s ]
INFO: [ app_begin ] --START--
INFO: Run Behavior\ReadHtmlCacheBehavior [ RunTime:0.001217s ]
INFO: [ app_begin ] --END-- [ RunTime:0.001305s ]
SQL: SHOW COLUMNS FROM `sharearticle` [ RunTime:0.0045s ]
SQL: SELECT * FROM `sharearticle` WHERE ( article_id=2 ) LIMIT 1   [ RunTime:0.0004s ]
INFO: [ view_parse ] --START--
INFO: [ template_filter ] --START--
INFO: Run Behavior\ContentReplaceBehavior [ RunTime:0.000037s ]
INFO: [ template_filter ] --END-- [ RunTime:0.000096s ]
INFO: Run Behavior\ParseTemplateBehavior [ RunTime:0.007432s ]
INFO: [ view_parse ] --END-- [ RunTime:0.007505s ]
INFO: [ view_filter ] --START--
INFO: Run Behavior\WriteHtmlCacheBehavior [ RunTime:0.000690s ]
INFO: [ view_filter ] --END-- [ RunTime:0.000736s ]
INFO: [ app_end ] --START--
INFO: Run Behavior\ShowPageTraceBehavior [ RunTime:0.001274s ]
INFO: [ app_end ] --END-- [ RunTime:0.001354s ]

[ 2016-04-14T11:24:18+08:00 ] 127.0.0.1 /mlbspa/weixin/index/article/id/2
INFO: [ app_init ] --START--
INFO: Run Behavior\BuildLiteBehavior [ RunTime:0.000017s ]
INFO: [ app_init ] --END-- [ RunTime:0.000976s ]
INFO: [ app_begin ] --START--
INFO: Run Behavior\ReadHtmlCacheBehavior [ RunTime:0.001291s ]
INFO: [ app_begin ] --END-- [ RunTime:0.001350s ]
SQL: SHOW COLUMNS FROM `sharearticle` [ RunTime:0.0054s ]
SQL: SELECT * FROM `sharearticle` WHERE ( article_id=2 ) LIMIT 1   [ RunTime:0.0004s ]
INFO: [ view_parse ] --START--
INFO: [ template_filter ] --START--
INFO: Run Behavior\ContentReplaceBehavior [ RunTime:0.000040s ]
INFO: [ template_filter ] --END-- [ RunTime:0.000104s ]
INFO: Run Behavior\ParseTemplateBehavior [ RunTime:0.009637s ]
INFO: [ view_parse ] --END-- [ RunTime:0.009718s ]
INFO: [ view_filter ] --START--
INFO: Run Behavior\WriteHtmlCacheBehavior [ RunTime:0.001087s ]
INFO: [ view_filter ] --END-- [ RunTime:0.001138s ]
INFO: [ app_end ] --START--
INFO: Run Behavior\ShowPageTraceBehavior [ RunTime:0.001236s ]
INFO: [ app_end ] --END-- [ RunTime:0.001290s ]

[ 2016-04-14T11:24:55+08:00 ] 127.0.0.1 /mlbspa/weixin/index/article/id/2
INFO: [ app_init ] --START--
INFO: Run Behavior\BuildLiteBehavior [ RunTime:0.000028s ]
INFO: [ app_init ] --END-- [ RunTime:0.001090s ]
INFO: [ app_begin ] --START--
INFO: Run Behavior\ReadHtmlCacheBehavior [ RunTime:0.001293s ]
INFO: [ app_begin ] --END-- [ RunTime:0.001364s ]
SQL: SHOW COLUMNS FROM `sharearticle` [ RunTime:0.0049s ]
SQL: SELECT * FROM `sharearticle` WHERE ( article_id=2 ) LIMIT 1   [ RunTime:0.0004s ]
INFO: [ view_parse ] --START--
INFO: [ template_filter ] --START--
INFO: Run Behavior\ContentReplaceBehavior [ RunTime:0.000038s ]
INFO: [ template_filter ] --END-- [ RunTime:0.000103s ]
NOTIC: [2] date() expects parameter 2 to be long, string given D:\Develop\WWW\mlbspa\weixin\Application\Runtime\Cache\Home\71cb999119d0d852a8331d95e1109ea9.php 第 27 行.
INFO: Run Behavior\ParseTemplateBehavior [ RunTime:0.058333s ]
INFO: [ view_parse ] --END-- [ RunTime:0.058399s ]
INFO: [ view_filter ] --START--
INFO: Run Behavior\WriteHtmlCacheBehavior [ RunTime:0.000920s ]
INFO: [ view_filter ] --END-- [ RunTime:0.000969s ]
INFO: [ app_end ] --START--
INFO: Run Behavior\ShowPageTraceBehavior [ RunTime:0.000922s ]
INFO: [ app_end ] --END-- [ RunTime:0.000976s ]

[ 2016-04-14T11:25:03+08:00 ] 127.0.0.1 /mlbspa/weixin/index/article/id/2
INFO: [ app_init ] --START--
INFO: Run Behavior\BuildLiteBehavior [ RunTime:0.000018s ]
INFO: [ app_init ] --END-- [ RunTime:0.000923s ]
INFO: [ app_begin ] --START--
INFO: Run Behavior\ReadHtmlCacheBehavior [ RunTime:0.000986s ]
INFO: [ app_begin ] --END-- [ RunTime:0.001057s ]
SQL: SHOW COLUMNS FROM `sharearticle` [ RunTime:0.0058s ]
SQL: SELECT * FROM `sharearticle` WHERE ( article_id=2 ) LIMIT 1   [ RunTime:0.0003s ]
INFO: [ view_parse ] --START--
INFO: [ template_filter ] --START--
INFO: Run Behavior\ContentReplaceBehavior [ RunTime:0.000037s ]
INFO: [ template_filter ] --END-- [ RunTime:0.000101s ]
INFO: Run Behavior\ParseTemplateBehavior [ RunTime:0.007578s ]
INFO: [ view_parse ] --END-- [ RunTime:0.007645s ]
INFO: [ view_filter ] --START--
INFO: Run Behavior\WriteHtmlCacheBehavior [ RunTime:0.000635s ]
INFO: [ view_filter ] --END-- [ RunTime:0.000681s ]
INFO: [ app_end ] --START--
INFO: Run Behavior\ShowPageTraceBehavior [ RunTime:0.000838s ]
INFO: [ app_end ] --END-- [ RunTime:0.000887s ]

[ 2016-04-14T11:25:59+08:00 ] 127.0.0.1 /mlbspa/weixin/index/article/id/2
INFO: [ app_init ] --START--
INFO: Run Behavior\BuildLiteBehavior [ RunTime:0.000020s ]
INFO: [ app_init ] --END-- [ RunTime:0.001123s ]
INFO: [ app_begin ] --START--
INFO: Run Behavior\ReadHtmlCacheBehavior [ RunTime:0.001396s ]
INFO: [ app_begin ] --END-- [ RunTime:0.001468s ]
SQL: SHOW COLUMNS FROM `sharearticle` [ RunTime:0.0047s ]
SQL: SELECT * FROM `sharearticle` WHERE ( article_id=2 ) LIMIT 1   [ RunTime:0.0004s ]
INFO: [ view_parse ] --START--
INFO: [ template_filter ] --START--
INFO: Run Behavior\ContentReplaceBehavior [ RunTime:0.000038s ]
INFO: [ template_filter ] --END-- [ RunTime:0.000102s ]
INFO: Run Behavior\ParseTemplateBehavior [ RunTime:0.011130s ]
INFO: [ view_parse ] --END-- [ RunTime:0.011201s ]
INFO: [ view_filter ] --START--
INFO: Run Behavior\WriteHtmlCacheBehavior [ RunTime:0.001270s ]
INFO: [ view_filter ] --END-- [ RunTime:0.001320s ]
INFO: [ app_end ] --START--
INFO: Run Behavior\ShowPageTraceBehavior [ RunTime:0.001608s ]
INFO: [ app_end ] --END-- [ RunTime:0.001677s ]

[ 2016-04-14T11:26:15+08:00 ] 127.0.0.1 /mlbspa/weixin/index/article/id/3
INFO: [ app_init ] --START--
INFO: Run Behavior\BuildLiteBehavior [ RunTime:0.000020s ]
INFO: [ app_init ] --END-- [ RunTime:0.000900s ]
INFO: [ app_begin ] --START--
INFO: Run Behavior\ReadHtmlCacheBehavior [ RunTime:0.000976s ]
INFO: [ app_begin ] --END-- [ RunTime:0.001041s ]
SQL: SHOW COLUMNS FROM `sharearticle` [ RunTime:0.0046s ]
SQL: SELECT * FROM `sharearticle` WHERE ( article_id=3 ) LIMIT 1   [ RunTime:0.0004s ]
INFO: [ view_parse ] --START--
INFO: [ template_filter ] --START--
INFO: Run Behavior\ContentReplaceBehavior [ RunTime:0.000038s ]
INFO: [ template_filter ] --END-- [ RunTime:0.000104s ]
INFO: Run Behavior\ParseTemplateBehavior [ RunTime:0.010030s ]
INFO: [ view_parse ] --END-- [ RunTime:0.010107s ]
INFO: [ view_filter ] --START--
INFO: Run Behavior\WriteHtmlCacheBehavior [ RunTime:0.001257s ]
INFO: [ view_filter ] --END-- [ RunTime:0.001315s ]
INFO: [ app_end ] --START--
INFO: Run Behavior\ShowPageTraceBehavior [ RunTime:0.001260s ]
INFO: [ app_end ] --END-- [ RunTime:0.001315s ]

[ 2016-04-14T11:26:22+08:00 ] 127.0.0.1 /mlbspa/weixin/index/article/id/2
INFO: [ app_init ] --START--
INFO: Run Behavior\BuildLiteBehavior [ RunTime:0.000019s ]
INFO: [ app_init ] --END-- [ RunTime:0.000956s ]
INFO: [ app_begin ] --START--
INFO: Run Behavior\ReadHtmlCacheBehavior [ RunTime:0.001309s ]
INFO: [ app_begin ] --END-- [ RunTime:0.001381s ]
SQL: SHOW COLUMNS FROM `sharearticle` [ RunTime:0.0050s ]
SQL: SELECT * FROM `sharearticle` WHERE ( article_id=2 ) LIMIT 1   [ RunTime:0.0004s ]
INFO: [ view_parse ] --START--
INFO: [ template_filter ] --START--
INFO: Run Behavior\ContentReplaceBehavior [ RunTime:0.000038s ]
INFO: [ template_filter ] --END-- [ RunTime:0.000104s ]
INFO: Run Behavior\ParseTemplateBehavior [ RunTime:0.009384s ]
INFO: [ view_parse ] --END-- [ RunTime:0.009457s ]
INFO: [ view_filter ] --START--
INFO: Run Behavior\WriteHtmlCacheBehavior [ RunTime:0.001021s ]
INFO: [ view_filter ] --END-- [ RunTime:0.001084s ]
INFO: [ app_end ] --START--
INFO: Run Behavior\ShowPageTraceBehavior [ RunTime:0.001507s ]
INFO: [ app_end ] --END-- [ RunTime:0.001584s ]

[ 2016-04-14T11:26:25+08:00 ] 127.0.0.1 /mlbspa/weixin/index/article/id/3
INFO: [ app_init ] --START--
INFO: Run Behavior\BuildLiteBehavior [ RunTime:0.000028s ]
INFO: [ app_init ] --END-- [ RunTime:0.001092s ]
INFO: [ app_begin ] --START--
INFO: Run Behavior\ReadHtmlCacheBehavior [ RunTime:0.000969s ]
INFO: [ app_begin ] --END-- [ RunTime:0.001041s ]
SQL: SHOW COLUMNS FROM `sharearticle` [ RunTime:0.0043s ]
SQL: SELECT * FROM `sharearticle` WHERE ( article_id=3 ) LIMIT 1   [ RunTime:0.0004s ]
INFO: [ view_parse ] --START--
INFO: [ template_filter ] --START--
INFO: Run Behavior\ContentReplaceBehavior [ RunTime:0.000039s ]
INFO: [ template_filter ] --END-- [ RunTime:0.000104s ]
INFO: Run Behavior\ParseTemplateBehavior [ RunTime:0.008451s ]
INFO: [ view_parse ] --END-- [ RunTime:0.008523s ]
INFO: [ view_filter ] --START--
INFO: Run Behavior\WriteHtmlCacheBehavior [ RunTime:0.000787s ]
INFO: [ view_filter ] --END-- [ RunTime:0.000848s ]
INFO: [ app_end ] --START--
INFO: Run Behavior\ShowPageTraceBehavior [ RunTime:0.001004s ]
INFO: [ app_end ] --END-- [ RunTime:0.001088s ]

[ 2016-04-14T11:27:07+08:00 ] 127.0.0.1 /mlbspa/weixin/index/article/id/3
INFO: [ app_init ] --START--
INFO: Run Behavior\BuildLiteBehavior [ RunTime:0.000018s ]
INFO: [ app_init ] --END-- [ RunTime:0.000905s ]
INFO: [ app_begin ] --START--
INFO: Run Behavior\ReadHtmlCacheBehavior [ RunTime:0.001383s ]
INFO: [ app_begin ] --END-- [ RunTime:0.001468s ]
SQL: SHOW COLUMNS FROM `sharearticle` [ RunTime:0.0048s ]
SQL: SELECT * FROM `sharearticle` WHERE ( article_id=3 ) LIMIT 1   [ RunTime:0.0004s ]
INFO: [ view_parse ] --START--
INFO: [ template_filter ] --START--
INFO: Run Behavior\ContentReplaceBehavior [ RunTime:0.000042s ]
INFO: [ template_filter ] --END-- [ RunTime:0.000109s ]
INFO: Run Behavior\ParseTemplateBehavior [ RunTime:0.011538s ]
INFO: [ view_parse ] --END-- [ RunTime:0.011616s ]
INFO: [ view_filter ] --START--
INFO: Run Behavior\WriteHtmlCacheBehavior [ RunTime:0.001195s ]
INFO: [ view_filter ] --END-- [ RunTime:0.001242s ]
INFO: [ app_end ] --START--
INFO: Run Behavior\ShowPageTraceBehavior [ RunTime:0.001479s ]
INFO: [ app_end ] --END-- [ RunTime:0.001532s ]

[ 2016-04-14T11:27:25+08:00 ] 127.0.0.1 /mlbspa/weixin/index/article/id/3
INFO: [ app_init ] --START--
INFO: Run Behavior\BuildLiteBehavior [ RunTime:0.000017s ]
INFO: [ app_init ] --END-- [ RunTime:0.000889s ]
INFO: [ app_begin ] --START--
INFO: Run Behavior\ReadHtmlCacheBehavior [ RunTime:0.001028s ]
INFO: [ app_begin ] --END-- [ RunTime:0.001099s ]
SQL: SHOW COLUMNS FROM `sharearticle` [ RunTime:0.0044s ]
SQL: SELECT * FROM `sharearticle` WHERE ( article_id=3 ) LIMIT 1   [ RunTime:0.0004s ]
INFO: [ view_parse ] --START--
INFO: [ template_filter ] --START--
INFO: Run Behavior\ContentReplaceBehavior [ RunTime:0.000041s ]
INFO: [ template_filter ] --END-- [ RunTime:0.000103s ]
INFO: Run Behavior\ParseTemplateBehavior [ RunTime:0.008068s ]
INFO: [ view_parse ] --END-- [ RunTime:0.008136s ]
INFO: [ view_filter ] --START--
INFO: Run Behavior\WriteHtmlCacheBehavior [ RunTime:0.000743s ]
INFO: [ view_filter ] --END-- [ RunTime:0.000789s ]
INFO: [ app_end ] --START--
INFO: Run Behavior\ShowPageTraceBehavior [ RunTime:0.000932s ]
INFO: [ app_end ] --END-- [ RunTime:0.000986s ]

[ 2016-04-14T11:28:31+08:00 ] 127.0.0.1 /mlbspa/weixin/index/article/id/3
INFO: [ app_init ] --START--
INFO: Run Behavior\BuildLiteBehavior [ RunTime:0.000018s ]
INFO: [ app_init ] --END-- [ RunTime:0.000983s ]
INFO: [ app_begin ] --START--
INFO: Run Behavior\ReadHtmlCacheBehavior [ RunTime:0.001414s ]
INFO: [ app_begin ] --END-- [ RunTime:0.001485s ]
SQL: SHOW COLUMNS FROM `sharearticle` [ RunTime:0.0058s ]
SQL: SELECT * FROM `sharearticle` WHERE ( article_id=3 ) LIMIT 1   [ RunTime:0.0005s ]
INFO: [ view_parse ] --START--
INFO: [ template_filter ] --START--
INFO: Run Behavior\ContentReplaceBehavior [ RunTime:0.000051s ]
INFO: [ template_filter ] --END-- [ RunTime:0.000126s ]
INFO: Run Behavior\ParseTemplateBehavior [ RunTime:0.012376s ]
INFO: [ view_parse ] --END-- [ RunTime:0.012481s ]
INFO: [ view_filter ] --START--
INFO: Run Behavior\WriteHtmlCacheBehavior [ RunTime:0.001342s ]
INFO: [ view_filter ] --END-- [ RunTime:0.001420s ]
INFO: [ app_end ] --START--
INFO: Run Behavior\ShowPageTraceBehavior [ RunTime:0.001487s ]
INFO: [ app_end ] --END-- [ RunTime:0.001550s ]

[ 2016-04-14T11:28:32+08:00 ] 127.0.0.1 /mlbspa/weixin/index/article/id/3
INFO: [ app_init ] --START--
INFO: Run Behavior\BuildLiteBehavior [ RunTime:0.000025s ]
INFO: [ app_init ] --END-- [ RunTime:0.000994s ]
INFO: [ app_begin ] --START--
INFO: Run Behavior\ReadHtmlCacheBehavior [ RunTime:0.001546s ]
INFO: [ app_begin ] --END-- [ RunTime:0.001620s ]
SQL: SHOW COLUMNS FROM `sharearticle` [ RunTime:0.0048s ]
SQL: SELECT * FROM `sharearticle` WHERE ( article_id=3 ) LIMIT 1   [ RunTime:0.0004s ]
INFO: [ view_parse ] --START--
INFO: [ template_filter ] --START--
INFO: Run Behavior\ContentReplaceBehavior [ RunTime:0.000041s ]
INFO: [ template_filter ] --END-- [ RunTime:0.000113s ]
INFO: Run Behavior\ParseTemplateBehavior [ RunTime:0.009588s ]
INFO: [ view_parse ] --END-- [ RunTime:0.009680s ]
INFO: [ view_filter ] --START--
INFO: Run Behavior\WriteHtmlCacheBehavior [ RunTime:0.001197s ]
INFO: [ view_filter ] --END-- [ RunTime:0.001259s ]
INFO: [ app_end ] --START--
INFO: Run Behavior\ShowPageTraceBehavior [ RunTime:0.001148s ]
INFO: [ app_end ] --END-- [ RunTime:0.001197s ]

[ 2016-04-14T11:29:15+08:00 ] 127.0.0.1 /mlbspa/weixin/index/article/id/3
INFO: [ app_init ] --START--
INFO: Run Behavior\BuildLiteBehavior [ RunTime:0.000021s ]
INFO: [ app_init ] --END-- [ RunTime:0.001079s ]
INFO: [ app_begin ] --START--
INFO: Run Behavior\ReadHtmlCacheBehavior [ RunTime:0.001016s ]
INFO: [ app_begin ] --END-- [ RunTime:0.001093s ]
SQL: SHOW COLUMNS FROM `sharearticle` [ RunTime:0.0054s ]
SQL: SELECT * FROM `sharearticle` WHERE ( article_id=3 ) LIMIT 1   [ RunTime:0.0004s ]
INFO: [ view_parse ] --START--
INFO: [ template_filter ] --START--
INFO: Run Behavior\ContentReplaceBehavior [ RunTime:0.000042s ]
INFO: [ template_filter ] --END-- [ RunTime:0.000106s ]
INFO: Run Behavior\ParseTemplateBehavior [ RunTime:0.008497s ]
INFO: [ view_parse ] --END-- [ RunTime:0.008562s ]
INFO: [ view_filter ] --START--
INFO: Run Behavior\WriteHtmlCacheBehavior [ RunTime:0.000643s ]
INFO: [ view_filter ] --END-- [ RunTime:0.000687s ]
INFO: [ app_end ] --START--
INFO: Run Behavior\ShowPageTraceBehavior [ RunTime:0.000935s ]
INFO: [ app_end ] --END-- [ RunTime:0.000983s ]

[ 2016-04-14T11:29:33+08:00 ] 127.0.0.1 /mlbspa/weixin/index/article/id/3
INFO: [ app_init ] --START--
INFO: Run Behavior\BuildLiteBehavior [ RunTime:0.000076s ]
INFO: [ app_init ] --END-- [ RunTime:0.001243s ]
INFO: [ app_begin ] --START--
INFO: Run Behavior\ReadHtmlCacheBehavior [ RunTime:0.001006s ]
INFO: [ app_begin ] --END-- [ RunTime:0.001083s ]
SQL: SHOW COLUMNS FROM `sharearticle` [ RunTime:0.0044s ]
SQL: SELECT * FROM `sharearticle` WHERE ( article_id=3 ) LIMIT 1   [ RunTime:0.0004s ]
INFO: [ view_parse ] --START--
INFO: [ template_filter ] --START--
INFO: Run Behavior\ContentReplaceBehavior [ RunTime:0.000096s ]
INFO: [ template_filter ] --END-- [ RunTime:0.000174s ]
INFO: Run Behavior\ParseTemplateBehavior [ RunTime:0.007741s ]
INFO: [ view_parse ] --END-- [ RunTime:0.007822s ]
INFO: [ view_filter ] --START--
INFO: Run Behavior\WriteHtmlCacheBehavior [ RunTime:0.000654s ]
INFO: [ view_filter ] --END-- [ RunTime:0.000701s ]
INFO: [ app_end ] --START--
INFO: Run Behavior\ShowPageTraceBehavior [ RunTime:0.000904s ]
INFO: [ app_end ] --END-- [ RunTime:0.000952s ]

[ 2016-04-14T11:30:01+08:00 ] 127.0.0.1 /mlbspa/weixin/index/article/id/3
INFO: [ app_init ] --START--
INFO: Run Behavior\BuildLiteBehavior [ RunTime:0.000022s ]
INFO: [ app_init ] --END-- [ RunTime:0.001030s ]
INFO: [ app_begin ] --START--
INFO: Run Behavior\ReadHtmlCacheBehavior [ RunTime:0.001354s ]
INFO: [ app_begin ] --END-- [ RunTime:0.001429s ]
SQL: SHOW COLUMNS FROM `sharearticle` [ RunTime:0.0051s ]
SQL: SELECT * FROM `sharearticle` WHERE ( article_id=3 ) LIMIT 1   [ RunTime:0.0004s ]
INFO: [ view_parse ] --START--
INFO: [ template_filter ] --START--
INFO: Run Behavior\ContentReplaceBehavior [ RunTime:0.000041s ]
INFO: [ template_filter ] --END-- [ RunTime:0.000106s ]
INFO: Run Behavior\ParseTemplateBehavior [ RunTime:0.013160s ]
INFO: [ view_parse ] --END-- [ RunTime:0.013252s ]
INFO: [ view_filter ] --START--
INFO: Run Behavior\WriteHtmlCacheBehavior [ RunTime:0.001497s ]
INFO: [ view_filter ] --END-- [ RunTime:0.001570s ]
INFO: [ app_end ] --START--
INFO: Run Behavior\ShowPageTraceBehavior [ RunTime:0.001641s ]
INFO: [ app_end ] --END-- [ RunTime:0.001707s ]

[ 2016-04-14T11:30:02+08:00 ] 127.0.0.1 /mlbspa/weixin/Public/register
INFO: [ app_init ] --START--
INFO: Run Behavior\BuildLiteBehavior [ RunTime:0.000021s ]
INFO: [ app_init ] --END-- [ RunTime:0.001166s ]
INFO: [ app_begin ] --START--
INFO: Run Behavior\ReadHtmlCacheBehavior [ RunTime:0.000979s ]
INFO: [ app_begin ] --END-- [ RunTime:0.001050s ]
ERR: 无法加载控制器:Public

[ 2016-04-14T11:30:14+08:00 ] 127.0.0.1 /mlbspa/weixin/index/article/id/3
INFO: [ app_init ] --START--
INFO: Run Behavior\BuildLiteBehavior [ RunTime:0.000021s ]
INFO: [ app_init ] --END-- [ RunTime:0.001057s ]
INFO: [ app_begin ] --START--
INFO: Run Behavior\ReadHtmlCacheBehavior [ RunTime:0.001638s ]
INFO: [ app_begin ] --END-- [ RunTime:0.001731s ]
SQL: SHOW COLUMNS FROM `sharearticle` [ RunTime:0.0049s ]
SQL: SELECT * FROM `sharearticle` WHERE ( article_id=3 ) LIMIT 1   [ RunTime:0.0004s ]
INFO: [ view_parse ] --START--
INFO: [ template_filter ] --START--
INFO: Run Behavior\ContentReplaceBehavior [ RunTime:0.000044s ]
INFO: [ template_filter ] --END-- [ RunTime:0.000115s ]
INFO: Run Behavior\ParseTemplateBehavior [ RunTime:0.010493s ]
INFO: [ view_parse ] --END-- [ RunTime:0.010572s ]
INFO: [ view_filter ] --START--
INFO: Run Behavior\WriteHtmlCacheBehavior [ RunTime:0.000890s ]
INFO: [ view_filter ] --END-- [ RunTime:0.000937s ]
INFO: [ app_end ] --START--
INFO: Run Behavior\ShowPageTraceBehavior [ RunTime:0.001107s ]
INFO: [ app_end ] --END-- [ RunTime:0.001162s ]

[ 2016-04-14T11:30:15+08:00 ] 127.0.0.1 /mlbspa/weixin/Public/register
INFO: [ app_init ] --START--
INFO: Run Behavior\BuildLiteBehavior [ RunTime:0.000020s ]
INFO: [ app_init ] --END-- [ RunTime:0.001080s ]
INFO: [ app_begin ] --START--
INFO: Run Behavior\ReadHtmlCacheBehavior [ RunTime:0.001515s ]
INFO: [ app_begin ] --END-- [ RunTime:0.001599s ]
ERR: 无法加载控制器:Public

[ 2016-04-14T11:30:28+08:00 ] 127.0.0.1 /mlbspa/weixin/Public/register
INFO: [ app_init ] --START--
INFO: Run Behavior\BuildLiteBehavior [ RunTime:0.000018s ]
INFO: [ app_init ] --END-- [ RunTime:0.000882s ]
INFO: [ app_begin ] --START--
INFO: Run Behavior\ReadHtmlCacheBehavior [ RunTime:0.000964s ]
INFO: [ app_begin ] --END-- [ RunTime:0.001037s ]
ERR: 无法加载控制器:Public

[ 2016-04-14T11:30:30+08:00 ] 127.0.0.1 /mlbspa/weixin/index/article/id/3
INFO: [ app_init ] --START--
INFO: Run Behavior\BuildLiteBehavior [ RunTime:0.000017s ]
INFO: [ app_init ] --END-- [ RunTime:0.000785s ]
INFO: [ app_begin ] --START--
INFO: Run Behavior\ReadHtmlCacheBehavior [ RunTime:0.000999s ]
INFO: [ app_begin ] --END-- [ RunTime:0.001080s ]
SQL: SHOW COLUMNS FROM `sharearticle` [ RunTime:0.0044s ]
SQL: SELECT * FROM `sharearticle` WHERE ( article_id=3 ) LIMIT 1   [ RunTime:0.0004s ]
INFO: [ view_parse ] --START--
INFO: [ template_filter ] --START--
INFO: Run Behavior\ContentReplaceBehavior [ RunTime:0.000042s ]
INFO: [ template_filter ] --END-- [ RunTime:0.000107s ]
INFO: Run Behavior\ParseTemplateBehavior [ RunTime:0.010781s ]
INFO: [ view_parse ] --END-- [ RunTime:0.010853s ]
INFO: [ view_filter ] --START--
INFO: Run Behavior\WriteHtmlCacheBehavior [ RunTime:0.001046s ]
INFO: [ view_filter ] --END-- [ RunTime:0.001101s ]
INFO: [ app_end ] --START--
INFO: Run Behavior\ShowPageTraceBehavior [ RunTime:0.001345s ]
INFO: [ app_end ] --END-- [ RunTime:0.001399s ]

[ 2016-04-14T11:30:31+08:00 ] 127.0.0.1 /mlbspa/weixin/Public/index/register
INFO: [ app_init ] --START--
INFO: Run Behavior\BuildLiteBehavior [ RunTime:0.000030s ]
INFO: [ app_init ] --END-- [ RunTime:0.001189s ]
INFO: [ app_begin ] --START--
INFO: Run Behavior\ReadHtmlCacheBehavior [ RunTime:0.001113s ]
INFO: [ app_begin ] --END-- [ RunTime:0.001196s ]
ERR: 无法加载控制器:Public

[ 2016-04-14T11:30:41+08:00 ] 127.0.0.1 /mlbspa/weixin/index/article/id/3
INFO: [ app_init ] --START--
INFO: Run Behavior\BuildLiteBehavior [ RunTime:0.000020s ]
INFO: [ app_init ] --END-- [ RunTime:0.001164s ]
INFO: [ app_begin ] --START--
INFO: Run Behavior\ReadHtmlCacheBehavior [ RunTime:0.001312s ]
INFO: [ app_begin ] --END-- [ RunTime:0.001382s ]
SQL: SHOW COLUMNS FROM `sharearticle` [ RunTime:0.0044s ]
SQL: SELECT * FROM `sharearticle` WHERE ( article_id=3 ) LIMIT 1   [ RunTime:0.0004s ]
INFO: [ view_parse ] --START--
INFO: [ template_filter ] --START--
INFO: Run Behavior\ContentReplaceBehavior [ RunTime:0.000039s ]
INFO: [ template_filter ] --END-- [ RunTime:0.000099s ]
INFO: Run Behavior\ParseTemplateBehavior [ RunTime:0.009439s ]
INFO: [ view_parse ] --END-- [ RunTime:0.009519s ]
INFO: [ view_filter ] --START--
INFO: Run Behavior\WriteHtmlCacheBehavior [ RunTime:0.001044s ]
INFO: [ view_filter ] --END-- [ RunTime:0.001105s ]
INFO: [ app_end ] --START--
INFO: Run Behavior\ShowPageTraceBehavior [ RunTime:0.001189s ]
INFO: [ app_end ] --END-- [ RunTime:0.001238s ]

[ 2016-04-14T11:30:43+08:00 ] 127.0.0.1 /mlbspa/weixin/Public/index/register
INFO: [ app_init ] --START--
INFO: Run Behavior\BuildLiteBehavior [ RunTime:0.000026s ]
INFO: [ app_init ] --END-- [ RunTime:0.000945s ]
INFO: [ app_begin ] --START--
INFO: Run Behavior\ReadHtmlCacheBehavior [ RunTime:0.000976s ]
INFO: [ app_begin ] --END-- [ RunTime:0.001057s ]
ERR: 无法加载控制器:Public

[ 2016-04-14T11:31:19+08:00 ] 127.0.0.1 /mlbspa/weixin/index/article/id/3
INFO: [ app_init ] --START--
INFO: Run Behavior\BuildLiteBehavior [ RunTime:0.000020s ]
INFO: [ app_init ] --END-- [ RunTime:0.001078s ]
INFO: [ app_begin ] --START--
INFO: Run Behavior\ReadHtmlCacheBehavior [ RunTime:0.000960s ]
INFO: [ app_begin ] --END-- [ RunTime:0.001028s ]
SQL: SHOW COLUMNS FROM `sharearticle` [ RunTime:0.0049s ]
SQL: SELECT * FROM `sharearticle` WHERE ( article_id=3 ) LIMIT 1   [ RunTime:0.0004s ]
INFO: [ view_parse ] --START--
INFO: [ template_filter ] --START--
INFO: Run Behavior\ContentReplaceBehavior [ RunTime:0.000042s ]
INFO: [ template_filter ] --END-- [ RunTime:0.000106s ]

[ 2016-04-14T11:31:32+08:00 ] 127.0.0.1 /mlbspa/weixin/index/article/id/3
INFO: [ app_init ] --START--
INFO: Run Behavior\BuildLiteBehavior [ RunTime:0.000019s ]
INFO: [ app_init ] --END-- [ RunTime:0.000911s ]
INFO: [ app_begin ] --START--
INFO: Run Behavior\ReadHtmlCacheBehavior [ RunTime:0.001087s ]
INFO: [ app_begin ] --END-- [ RunTime:0.001161s ]
SQL: SHOW COLUMNS FROM `sharearticle` [ RunTime:0.0058s ]
SQL: SELECT * FROM `sharearticle` WHERE ( article_id=3 ) LIMIT 1   [ RunTime:0.0004s ]
INFO: [ view_parse ] --START--
INFO: [ template_filter ] --START--
INFO: Run Behavior\ContentReplaceBehavior [ RunTime:0.000041s ]
INFO: [ template_filter ] --END-- [ RunTime:0.000103s ]
INFO: Run Behavior\ParseTemplateBehavior [ RunTime:0.007844s ]
INFO: [ view_parse ] --END-- [ RunTime:0.007913s ]
INFO: [ view_filter ] --START--
INFO: Run Behavior\WriteHtmlCacheBehavior [ RunTime:0.000677s ]
INFO: [ view_filter ] --END-- [ RunTime:0.000722s ]
INFO: [ app_end ] --START--
INFO: Run Behavior\ShowPageTraceBehavior [ RunTime:0.000906s ]
INFO: [ app_end ] --END-- [ RunTime:0.000970s ]

[ 2016-04-14T11:31:35+08:00 ] 127.0.0.1 /mlbspa/weixin/Public/%7Bsite_url()%7D
INFO: [ app_init ] --START--
INFO: Run Behavior\BuildLiteBehavior [ RunTime:0.000019s ]
INFO: [ app_init ] --END-- [ RunTime:0.000929s ]
INFO: [ app_begin ] --START--
INFO: Run Behavior\ReadHtmlCacheBehavior [ RunTime:0.001208s ]
INFO: [ app_begin ] --END-- [ RunTime:0.001314s ]
ERR: 无法加载控制器:Public

[ 2016-04-14T11:32:13+08:00 ] 127.0.0.1 /mlbspa/weixin/index/article/id/3
INFO: [ app_init ] --START--
INFO: Run Behavior\BuildLiteBehavior [ RunTime:0.000030s ]
INFO: [ app_init ] --END-- [ RunTime:0.001005s ]
INFO: [ app_begin ] --START--
INFO: Run Behavior\ReadHtmlCacheBehavior [ RunTime:0.000931s ]
INFO: [ app_begin ] --END-- [ RunTime:0.000995s ]
SQL: SHOW COLUMNS FROM `sharearticle` [ RunTime:0.0048s ]
SQL: SELECT * FROM `sharearticle` WHERE ( article_id=3 ) LIMIT 1   [ RunTime:0.0004s ]
INFO: [ view_parse ] --START--
INFO: [ template_filter ] --START--
INFO: Run Behavior\ContentReplaceBehavior [ RunTime:0.000049s ]
INFO: [ template_filter ] --END-- [ RunTime:0.000134s ]
INFO: Run Behavior\ParseTemplateBehavior [ RunTime:0.009012s ]
INFO: [ view_parse ] --END-- [ RunTime:0.009090s ]
INFO: [ view_filter ] --START--
INFO: Run Behavior\WriteHtmlCacheBehavior [ RunTime:0.000667s ]
INFO: [ view_filter ] --END-- [ RunTime:0.000714s ]
INFO: [ app_end ] --START--
INFO: Run Behavior\ShowPageTraceBehavior [ RunTime:0.000919s ]
INFO: [ app_end ] --END-- [ RunTime:0.000968s ]

[ 2016-04-14T11:33:52+08:00 ] 127.0.0.1 /mlbspa/weixin/index/article/id/3?uid=2
INFO: [ app_init ] --START--
INFO: Run Behavior\BuildLiteBehavior [ RunTime:0.000017s ]
INFO: [ app_init ] --END-- [ RunTime:0.000878s ]
INFO: [ app_begin ] --START--
INFO: Run Behavior\ReadHtmlCacheBehavior [ RunTime:0.001255s ]
INFO: [ app_begin ] --END-- [ RunTime:0.001330s ]
SQL: SHOW COLUMNS FROM `sharearticle` [ RunTime:0.0043s ]
SQL: SELECT * FROM `sharearticle` WHERE ( article_id=3 ) LIMIT 1   [ RunTime:0.0003s ]
INFO: [ view_parse ] --START--
INFO: [ template_filter ] --START--
INFO: Run Behavior\ContentReplaceBehavior [ RunTime:0.000042s ]
INFO: [ template_filter ] --END-- [ RunTime:0.000106s ]
INFO: Run Behavior\ParseTemplateBehavior [ RunTime:0.010794s ]
INFO: [ view_parse ] --END-- [ RunTime:0.010863s ]
INFO: [ view_filter ] --START--
INFO: Run Behavior\WriteHtmlCacheBehavior [ RunTime:0.000933s ]
INFO: [ view_filter ] --END-- [ RunTime:0.000979s ]
INFO: [ app_end ] --START--
INFO: Run Behavior\ShowPageTraceBehavior [ RunTime:0.001542s ]
INFO: [ app_end ] --END-- [ RunTime:0.001604s ]

[ 2016-04-14T11:34:32+08:00 ] 127.0.0.1 /mlbspa/weixin/index/article/id/3?uid=2
INFO: [ app_init ] --START--
INFO: Run Behavior\BuildLiteBehavior [ RunTime:0.000018s ]
INFO: [ app_init ] --END-- [ RunTime:0.000945s ]
INFO: [ app_begin ] --START--
INFO: Run Behavior\ReadHtmlCacheBehavior [ RunTime:0.001426s ]
INFO: [ app_begin ] --END-- [ RunTime:0.001505s ]
SQL: SHOW COLUMNS FROM `sharearticle` [ RunTime:0.0047s ]
SQL: SELECT * FROM `sharearticle` WHERE ( article_id=3 ) LIMIT 1   [ RunTime:0.0004s ]
INFO: [ view_parse ] --START--
INFO: [ template_filter ] --START--
INFO: Run Behavior\ContentReplaceBehavior [ RunTime:0.000041s ]
INFO: [ template_filter ] --END-- [ RunTime:0.000106s ]
INFO: Run Behavior\ParseTemplateBehavior [ RunTime:0.011182s ]
INFO: [ view_parse ] --END-- [ RunTime:0.011252s ]
INFO: [ view_filter ] --START--
INFO: Run Behavior\WriteHtmlCacheBehavior [ RunTime:0.000924s ]
INFO: [ view_filter ] --END-- [ RunTime:0.000969s ]
INFO: [ app_end ] --START--
INFO: Run Behavior\ShowPageTraceBehavior [ RunTime:0.001174s ]
INFO: [ app_end ] --END-- [ RunTime:0.001220s ]

[ 2016-04-14T11:37:12+08:00 ] 127.0.0.1 /mlbspa/weixin/index/article/id/3?uid=2
INFO: [ app_init ] --START--
INFO: Run Behavior\BuildLiteBehavior [ RunTime:0.000031s ]
INFO: [ app_init ] --END-- [ RunTime:0.001381s ]
INFO: [ app_begin ] --START--
INFO: Run Behavior\ReadHtmlCacheBehavior [ RunTime:0.001315s ]
INFO: [ app_begin ] --END-- [ RunTime:0.001389s ]
SQL: SHOW COLUMNS FROM `sharearticle` [ RunTime:0.0046s ]
SQL: SELECT * FROM `sharearticle` WHERE ( article_id=3 ) LIMIT 1   [ RunTime:0.0004s ]
INFO: [ view_parse ] --START--
INFO: [ template_filter ] --START--
INFO: Run Behavior\ContentReplaceBehavior [ RunTime:0.000039s ]
INFO: [ template_filter ] --END-- [ RunTime:0.000102s ]
INFO: Run Behavior\ParseTemplateBehavior [ RunTime:0.009964s ]
INFO: [ view_parse ] --END-- [ RunTime:0.010049s ]
INFO: [ view_filter ] --START--
INFO: Run Behavior\WriteHtmlCacheBehavior [ RunTime:0.001066s ]
INFO: [ view_filter ] --END-- [ RunTime:0.001114s ]
INFO: [ app_end ] --START--
INFO: Run Behavior\ShowPageTraceBehavior [ RunTime:0.001156s ]
INFO: [ app_end ] --END-- [ RunTime:0.001203s ]

[ 2016-04-14T11:38:07+08:00 ] 127.0.0.1 /mlbspa/weixin/index/article/id/3?uid=2
INFO: [ app_init ] --START--
INFO: Run Behavior\BuildLiteBehavior [ RunTime:0.000020s ]
INFO: [ app_init ] --END-- [ RunTime:0.001055s ]
INFO: [ app_begin ] --START--
INFO: Run Behavior\ReadHtmlCacheBehavior [ RunTime:0.001344s ]
INFO: [ app_begin ] --END-- [ RunTime:0.001414s ]
SQL: SHOW COLUMNS FROM `sharearticle` [ RunTime:0.0043s ]
SQL: SELECT * FROM `sharearticle` WHERE ( article_id=3 ) LIMIT 1   [ RunTime:0.0003s ]
INFO: [ view_parse ] --START--
INFO: [ template_filter ] --START--
INFO: Run Behavior\ContentReplaceBehavior [ RunTime:0.000038s ]
INFO: [ template_filter ] --END-- [ RunTime:0.000101s ]
INFO: Run Behavior\ParseTemplateBehavior [ RunTime:0.010145s ]
INFO: [ view_parse ] --END-- [ RunTime:0.010222s ]
INFO: [ view_filter ] --START--
INFO: Run Behavior\WriteHtmlCacheBehavior [ RunTime:0.001356s ]
INFO: [ view_filter ] --END-- [ RunTime:0.001428s ]
INFO: [ app_end ] --START--
INFO: Run Behavior\ShowPageTraceBehavior [ RunTime:0.001324s ]
INFO: [ app_end ] --END-- [ RunTime:0.001382s ]

[ 2016-04-14T13:34:10+08:00 ] 127.0.0.1 /mlbspa/weixin/index/article/id/3?uid=11
INFO: [ app_init ] --START--
INFO: Run Behavior\BuildLiteBehavior [ RunTime:0.000019s ]
INFO: [ app_init ] --END-- [ RunTime:0.000977s ]
INFO: [ app_begin ] --START--
INFO: Run Behavior\ReadHtmlCacheBehavior [ RunTime:0.001420s ]
INFO: [ app_begin ] --END-- [ RunTime:0.001493s ]
SQL: SHOW COLUMNS FROM `sharearticle` [ RunTime:0.0044s ]
SQL: SELECT * FROM `sharearticle` WHERE ( article_id=3 ) LIMIT 1   [ RunTime:0.0004s ]
SQL: SHOW COLUMNS FROM `share_log` [ RunTime:0.0051s ]
SQL: SELECT * FROM `share_log` WHERE `article_id` = 3 AND `user_id` = 11 AND `client_ip` = '127.0.0.1' LIMIT 1   [ RunTime:0.0005s ]
INFO: [ view_parse ] --START--
INFO: [ template_filter ] --START--
INFO: Run Behavior\ContentReplaceBehavior [ RunTime:0.000040s ]
INFO: [ template_filter ] --END-- [ RunTime:0.000102s ]
INFO: Run Behavior\ParseTemplateBehavior [ RunTime:0.009493s ]
INFO: [ view_parse ] --END-- [ RunTime:0.009573s ]
INFO: [ view_filter ] --START--
INFO: Run Behavior\WriteHtmlCacheBehavior [ RunTime:0.000911s ]
INFO: [ view_filter ] --END-- [ RunTime:0.000959s ]
INFO: [ app_end ] --START--
INFO: Run Behavior\ShowPageTraceBehavior [ RunTime:0.001159s ]
INFO: [ app_end ] --END-- [ RunTime:0.001212s ]

[ 2016-04-14T13:35:06+08:00 ] 127.0.0.1 /mlbspa/weixin/index/article/id/3?uid=11
INFO: [ app_init ] --START--
INFO: Run Behavior\BuildLiteBehavior [ RunTime:0.000017s ]
INFO: [ app_init ] --END-- [ RunTime:0.000929s ]
INFO: [ app_begin ] --START--
INFO: Run Behavior\ReadHtmlCacheBehavior [ RunTime:0.001359s ]
INFO: [ app_begin ] --END-- [ RunTime:0.001430s ]
SQL: SHOW COLUMNS FROM `sharearticle` [ RunTime:0.0056s ]
SQL: SELECT * FROM `sharearticle` WHERE ( article_id=3 ) LIMIT 1   [ RunTime:0.0004s ]
SQL: SHOW COLUMNS FROM `share_log` [ RunTime:0.0061s ]
SQL: SELECT * FROM `share_log` WHERE `article_id` = 3 AND `user_id` = 11 AND `client_ip` = '127.0.0.1' LIMIT 1   [ RunTime:0.0005s ]
NOTIC: [8] Undefined variable: article D:\Develop\WWW\mlbspa\weixin\Application\Home\Model\ShareModel.class.php 第 38 行.
SQL: INSERT INTO `share_log` (`article_id`,`user_id`,`create_time`,`client_ip`,`point`,`log_info`) VALUES ('3','11','1460612106','127.0.0.1','1','分享文章【】增加1积分') [ RunTime:0.1015s ]
INFO: [ view_parse ] --START--
INFO: [ template_filter ] --START--
INFO: Run Behavior\ContentReplaceBehavior [ RunTime:0.000041s ]
INFO: [ template_filter ] --END-- [ RunTime:0.000106s ]
INFO: Run Behavior\ParseTemplateBehavior [ RunTime:0.010759s ]
INFO: [ view_parse ] --END-- [ RunTime:0.010840s ]
INFO: [ view_filter ] --START--
INFO: Run Behavior\WriteHtmlCacheBehavior [ RunTime:0.001133s ]
INFO: [ view_filter ] --END-- [ RunTime:0.001189s ]
INFO: [ app_end ] --START--
INFO: Run Behavior\ShowPageTraceBehavior [ RunTime:0.001270s ]
INFO: [ app_end ] --END-- [ RunTime:0.001325s ]

[ 2016-04-14T13:36:09+08:00 ] 127.0.0.1 /mlbspa/weixin/index/article/id/3?uid=11
INFO: [ app_init ] --START--
INFO: Run Behavior\BuildLiteBehavior [ RunTime:0.000019s ]
INFO: [ app_init ] --END-- [ RunTime:0.000981s ]
INFO: [ app_begin ] --START--
INFO: Run Behavior\ReadHtmlCacheBehavior [ RunTime:0.001382s ]
INFO: [ app_begin ] --END-- [ RunTime:0.001459s ]
SQL: SHOW COLUMNS FROM `sharearticle` [ RunTime:0.0046s ]
SQL: SELECT * FROM `sharearticle` WHERE ( article_id=3 ) LIMIT 1   [ RunTime:0.0004s ]
SQL: SHOW COLUMNS FROM `share_log` [ RunTime:0.0052s ]
SQL: SELECT * FROM `share_log` WHERE `article_id` = 3 AND `user_id` = 11 AND `client_ip` = '127.0.0.1' LIMIT 1   [ RunTime:0.0004s ]
SQL: INSERT INTO `share_log` (`article_id`,`user_id`,`create_time`,`client_ip`,`point`,`log_info`) VALUES ('3','11','1460612169','127.0.0.1','1','分享文章增加1积分') [ RunTime:0.1083s ]
INFO: [ view_parse ] --START--
INFO: [ template_filter ] --START--
INFO: Run Behavior\ContentReplaceBehavior [ RunTime:0.000080s ]
INFO: [ template_filter ] --END-- [ RunTime:0.000201s ]
INFO: Run Behavior\ParseTemplateBehavior [ RunTime:0.020224s ]
INFO: [ view_parse ] --END-- [ RunTime:0.020370s ]
INFO: [ view_filter ] --START--
INFO: Run Behavior\WriteHtmlCacheBehavior [ RunTime:0.001444s ]
INFO: [ view_filter ] --END-- [ RunTime:0.001542s ]
INFO: [ app_end ] --START--
INFO: Run Behavior\ShowPageTraceBehavior [ RunTime:0.001445s ]
INFO: [ app_end ] --END-- [ RunTime:0.001550s ]

[ 2016-04-14T13:36:14+08:00 ] 127.0.0.1 /mlbspa/weixin/index/article/id/3?uid=11
INFO: [ app_init ] --START--
INFO: Run Behavior\BuildLiteBehavior [ RunTime:0.000019s ]
INFO: [ app_init ] --END-- [ RunTime:0.000893s ]
INFO: [ app_begin ] --START--
INFO: Run Behavior\ReadHtmlCacheBehavior [ RunTime:0.001061s ]
INFO: [ app_begin ] --END-- [ RunTime:0.001136s ]
SQL: SHOW COLUMNS FROM `sharearticle` [ RunTime:0.0051s ]
SQL: SELECT * FROM `sharearticle` WHERE ( article_id=3 ) LIMIT 1   [ RunTime:0.0004s ]
SQL: SHOW COLUMNS FROM `share_log` [ RunTime:0.0047s ]
SQL: SELECT * FROM `share_log` WHERE `article_id` = 3 AND `user_id` = 11 AND `client_ip` = '127.0.0.1' LIMIT 1   [ RunTime:0.0004s ]
INFO: [ view_parse ] --START--
INFO: [ template_filter ] --START--
INFO: Run Behavior\ContentReplaceBehavior [ RunTime:0.000040s ]
INFO: [ template_filter ] --END-- [ RunTime:0.000102s ]
INFO: Run Behavior\ParseTemplateBehavior [ RunTime:0.008801s ]
INFO: [ view_parse ] --END-- [ RunTime:0.008872s ]
INFO: [ view_filter ] --START--
INFO: Run Behavior\WriteHtmlCacheBehavior [ RunTime:0.000706s ]
INFO: [ view_filter ] --END-- [ RunTime:0.000754s ]
INFO: [ app_end ] --START--
INFO: Run Behavior\ShowPageTraceBehavior [ RunTime:0.001088s ]
INFO: [ app_end ] --END-- [ RunTime:0.001165s ]

[ 2016-04-14T14:16:15+08:00 ] 127.0.0.1 /mlbspa/weixin/index/article/id/3?uid=11
INFO: [ app_init ] --START--
INFO: Run Behavior\BuildLiteBehavior [ RunTime:0.000018s ]
INFO: [ app_init ] --END-- [ RunTime:0.000930s ]
INFO: [ app_begin ] --START--
INFO: Run Behavior\ReadHtmlCacheBehavior [ RunTime:0.001258s ]
INFO: [ app_begin ] --END-- [ RunTime:0.001322s ]
SQL: SHOW COLUMNS FROM `sharearticle` [ RunTime:0.0051s ]
SQL: SELECT * FROM `sharearticle` WHERE ( article_id=3 ) LIMIT 1   [ RunTime:0.0005s ]
SQL: SHOW COLUMNS FROM `share_log` [ RunTime:0.0057s ]
SQL: SELECT * FROM `share_log` WHERE `article_id` = 3 AND `user_id` = 11 AND `client_ip` = '127.0.0.1' LIMIT 1   [ RunTime:0.0004s ]
INFO: [ view_parse ] --START--
INFO: [ template_filter ] --START--
INFO: Run Behavior\ContentReplaceBehavior [ RunTime:0.000059s ]
INFO: [ template_filter ] --END-- [ RunTime:0.000154s ]
INFO: Run Behavior\ParseTemplateBehavior [ RunTime:0.009978s ]
INFO: [ view_parse ] --END-- [ RunTime:0.010050s ]
INFO: [ view_filter ] --START--
INFO: Run Behavior\WriteHtmlCacheBehavior [ RunTime:0.000932s ]
INFO: [ view_filter ] --END-- [ RunTime:0.000982s ]
INFO: [ app_end ] --START--
INFO: Run Behavior\ShowPageTraceBehavior [ RunTime:0.001159s ]
INFO: [ app_end ] --END-- [ RunTime:0.001208s ]

[ 2016-04-14T14:16:16+08:00 ] 127.0.0.1 /mlbspa/weixin/Index/register.html
INFO: [ app_init ] --START--
INFO: Run Behavior\BuildLiteBehavior [ RunTime:0.000020s ]
INFO: [ app_init ] --END-- [ RunTime:0.001044s ]
INFO: [ app_begin ] --START--
INFO: Run Behavior\ReadHtmlCacheBehavior [ RunTime:0.001377s ]
INFO: [ app_begin ] --END-- [ RunTime:0.001450s ]
INFO: [ view_parse ] --START--
INFO: [ template_filter ] --START--
INFO: Run Behavior\ContentReplaceBehavior [ RunTime:0.000060s ]
INFO: [ template_filter ] --END-- [ RunTime:0.000127s ]
INFO: Run Behavior\ParseTemplateBehavior [ RunTime:0.010111s ]
INFO: [ view_parse ] --END-- [ RunTime:0.010207s ]
INFO: [ view_filter ] --START--
INFO: Run Behavior\WriteHtmlCacheBehavior [ RunTime:0.001164s ]
INFO: [ view_filter ] --END-- [ RunTime:0.001219s ]
INFO: [ app_end ] --START--
INFO: Run Behavior\ShowPageTraceBehavior [ RunTime:0.001263s ]
INFO: [ app_end ] --END-- [ RunTime:0.001322s ]

[ 2016-04-14T14:16:42+08:00 ] 127.0.0.1 /mlbspa/weixin/index/article/id/3?uid=11
INFO: [ app_init ] --START--
INFO: Run Behavior\BuildLiteBehavior [ RunTime:0.000027s ]
INFO: [ app_init ] --END-- [ RunTime:0.001851s ]
INFO: [ app_begin ] --START--
INFO: Run Behavior\ReadHtmlCacheBehavior [ RunTime:0.001275s ]
INFO: [ app_begin ] --END-- [ RunTime:0.001342s ]
SQL: SHOW COLUMNS FROM `sharearticle` [ RunTime:0.0058s ]
SQL: SELECT * FROM `sharearticle` WHERE ( article_id=3 ) LIMIT 1   [ RunTime:0.0004s ]
SQL: SHOW COLUMNS FROM `share_log` [ RunTime:0.0045s ]
SQL: SELECT * FROM `share_log` WHERE `article_id` = 3 AND `user_id` = 11 AND `client_ip` = '127.0.0.1' LIMIT 1   [ RunTime:0.0004s ]
INFO: [ view_parse ] --START--
INFO: [ template_filter ] --START--
INFO: Run Behavior\ContentReplaceBehavior [ RunTime:0.000039s ]
INFO: [ template_filter ] --END-- [ RunTime:0.000096s ]

[ 2016-04-14T14:16:54+08:00 ] 127.0.0.1 /mlbspa/weixin/index/article/id/3?uid=11
INFO: [ app_init ] --START--
INFO: Run Behavior\BuildLiteBehavior [ RunTime:0.000019s ]
INFO: [ app_init ] --END-- [ RunTime:0.000909s ]
INFO: [ app_begin ] --START--
INFO: Run Behavior\ReadHtmlCacheBehavior [ RunTime:0.000969s ]
INFO: [ app_begin ] --END-- [ RunTime:0.001044s ]
SQL: SHOW COLUMNS FROM `sharearticle` [ RunTime:0.0047s ]
SQL: SELECT * FROM `sharearticle` WHERE ( article_id=3 ) LIMIT 1   [ RunTime:0.0004s ]
SQL: SHOW COLUMNS FROM `share_log` [ RunTime:0.0058s ]
SQL: SELECT * FROM `share_log` WHERE `article_id` = 3 AND `user_id` = 11 AND `client_ip` = '127.0.0.1' LIMIT 1   [ RunTime:0.0004s ]
INFO: [ view_parse ] --START--
INFO: [ template_filter ] --START--
INFO: Run Behavior\ContentReplaceBehavior [ RunTime:0.000039s ]
INFO: [ template_filter ] --END-- [ RunTime:0.000097s ]
INFO: Run Behavior\ParseTemplateBehavior [ RunTime:0.007537s ]
INFO: [ view_parse ] --END-- [ RunTime:0.007602s ]
INFO: [ view_filter ] --START--
INFO: Run Behavior\WriteHtmlCacheBehavior [ RunTime:0.000912s ]
INFO: [ view_filter ] --END-- [ RunTime:0.000958s ]
INFO: [ app_end ] --START--
INFO: Run Behavior\ShowPageTraceBehavior [ RunTime:0.001108s ]
INFO: [ app_end ] --END-- [ RunTime:0.001155s ]

[ 2016-04-14T14:16:56+08:00 ] 127.0.0.1 /mlbspa/weixin/Index/register/user_id/11.html
INFO: [ app_init ] --START--
INFO: Run Behavior\BuildLiteBehavior [ RunTime:0.000019s ]
INFO: [ app_init ] --END-- [ RunTime:0.001010s ]
INFO: [ app_begin ] --START--
INFO: Run Behavior\ReadHtmlCacheBehavior [ RunTime:0.001392s ]
INFO: [ app_begin ] --END-- [ RunTime:0.001473s ]
INFO: [ view_parse ] --START--
INFO: [ template_filter ] --START--
INFO: Run Behavior\ContentReplaceBehavior [ RunTime:0.000059s ]
INFO: [ template_filter ] --END-- [ RunTime:0.000123s ]
INFO: Run Behavior\ParseTemplateBehavior [ RunTime:0.009949s ]
INFO: [ view_parse ] --END-- [ RunTime:0.010043s ]
INFO: [ view_filter ] --START--
INFO: Run Behavior\WriteHtmlCacheBehavior [ RunTime:0.002061s ]
INFO: [ view_filter ] --END-- [ RunTime:0.002183s ]
INFO: [ app_end ] --START--
INFO: Run Behavior\ShowPageTraceBehavior [ RunTime:0.001530s ]
INFO: [ app_end ] --END-- [ RunTime:0.001598s ]

[ 2016-04-14T14:19:10+08:00 ] 127.0.0.1 /mlbspa/weixin/index/article/id/3?uid=11
INFO: [ app_init ] --START--
INFO: Run Behavior\BuildLiteBehavior [ RunTime:0.000020s ]
INFO: [ app_init ] --END-- [ RunTime:0.001065s ]
INFO: [ app_begin ] --START--
INFO: Run Behavior\ReadHtmlCacheBehavior [ RunTime:0.001306s ]
INFO: [ app_begin ] --END-- [ RunTime:0.001374s ]
SQL: SHOW COLUMNS FROM `sharearticle` [ RunTime:0.0046s ]
SQL: SELECT * FROM `sharearticle` WHERE ( article_id=3 ) LIMIT 1   [ RunTime:0.0004s ]
SQL: SHOW COLUMNS FROM `share_log` [ RunTime:0.0042s ]
SQL: SELECT * FROM `share_log` WHERE `article_id` = 3 AND `user_id` = 11 AND `client_ip` = '127.0.0.1' LIMIT 1   [ RunTime:0.0004s ]
INFO: [ view_parse ] --START--
INFO: [ template_filter ] --START--
INFO: Run Behavior\ContentReplaceBehavior [ RunTime:0.000039s ]
INFO: [ template_filter ] --END-- [ RunTime:0.000101s ]
INFO: Run Behavior\ParseTemplateBehavior [ RunTime:0.010121s ]
INFO: [ view_parse ] --END-- [ RunTime:0.010224s ]
INFO: [ view_filter ] --START--
INFO: Run Behavior\WriteHtmlCacheBehavior [ RunTime:0.001471s ]
INFO: [ view_filter ] --END-- [ RunTime:0.001567s ]
INFO: [ app_end ] --START--
INFO: Run Behavior\ShowPageTraceBehavior [ RunTime:0.001781s ]
INFO: [ app_end ] --END-- [ RunTime:0.001861s ]

[ 2016-04-14T14:19:11+08:00 ] 127.0.0.1 /mlbspa/weixin/Index/register/userid/11.html
INFO: [ app_init ] --START--
INFO: Run Behavior\BuildLiteBehavior [ RunTime:0.000018s ]
INFO: [ app_init ] --END-- [ RunTime:0.000975s ]
INFO: [ app_begin ] --START--
INFO: Run Behavior\ReadHtmlCacheBehavior [ RunTime:0.001380s ]
INFO: [ app_begin ] --END-- [ RunTime:0.001453s ]
INFO: [ view_parse ] --START--
INFO: [ template_filter ] --START--
INFO: Run Behavior\ContentReplaceBehavior [ RunTime:0.000059s ]
INFO: [ template_filter ] --END-- [ RunTime:0.000124s ]
INFO: Run Behavior\ParseTemplateBehavior [ RunTime:0.011359s ]
INFO: [ view_parse ] --END-- [ RunTime:0.011507s ]
INFO: [ view_filter ] --START--
INFO: Run Behavior\WriteHtmlCacheBehavior [ RunTime:0.001799s ]
INFO: [ view_filter ] --END-- [ RunTime:0.001906s ]
INFO: [ app_end ] --START--
INFO: Run Behavior\ShowPageTraceBehavior [ RunTime:0.001932s ]
INFO: [ app_end ] --END-- [ RunTime:0.002037s ]

[ 2016-04-14T14:19:15+08:00 ] 127.0.0.1 /mlbspa/weixin/index/article/id/3?uid=12
INFO: [ app_init ] --START--
INFO: Run Behavior\BuildLiteBehavior [ RunTime:0.000027s ]
INFO: [ app_init ] --END-- [ RunTime:0.001450s ]
INFO: [ app_begin ] --START--
INFO: Run Behavior\ReadHtmlCacheBehavior [ RunTime:0.000886s ]
INFO: [ app_begin ] --END-- [ RunTime:0.000948s ]
SQL: SHOW COLUMNS FROM `sharearticle` [ RunTime:0.0044s ]
SQL: SELECT * FROM `sharearticle` WHERE ( article_id=3 ) LIMIT 1   [ RunTime:0.0004s ]
SQL: SHOW COLUMNS FROM `share_log` [ RunTime:0.0041s ]
SQL: SELECT * FROM `share_log` WHERE `article_id` = 3 AND `user_id` = 12 AND `client_ip` = '127.0.0.1' LIMIT 1   [ RunTime:0.0003s ]
SQL: INSERT INTO `share_log` (`article_id`,`user_id`,`create_time`,`client_ip`,`point`,`log_info`) VALUES ('3','12','1460614755','127.0.0.1','1','分享文章增加1积分') [ RunTime:0.1098s ]
INFO: [ view_parse ] --START--
INFO: [ template_filter ] --START--
INFO: Run Behavior\ContentReplaceBehavior [ RunTime:0.000091s ]
INFO: [ template_filter ] --END-- [ RunTime:0.000217s ]
INFO: Run Behavior\ParseTemplateBehavior [ RunTime:0.018448s ]
INFO: [ view_parse ] --END-- [ RunTime:0.018651s ]
INFO: [ view_filter ] --START--
INFO: Run Behavior\WriteHtmlCacheBehavior [ RunTime:0.001694s ]
INFO: [ view_filter ] --END-- [ RunTime:0.001798s ]
INFO: [ app_end ] --START--
INFO: Run Behavior\ShowPageTraceBehavior [ RunTime:0.002017s ]
INFO: [ app_end ] --END-- [ RunTime:0.002132s ]

[ 2016-04-14T14:19:18+08:00 ] 127.0.0.1 /mlbspa/weixin/Index/register/userid/12.html
INFO: [ app_init ] --START--
INFO: Run Behavior\BuildLiteBehavior [ RunTime:0.000018s ]
INFO: [ app_init ] --END-- [ RunTime:0.000793s ]
INFO: [ app_begin ] --START--
INFO: Run Behavior\ReadHtmlCacheBehavior [ RunTime:0.001030s ]
INFO: [ app_begin ] --END-- [ RunTime:0.001104s ]
INFO: [ view_parse ] --START--
INFO: [ template_filter ] --START--
INFO: Run Behavior\ContentReplaceBehavior [ RunTime:0.000059s ]
INFO: [ template_filter ] --END-- [ RunTime:0.000120s ]
INFO: Run Behavior\ParseTemplateBehavior [ RunTime:0.007842s ]
INFO: [ view_parse ] --END-- [ RunTime:0.007909s ]
INFO: [ view_filter ] --START--
INFO: Run Behavior\WriteHtmlCacheBehavior [ RunTime:0.000726s ]
INFO: [ view_filter ] --END-- [ RunTime:0.000779s ]
INFO: [ app_end ] --START--
INFO: Run Behavior\ShowPageTraceBehavior [ RunTime:0.001291s ]
INFO: [ app_end ] --END-- [ RunTime:0.001389s ]

[ 2016-04-14T14:19:30+08:00 ] 127.0.0.1 /mlbspa/weixin/Index/register/userid/12.html
INFO: [ app_init ] --START--
INFO: Run Behavior\BuildLiteBehavior [ RunTime:0.000017s ]
INFO: [ app_init ] --END-- [ RunTime:0.000879s ]
INFO: [ app_begin ] --START--
INFO: Run Behavior\ReadHtmlCacheBehavior [ RunTime:0.001683s ]
INFO: [ app_begin ] --END-- [ RunTime:0.001767s ]
INFO: [ view_parse ] --START--
INFO: [ template_filter ] --START--
INFO: Run Behavior\ContentReplaceBehavior [ RunTime:0.000082s ]
INFO: [ template_filter ] --END-- [ RunTime:0.000146s ]
INFO: Run Behavior\ParseTemplateBehavior [ RunTime:0.009991s ]
INFO: [ view_parse ] --END-- [ RunTime:0.010055s ]
INFO: [ view_filter ] --START--
INFO: Run Behavior\WriteHtmlCacheBehavior [ RunTime:0.001457s ]
INFO: [ view_filter ] --END-- [ RunTime:0.001524s ]
INFO: [ app_end ] --START--
INFO: Run Behavior\ShowPageTraceBehavior [ RunTime:0.001939s ]
INFO: [ app_end ] --END-- [ RunTime:0.002174s ]

[ 2016-04-14T17:30:29+08:00 ] 127.0.0.1 /mlbspa/weixin/index/article/id/3?uid=11
INFO: [ app_init ] --START--
INFO: Run Behavior\BuildLiteBehavior [ RunTime:0.000019s ]
INFO: [ app_init ] --END-- [ RunTime:0.001105s ]
INFO: [ app_begin ] --START--
INFO: Run Behavior\ReadHtmlCacheBehavior [ RunTime:0.000933s ]
INFO: [ app_begin ] --END-- [ RunTime:0.000997s ]
SQL: SHOW COLUMNS FROM `sharearticle` [ RunTime:0.0049s ]
SQL: SELECT * FROM `sharearticle` WHERE ( article_id=3 ) LIMIT 1   [ RunTime:0.0383s ]
SQL: SHOW COLUMNS FROM `share_log` [ RunTime:0.0043s ]
SQL: SELECT * FROM `share_log` WHERE `article_id` = 3 AND `user_id` = 11 AND `client_ip` = '127.0.0.1' LIMIT 1   [ RunTime:0.0004s ]
SQL: INSERT INTO `share_log` (`article_id`,`user_id`,`create_time`,`client_ip`,`point`,`log_info`) VALUES ('3','11','1460626229','127.0.0.1','1','分享文章增加1积分') [ RunTime:0.0728s ]
INFO: [ view_parse ] --START--
INFO: [ template_filter ] --START--
INFO: Run Behavior\ContentReplaceBehavior [ RunTime:0.000078s ]
INFO: [ template_filter ] --END-- [ RunTime:0.000200s ]
INFO: Run Behavior\ParseTemplateBehavior [ RunTime:0.019533s ]
INFO: [ view_parse ] --END-- [ RunTime:0.019658s ]
INFO: [ view_filter ] --START--
INFO: Run Behavior\WriteHtmlCacheBehavior [ RunTime:0.002102s ]
INFO: [ view_filter ] --END-- [ RunTime:0.002206s ]
INFO: [ app_end ] --START--
INFO: Run Behavior\ShowPageTraceBehavior [ RunTime:0.003171s ]
INFO: [ app_end ] --END-- [ RunTime:0.003362s ]

[ 2016-04-14T17:31:16+08:00 ] 127.0.0.1 /mlbspa/weixin/index/article/id/3?uid=11
INFO: [ app_init ] --START--
INFO: Run Behavior\BuildLiteBehavior [ RunTime:0.000018s ]
INFO: [ app_init ] --END-- [ RunTime:0.000949s ]
INFO: [ app_begin ] --START--
INFO: Run Behavior\ReadHtmlCacheBehavior [ RunTime:0.001365s ]
INFO: [ app_begin ] --END-- [ RunTime:0.001437s ]
SQL: SHOW COLUMNS FROM `sharearticle` [ RunTime:0.0056s ]
SQL: SELECT * FROM `sharearticle` WHERE ( article_id=3 ) LIMIT 1   [ RunTime:0.0004s ]
SQL: SHOW COLUMNS FROM `share_log` [ RunTime:0.0054s ]
SQL: SELECT * FROM `share_log` WHERE `article_id` = 3 AND `user_id` = 11 AND `client_ip` = '127.0.0.1' LIMIT 1   [ RunTime:0.0004s ]
INFO: [ view_parse ] --START--
INFO: [ template_filter ] --START--
INFO: Run Behavior\ContentReplaceBehavior [ RunTime:0.000040s ]
INFO: [ template_filter ] --END-- [ RunTime:0.000104s ]
INFO: Run Behavior\ParseTemplateBehavior [ RunTime:0.010126s ]
INFO: [ view_parse ] --END-- [ RunTime:0.010213s ]
INFO: [ view_filter ] --START--
INFO: Run Behavior\WriteHtmlCacheBehavior [ RunTime:0.000982s ]
INFO: [ view_filter ] --END-- [ RunTime:0.001030s ]
INFO: [ app_end ] --START--
INFO: Run Behavior\ShowPageTraceBehavior [ RunTime:0.001198s ]
INFO: [ app_end ] --END-- [ RunTime:0.001270s ]

[ 2016-04-14T17:31:50+08:00 ] 127.0.0.1 /mlbspa/weixin/index/article/id/3?uid=11
INFO: [ app_init ] --START--
INFO: Run Behavior\BuildLiteBehavior [ RunTime:0.000029s ]
INFO: [ app_init ] --END-- [ RunTime:0.001002s ]
INFO: [ app_begin ] --START--
INFO: Run Behavior\ReadHtmlCacheBehavior [ RunTime:0.001319s ]
INFO: [ app_begin ] --END-- [ RunTime:0.001402s ]
SQL: SHOW COLUMNS FROM `sharearticle` [ RunTime:0.0058s ]
SQL: SELECT * FROM `sharearticle` WHERE ( article_id=3 ) LIMIT 1   [ RunTime:0.0004s ]
SQL: SHOW COLUMNS FROM `share_log` [ RunTime:0.0045s ]
SQL: SELECT * FROM `share_log` WHERE `article_id` = 3 AND `user_id` = 11 AND `client_ip` = '127.0.0.1' LIMIT 1   [ RunTime:0.0004s ]
SQL: INSERT INTO `share_log` (`article_id`,`user_id`,`create_time`,`client_ip`,`point`,`log_info`) VALUES ('3','11','1460626310','127.0.0.1','1','分享文章增加1积分') [ RunTime:0.0844s ]
INFO: [ view_parse ] --START--
INFO: [ template_filter ] --START--
INFO: Run Behavior\ContentReplaceBehavior [ RunTime:0.000044s ]
INFO: [ template_filter ] --END-- [ RunTime:0.000113s ]
INFO: Run Behavior\ParseTemplateBehavior [ RunTime:0.009517s ]
INFO: [ view_parse ] --END-- [ RunTime:0.009593s ]
INFO: [ view_filter ] --START--
INFO: Run Behavior\WriteHtmlCacheBehavior [ RunTime:0.000852s ]
INFO: [ view_filter ] --END-- [ RunTime:0.000911s ]
INFO: [ app_end ] --START--
INFO: Run Behavior\ShowPageTraceBehavior [ RunTime:0.001052s ]
INFO: [ app_end ] --END-- [ RunTime:0.001115s ]

