[ 2016-06-26T08:23:39+08:00 ] 192.168.1.111 /mlbspa/manage/Public/index.html
INFO: [ view_parse ] --START--
INFO: [ template_filter ] --START--
INFO: Run Behavior\ContentReplaceBehavior [ RunTime:0.000075s ]
INFO: [ template_filter ] --END-- [ RunTime:0.000175s ]
INFO: Run Behavior\ParseTemplateBehavior [ RunTime:0.038734s ]
INFO: [ view_parse ] --END-- [ RunTime:0.039314s ]
INFO: [ view_filter ] --START--
INFO: Run Behavior\WriteHtmlCacheBehavior [ RunTime:0.000567s ]
INFO: [ view_filter ] --END-- [ RunTime:0.000619s ]
INFO: [ app_end ] --START--
INFO: Run Behavior\ShowPageTraceBehavior [ RunTime:0.006748s ]
INFO: [ app_end ] --END-- [ RunTime:0.006801s ]

[ 2016-06-26T08:23:39+08:00 ] 127.0.0.1 /mlbspa/manage/Public/verify_code
INFO: [ app_end ] --START--
INFO: Run Behavior\ShowPageTraceBehavior [ RunTime:0.000770s ]
INFO: [ app_end ] --END-- [ RunTime:0.001528s ]

[ 2016-06-26T08:23:51+08:00 ] 192.168.1.111 /mlbspa/manage/Public/index.html
INFO: [ app_begin ] --START--
INFO: Run Behavior\ReadHtmlCacheBehavior [ RunTime:0.000586s ]
INFO: [ app_begin ] --END-- [ RunTime:0.001104s ]
SQL: SHOW COLUMNS FROM `users` [ RunTime:0.0049s ]
SQL: SELECT COUNT(*) AS tp_count FROM `users` WHERE ( `user_code`='admin' ) LIMIT 1   [ RunTime:0.0351s ]
SQL: SELECT `uid`,`user_password`,`status` FROM `users` WHERE ( `user_code`='admin' ) LIMIT 1   [ RunTime:0.0198s ]
SQL: UPDATE `users` SET `login_ip`='192.168.1.111',`last_login_time`='1466900631' WHERE ( uid=1 ) [ RunTime:0.0164s ]
SQL: SELECT `uid`,`user_code`,`status`,`admin_type` FROM `users` WHERE ( `user_code`='admin' ) LIMIT 1   [ RunTime:0.0004s ]

[ 2016-06-26T08:23:54+08:00 ] 127.0.0.1 /mlbspa/manage/Public/verify_code?rand=0.21763636538032483
INFO: [ app_end ] --START--
INFO: Run Behavior\ShowPageTraceBehavior [ RunTime:0.000812s ]
INFO: [ app_end ] --END-- [ RunTime:0.001576s ]

[ 2016-06-26T08:23:59+08:00 ] 192.168.1.111 /mlbspa/manage/Public/index.html
INFO: [ app_begin ] --START--
INFO: Run Behavior\ReadHtmlCacheBehavior [ RunTime:0.000609s ]
INFO: [ app_begin ] --END-- [ RunTime:0.001188s ]
SQL: SHOW COLUMNS FROM `users` [ RunTime:0.0050s ]
SQL: SELECT COUNT(*) AS tp_count FROM `users` WHERE ( `user_code`='admin' ) LIMIT 1   [ RunTime:0.0003s ]
SQL: SELECT `uid`,`user_password`,`status` FROM `users` WHERE ( `user_code`='admin' ) LIMIT 1   [ RunTime:0.0003s ]
SQL: UPDATE `users` SET `login_ip`='192.168.1.111',`last_login_time`='1466900639' WHERE ( uid=1 ) [ RunTime:0.0003s ]
SQL: SELECT `uid`,`user_code`,`status`,`admin_type` FROM `users` WHERE ( `user_code`='admin' ) LIMIT 1   [ RunTime:0.0003s ]

[ 2016-06-26T08:24:06+08:00 ] 192.168.1.111 /mlbspa/manage/Public/index.html
INFO: [ view_parse ] --START--
INFO: [ template_filter ] --START--
INFO: Run Behavior\ContentReplaceBehavior [ RunTime:0.000047s ]
INFO: [ template_filter ] --END-- [ RunTime:0.000104s ]
INFO: Run Behavior\ParseTemplateBehavior [ RunTime:0.006907s ]
INFO: [ view_parse ] --END-- [ RunTime:0.007459s ]
INFO: [ view_filter ] --START--
INFO: Run Behavior\WriteHtmlCacheBehavior [ RunTime:0.000487s ]
INFO: [ view_filter ] --END-- [ RunTime:0.000530s ]
INFO: [ app_end ] --START--
INFO: Run Behavior\ShowPageTraceBehavior [ RunTime:0.000668s ]
INFO: [ app_end ] --END-- [ RunTime:0.000719s ]

[ 2016-06-26T08:24:27+08:00 ] 127.0.0.1 /mlbspa/manage/Public/index.html
INFO: [ view_parse ] --START--
INFO: [ template_filter ] --START--
INFO: Run Behavior\ContentReplaceBehavior [ RunTime:0.000050s ]
INFO: [ template_filter ] --END-- [ RunTime:0.000119s ]
INFO: Run Behavior\ParseTemplateBehavior [ RunTime:0.008038s ]
INFO: [ view_parse ] --END-- [ RunTime:0.008531s ]
INFO: [ view_filter ] --START--
INFO: Run Behavior\WriteHtmlCacheBehavior [ RunTime:0.000473s ]
INFO: [ view_filter ] --END-- [ RunTime:0.000525s ]
INFO: [ app_end ] --START--
INFO: Run Behavior\ShowPageTraceBehavior [ RunTime:0.000625s ]
INFO: [ app_end ] --END-- [ RunTime:0.000671s ]

[ 2016-06-26T08:24:27+08:00 ] 127.0.0.1 /mlbspa/manage/Public/verify_code
INFO: [ app_end ] --START--
INFO: Run Behavior\ShowPageTraceBehavior [ RunTime:0.001345s ]
INFO: [ app_end ] --END-- [ RunTime:0.002613s ]

[ 2016-06-26T08:24:28+08:00 ] 127.0.0.1 /mlbspa/manage/Public/index.html
INFO: [ view_parse ] --START--
INFO: [ template_filter ] --START--
INFO: Run Behavior\ContentReplaceBehavior [ RunTime:0.000050s ]
INFO: [ template_filter ] --END-- [ RunTime:0.000118s ]
INFO: Run Behavior\ParseTemplateBehavior [ RunTime:0.007022s ]
INFO: [ view_parse ] --END-- [ RunTime:0.007508s ]
INFO: [ view_filter ] --START--
INFO: Run Behavior\WriteHtmlCacheBehavior [ RunTime:0.000361s ]
INFO: [ view_filter ] --END-- [ RunTime:0.000406s ]
INFO: [ app_end ] --START--
INFO: Run Behavior\ShowPageTraceBehavior [ RunTime:0.000623s ]
INFO: [ app_end ] --END-- [ RunTime:0.000670s ]

[ 2016-06-26T08:24:28+08:00 ] 127.0.0.1 /mlbspa/manage/Public/verify_code
INFO: [ app_end ] --START--
INFO: Run Behavior\ShowPageTraceBehavior [ RunTime:0.001388s ]
INFO: [ app_end ] --END-- [ RunTime:0.002398s ]

[ 2016-06-26T08:24:47+08:00 ] 127.0.0.1 /mlbspa/manage/Public/index.html
INFO: [ app_begin ] --START--
INFO: Run Behavior\ReadHtmlCacheBehavior [ RunTime:0.000622s ]
INFO: [ app_begin ] --END-- [ RunTime:0.001181s ]
SQL: SHOW COLUMNS FROM `users` [ RunTime:0.0047s ]
SQL: SELECT COUNT(*) AS tp_count FROM `users` WHERE ( `user_code`='admin' ) LIMIT 1   [ RunTime:0.0003s ]
SQL: SELECT `uid`,`user_password`,`status` FROM `users` WHERE ( `user_code`='admin' ) LIMIT 1   [ RunTime:0.0003s ]
SQL: UPDATE `users` SET `login_ip`='127.0.0.1',`last_login_time`='1466900687' WHERE ( uid=1 ) [ RunTime:0.0003s ]
SQL: SELECT `uid`,`user_code`,`status`,`admin_type` FROM `users` WHERE ( `user_code`='admin' ) LIMIT 1   [ RunTime:0.0002s ]
INFO: [ app_end ] --START--
INFO: Run Behavior\ShowPageTraceBehavior [ RunTime:0.000632s ]
INFO: [ app_end ] --END-- [ RunTime:0.000689s ]

[ 2016-06-26T08:24:49+08:00 ] 127.0.0.1 /mlbspa/manage/Public/js/jquery.min.map
ERR: 非法操作:js

[ 2016-06-26T08:24:53+08:00 ] 127.0.0.1 /mlbspa/manage/Public/js/jquery.min.map
ERR: 非法操作:js

[ 2016-06-26T08:24:54+08:00 ] 127.0.0.1 /mlbspa/manage/Public/js/jquery.min.map
ERR: 非法操作:js

