[ 2016-04-22T04:01:08+08:00 ] 127.0.0.1 /mlbspa/manage/Public/index.html
INFO: [ view_parse ] --START--
INFO: [ template_filter ] --START--
INFO: Run Behavior\ContentReplaceBehavior [ RunTime:0.000054s ]
INFO: [ template_filter ] --END-- [ RunTime:0.000126s ]
INFO: Run Behavior\ParseTemplateBehavior [ RunTime:0.114533s ]
INFO: [ view_parse ] --END-- [ RunTime:0.116199s ]
INFO: [ view_filter ] --START--
INFO: Run Behavior\WriteHtmlCacheBehavior [ RunTime:0.001578s ]
INFO: [ view_filter ] --END-- [ RunTime:0.001633s ]
INFO: [ app_end ] --START--
INFO: Run Behavior\ShowPageTraceBehavior [ RunTime:0.008977s ]
INFO: [ app_end ] --END-- [ RunTime:0.009054s ]

[ 2016-04-22T04:01:08+08:00 ] 127.0.0.1 /mlbspa/manage/Public/verify_code
INFO: [ app_end ] --START--
INFO: Run Behavior\ShowPageTraceBehavior [ RunTime:0.001686s ]
INFO: [ app_end ] --END-- [ RunTime:0.002982s ]

[ 2016-04-22T04:01:15+08:00 ] 127.0.0.1 /mlbspa/manage/Public/verify_code?rand=0.6543016186915338
INFO: [ app_end ] --START--
INFO: Run Behavior\ShowPageTraceBehavior [ RunTime:0.001825s ]
INFO: [ app_end ] --END-- [ RunTime:0.003041s ]

[ 2016-04-22T04:01:18+08:00 ] 127.0.0.1 /mlbspa/manage/Public/index.html
INFO: [ app_begin ] --START--
INFO: Run Behavior\ReadHtmlCacheBehavior [ RunTime:0.002257s ]
INFO: [ app_begin ] --END-- [ RunTime:0.003686s ]
SQL: SHOW COLUMNS FROM `users` [ RunTime:0.0140s ]
SQL: SELECT COUNT(*) AS tp_count FROM `users` WHERE ( `user_code`='admin' ) LIMIT 1   [ RunTime:0.0166s ]
SQL: SELECT `uid`,`user_password`,`status` FROM `users` WHERE ( `user_code`='admin' ) LIMIT 1   [ RunTime:0.0005s ]
SQL: UPDATE `users` SET `login_ip`='127.0.0.1',`last_login_time`='1461268878' WHERE ( uid=1 ) [ RunTime:0.0010s ]
SQL: SELECT `uid`,`user_code`,`status`,`admin_type` FROM `users` WHERE ( `user_code`='admin' ) LIMIT 1   [ RunTime:0.0003s ]
INFO: [ app_end ] --START--
INFO: Run Behavior\ShowPageTraceBehavior [ RunTime:0.004450s ]
INFO: [ app_end ] --END-- [ RunTime:0.004675s ]

[ 2016-04-22T04:01:19+08:00 ] 127.0.0.1 /mlbspa/manage/Public/index.html
INFO: [ app_begin ] --START--
INFO: Run Behavior\ReadHtmlCacheBehavior [ RunTime:0.002352s ]
INFO: [ app_begin ] --END-- [ RunTime:0.004977s ]
SQL: SHOW COLUMNS FROM `users` [ RunTime:0.0068s ]
SQL: SELECT COUNT(*) AS tp_count FROM `users` WHERE ( `user_code`='admin' ) LIMIT 1   [ RunTime:0.0003s ]
SQL: SELECT `uid`,`user_password`,`status` FROM `users` WHERE ( `user_code`='admin' ) LIMIT 1   [ RunTime:0.0003s ]
SQL: UPDATE `users` SET `login_ip`='127.0.0.1',`last_login_time`='1461268879' WHERE ( uid=1 ) [ RunTime:0.0003s ]
SQL: SELECT `uid`,`user_code`,`status`,`admin_type` FROM `users` WHERE ( `user_code`='admin' ) LIMIT 1   [ RunTime:0.0003s ]

[ 2016-04-22T04:39:07+08:00 ] 127.0.0.1 /mlbspa/manage/popup/myuploader/uploadpath/spa/multi/true.html
INFO: [ view_parse ] --START--
INFO: [ template_filter ] --START--
INFO: Run Behavior\ContentReplaceBehavior [ RunTime:0.000080s ]
INFO: [ template_filter ] --END-- [ RunTime:0.000162s ]
NOTIC: [8] Undefined variable: specIndex D:\Develop\WWW\mlbspa\manage\App\Runtime\Cache\Index\8bbbcd0d47f68eecd627912235753439.php 第 21 行.
INFO: Run Behavior\ParseTemplateBehavior [ RunTime:0.039713s ]
INFO: [ view_parse ] --END-- [ RunTime:0.040743s ]
INFO: [ view_filter ] --START--
INFO: Run Behavior\WriteHtmlCacheBehavior [ RunTime:0.001485s ]
INFO: [ view_filter ] --END-- [ RunTime:0.001548s ]
INFO: [ app_end ] --START--
INFO: Run Behavior\ShowPageTraceBehavior [ RunTime:0.001594s ]
INFO: [ app_end ] --END-- [ RunTime:0.001677s ]

[ 2016-04-22T04:39:07+08:00 ] 127.0.0.1 /mlbspa/manage/popup/myuploader/uploadpath/spa/multi/
INFO: [ view_parse ] --START--
INFO: [ template_filter ] --START--
INFO: Run Behavior\ContentReplaceBehavior [ RunTime:0.000065s ]
INFO: [ template_filter ] --END-- [ RunTime:0.000128s ]
NOTIC: [8] Undefined variable: specIndex D:\Develop\WWW\mlbspa\manage\App\Runtime\Cache\Index\8bbbcd0d47f68eecd627912235753439.php 第 21 行.
INFO: Run Behavior\ParseTemplateBehavior [ RunTime:0.016658s ]
INFO: [ view_parse ] --END-- [ RunTime:0.018092s ]
INFO: [ view_filter ] --START--
INFO: Run Behavior\WriteHtmlCacheBehavior [ RunTime:0.001338s ]
INFO: [ view_filter ] --END-- [ RunTime:0.001453s ]
INFO: [ app_end ] --START--
INFO: Run Behavior\ShowPageTraceBehavior [ RunTime:0.003231s ]
INFO: [ app_end ] --END-- [ RunTime:0.003374s ]

[ 2016-04-22T04:39:12+08:00 ] 127.0.0.1 /mlbspa/manage/Public/upload.html
SQL: SHOW COLUMNS FROM `images` [ RunTime:0.0139s ]
SQL: INSERT INTO `images` (`type`,`folder`,`name`,`posttime`) VALUES ('jpg','/uploads/spa/20160422/','57193a7094100','1461271152') [ RunTime:0.0005s ]

[ 2016-04-22T04:39:13+08:00 ] 127.0.0.1 /mlbspa/manage/Public/upload.html
SQL: SHOW COLUMNS FROM `images` [ RunTime:0.0062s ]
SQL: INSERT INTO `images` (`type`,`folder`,`name`,`posttime`) VALUES ('jpg','/uploads/spa/20160422/','57193a70ee056','1461271153') [ RunTime:0.0003s ]

[ 2016-04-22T04:39:13+08:00 ] 127.0.0.1 /mlbspa/manage/Public/upload.html
SQL: SHOW COLUMNS FROM `images` [ RunTime:0.0053s ]
SQL: INSERT INTO `images` (`type`,`folder`,`name`,`posttime`) VALUES ('jpg','/uploads/spa/20160422/','57193a7131178','1461271153') [ RunTime:0.0003s ]

[ 2016-04-22T04:41:06+08:00 ] 127.0.0.1 /mlbspa/manage/popup/myuploader/uploadpath/spa/multi/true.html
INFO: [ view_parse ] --START--
INFO: [ template_filter ] --START--
INFO: Run Behavior\ContentReplaceBehavior [ RunTime:0.000065s ]
INFO: [ template_filter ] --END-- [ RunTime:0.000130s ]
NOTIC: [8] Undefined variable: specIndex D:\Develop\WWW\mlbspa\manage\App\Runtime\Cache\Index\8bbbcd0d47f68eecd627912235753439.php 第 21 行.
INFO: Run Behavior\ParseTemplateBehavior [ RunTime:0.016020s ]
INFO: [ view_parse ] --END-- [ RunTime:0.017006s ]
INFO: [ view_filter ] --START--
INFO: Run Behavior\WriteHtmlCacheBehavior [ RunTime:0.001141s ]
INFO: [ view_filter ] --END-- [ RunTime:0.001196s ]
INFO: [ app_end ] --START--
INFO: Run Behavior\ShowPageTraceBehavior [ RunTime:0.001456s ]
INFO: [ app_end ] --END-- [ RunTime:0.001509s ]

[ 2016-04-22T04:41:06+08:00 ] 127.0.0.1 /mlbspa/manage/popup/myuploader/uploadpath/spa/multi/
INFO: [ view_parse ] --START--
INFO: [ template_filter ] --START--
INFO: Run Behavior\ContentReplaceBehavior [ RunTime:0.000068s ]
INFO: [ template_filter ] --END-- [ RunTime:0.000140s ]
NOTIC: [8] Undefined variable: specIndex D:\Develop\WWW\mlbspa\manage\App\Runtime\Cache\Index\8bbbcd0d47f68eecd627912235753439.php 第 21 行.
INFO: Run Behavior\ParseTemplateBehavior [ RunTime:0.013719s ]
INFO: [ view_parse ] --END-- [ RunTime:0.015351s ]
INFO: [ view_filter ] --START--
INFO: Run Behavior\WriteHtmlCacheBehavior [ RunTime:0.000704s ]
INFO: [ view_filter ] --END-- [ RunTime:0.000755s ]
INFO: [ app_end ] --START--
INFO: Run Behavior\ShowPageTraceBehavior [ RunTime:0.003146s ]
INFO: [ app_end ] --END-- [ RunTime:0.003243s ]

[ 2016-04-22T04:41:09+08:00 ] 127.0.0.1 /mlbspa/manage/Public/upload.html
SQL: SHOW COLUMNS FROM `images` [ RunTime:0.0487s ]
SQL: INSERT INTO `images` (`type`,`folder`,`name`,`posttime`) VALUES ('jpg','/uploads/spa/20160422/','57193ae5cc62e','1461271269') [ RunTime:0.0004s ]

[ 2016-04-22T04:42:51+08:00 ] 127.0.0.1 /mlbspa/manage/popup/myuploader/uploadpath/spa/multi/true.html
INFO: [ view_parse ] --START--
INFO: [ template_filter ] --START--
INFO: Run Behavior\ContentReplaceBehavior [ RunTime:0.000067s ]
INFO: [ template_filter ] --END-- [ RunTime:0.000136s ]
NOTIC: [8] Undefined variable: specIndex D:\Develop\WWW\mlbspa\manage\App\Runtime\Cache\Index\8bbbcd0d47f68eecd627912235753439.php 第 21 行.
INFO: Run Behavior\ParseTemplateBehavior [ RunTime:0.020493s ]
INFO: [ view_parse ] --END-- [ RunTime:0.021862s ]
INFO: [ view_filter ] --START--
INFO: Run Behavior\WriteHtmlCacheBehavior [ RunTime:0.002248s ]
INFO: [ view_filter ] --END-- [ RunTime:0.002299s ]
INFO: [ app_end ] --START--
INFO: Run Behavior\ShowPageTraceBehavior [ RunTime:0.002465s ]
INFO: [ app_end ] --END-- [ RunTime:0.002531s ]

[ 2016-04-22T04:42:51+08:00 ] 127.0.0.1 /mlbspa/manage/popup/myuploader/uploadpath/spa/multi/
INFO: [ view_parse ] --START--
INFO: [ template_filter ] --START--
INFO: Run Behavior\ContentReplaceBehavior [ RunTime:0.000094s ]
INFO: [ template_filter ] --END-- [ RunTime:0.000198s ]
NOTIC: [8] Undefined variable: specIndex D:\Develop\WWW\mlbspa\manage\App\Runtime\Cache\Index\8bbbcd0d47f68eecd627912235753439.php 第 21 行.
INFO: Run Behavior\ParseTemplateBehavior [ RunTime:0.023200s ]
INFO: [ view_parse ] --END-- [ RunTime:0.024761s ]
INFO: [ view_filter ] --START--
INFO: Run Behavior\WriteHtmlCacheBehavior [ RunTime:0.002703s ]
INFO: [ view_filter ] --END-- [ RunTime:0.002789s ]
INFO: [ app_end ] --START--
INFO: Run Behavior\ShowPageTraceBehavior [ RunTime:0.003803s ]
INFO: [ app_end ] --END-- [ RunTime:0.003904s ]

[ 2016-04-22T04:42:54+08:00 ] 127.0.0.1 /mlbspa/manage/Public/upload.html
SQL: SHOW COLUMNS FROM `images` [ RunTime:0.0384s ]
SQL: INSERT INTO `images` (`type`,`folder`,`name`,`posttime`) VALUES ('jpg','/uploads/spa/20160422/','57193b4e792f8','1461271374') [ RunTime:0.0003s ]

[ 2016-04-22T04:43:02+08:00 ] 127.0.0.1 /mlbspa/manage/popup/myuploader/uploadpath/spa/multi/true.html
INFO: [ view_parse ] --START--
INFO: [ template_filter ] --START--
INFO: Run Behavior\ContentReplaceBehavior [ RunTime:0.000074s ]
INFO: [ template_filter ] --END-- [ RunTime:0.000156s ]
NOTIC: [8] Undefined variable: specIndex D:\Develop\WWW\mlbspa\manage\App\Runtime\Cache\Index\8bbbcd0d47f68eecd627912235753439.php 第 21 行.
INFO: Run Behavior\ParseTemplateBehavior [ RunTime:0.021122s ]
INFO: [ view_parse ] --END-- [ RunTime:0.022282s ]
INFO: [ view_filter ] --START--
INFO: Run Behavior\WriteHtmlCacheBehavior [ RunTime:0.002195s ]
INFO: [ view_filter ] --END-- [ RunTime:0.002246s ]
INFO: [ app_end ] --START--
INFO: Run Behavior\ShowPageTraceBehavior [ RunTime:0.002455s ]
INFO: [ app_end ] --END-- [ RunTime:0.002510s ]

[ 2016-04-22T04:43:02+08:00 ] 127.0.0.1 /mlbspa/manage/popup/myuploader/uploadpath/spa/multi/
INFO: [ view_parse ] --START--
INFO: [ template_filter ] --START--
INFO: Run Behavior\ContentReplaceBehavior [ RunTime:0.000067s ]
INFO: [ template_filter ] --END-- [ RunTime:0.000131s ]
NOTIC: [8] Undefined variable: specIndex D:\Develop\WWW\mlbspa\manage\App\Runtime\Cache\Index\8bbbcd0d47f68eecd627912235753439.php 第 21 行.
INFO: Run Behavior\ParseTemplateBehavior [ RunTime:0.012216s ]
INFO: [ view_parse ] --END-- [ RunTime:0.013175s ]
INFO: [ view_filter ] --START--
INFO: Run Behavior\WriteHtmlCacheBehavior [ RunTime:0.002777s ]
INFO: [ view_filter ] --END-- [ RunTime:0.002916s ]
INFO: [ app_end ] --START--
INFO: Run Behavior\ShowPageTraceBehavior [ RunTime:0.001959s ]
INFO: [ app_end ] --END-- [ RunTime:0.002085s ]

[ 2016-04-22T04:43:06+08:00 ] 127.0.0.1 /mlbspa/manage/Public/upload.html
SQL: SHOW COLUMNS FROM `images` [ RunTime:0.0445s ]
SQL: INSERT INTO `images` (`type`,`folder`,`name`,`posttime`) VALUES ('jpg','/uploads/spa/20160422/','57193b5a4b583','1461271386') [ RunTime:0.0004s ]

[ 2016-04-22T04:43:06+08:00 ] 127.0.0.1 /mlbspa/manage/Public/upload.html
SQL: SHOW COLUMNS FROM `images` [ RunTime:0.0049s ]
SQL: INSERT INTO `images` (`type`,`folder`,`name`,`posttime`) VALUES ('jpg','/uploads/spa/20160422/','57193b5a906bb','1461271386') [ RunTime:0.0003s ]

[ 2016-04-22T04:45:35+08:00 ] 127.0.0.1 /mlbspa/manage/popup/myuploader/uploadpath/spa/multi/true.html
INFO: [ view_parse ] --START--
INFO: [ template_filter ] --START--
INFO: Run Behavior\ContentReplaceBehavior [ RunTime:0.000065s ]
INFO: [ template_filter ] --END-- [ RunTime:0.000132s ]
NOTIC: [8] Undefined variable: specIndex D:\Develop\WWW\mlbspa\manage\App\Runtime\Cache\Index\8bbbcd0d47f68eecd627912235753439.php 第 21 行.
INFO: Run Behavior\ParseTemplateBehavior [ RunTime:0.014745s ]
INFO: [ view_parse ] --END-- [ RunTime:0.015658s ]
INFO: [ view_filter ] --START--
INFO: Run Behavior\WriteHtmlCacheBehavior [ RunTime:0.001316s ]
INFO: [ view_filter ] --END-- [ RunTime:0.001363s ]
INFO: [ app_end ] --START--
INFO: Run Behavior\ShowPageTraceBehavior [ RunTime:0.001665s ]
INFO: [ app_end ] --END-- [ RunTime:0.001725s ]

[ 2016-04-22T04:45:36+08:00 ] 127.0.0.1 /mlbspa/manage/popup/myuploader/uploadpath/spa/multi/
INFO: [ view_parse ] --START--
INFO: [ template_filter ] --START--
INFO: Run Behavior\ContentReplaceBehavior [ RunTime:0.000065s ]
INFO: [ template_filter ] --END-- [ RunTime:0.000142s ]
NOTIC: [8] Undefined variable: specIndex D:\Develop\WWW\mlbspa\manage\App\Runtime\Cache\Index\8bbbcd0d47f68eecd627912235753439.php 第 21 行.
INFO: Run Behavior\ParseTemplateBehavior [ RunTime:0.018142s ]
INFO: [ view_parse ] --END-- [ RunTime:0.019131s ]
INFO: [ view_filter ] --START--
INFO: Run Behavior\WriteHtmlCacheBehavior [ RunTime:0.003580s ]
INFO: [ view_filter ] --END-- [ RunTime:0.003667s ]
INFO: [ app_end ] --START--
INFO: Run Behavior\ShowPageTraceBehavior [ RunTime:0.002719s ]
INFO: [ app_end ] --END-- [ RunTime:0.002792s ]

[ 2016-04-22T04:45:39+08:00 ] 127.0.0.1 /mlbspa/manage/Public/upload.html
SQL: SHOW COLUMNS FROM `images` [ RunTime:0.0420s ]
SQL: INSERT INTO `images` (`type`,`folder`,`name`,`posttime`) VALUES ('jpg','/uploads/spa/20160422/','57193bf3103aa','1461271539') [ RunTime:0.0006s ]

[ 2016-04-22T04:45:48+08:00 ] 127.0.0.1 /mlbspa/manage/popup/myuploader/uploadpath/spa/multi/true.html
INFO: [ view_parse ] --START--
INFO: [ template_filter ] --START--
INFO: Run Behavior\ContentReplaceBehavior [ RunTime:0.000096s ]
INFO: [ template_filter ] --END-- [ RunTime:0.000200s ]
NOTIC: [8] Undefined variable: specIndex D:\Develop\WWW\mlbspa\manage\App\Runtime\Cache\Index\8bbbcd0d47f68eecd627912235753439.php 第 21 行.
INFO: Run Behavior\ParseTemplateBehavior [ RunTime:0.012119s ]
INFO: [ view_parse ] --END-- [ RunTime:0.013649s ]
INFO: [ view_filter ] --START--
INFO: Run Behavior\WriteHtmlCacheBehavior [ RunTime:0.001067s ]
INFO: [ view_filter ] --END-- [ RunTime:0.001114s ]
INFO: [ app_end ] --START--
INFO: Run Behavior\ShowPageTraceBehavior [ RunTime:0.001278s ]
INFO: [ app_end ] --END-- [ RunTime:0.001331s ]

[ 2016-04-22T04:45:48+08:00 ] 127.0.0.1 /mlbspa/manage/popup/myuploader/uploadpath/spa/multi/
INFO: [ view_parse ] --START--
INFO: [ template_filter ] --START--
INFO: Run Behavior\ContentReplaceBehavior [ RunTime:0.000068s ]
INFO: [ template_filter ] --END-- [ RunTime:0.000138s ]
NOTIC: [8] Undefined variable: specIndex D:\Develop\WWW\mlbspa\manage\App\Runtime\Cache\Index\8bbbcd0d47f68eecd627912235753439.php 第 21 行.
INFO: Run Behavior\ParseTemplateBehavior [ RunTime:0.016697s ]
INFO: [ view_parse ] --END-- [ RunTime:0.018402s ]
INFO: [ view_filter ] --START--
INFO: Run Behavior\WriteHtmlCacheBehavior [ RunTime:0.002174s ]
INFO: [ view_filter ] --END-- [ RunTime:0.002270s ]
INFO: [ app_end ] --START--
INFO: Run Behavior\ShowPageTraceBehavior [ RunTime:0.001804s ]
INFO: [ app_end ] --END-- [ RunTime:0.001889s ]

[ 2016-04-22T04:47:17+08:00 ] 127.0.0.1 /mlbspa/manage/popup/myuploader/uploadpath/spa/multi/true.html
INFO: [ view_parse ] --START--
INFO: [ template_filter ] --START--
INFO: Run Behavior\ContentReplaceBehavior [ RunTime:0.000065s ]
INFO: [ template_filter ] --END-- [ RunTime:0.000166s ]
NOTIC: [8] Undefined variable: specIndex D:\Develop\WWW\mlbspa\manage\App\Runtime\Cache\Index\8bbbcd0d47f68eecd627912235753439.php 第 21 行.
INFO: Run Behavior\ParseTemplateBehavior [ RunTime:0.017451s ]
INFO: [ view_parse ] --END-- [ RunTime:0.018478s ]
INFO: [ view_filter ] --START--
INFO: Run Behavior\WriteHtmlCacheBehavior [ RunTime:0.001623s ]
INFO: [ view_filter ] --END-- [ RunTime:0.001700s ]
INFO: [ app_end ] --START--
INFO: Run Behavior\ShowPageTraceBehavior [ RunTime:0.002620s ]
INFO: [ app_end ] --END-- [ RunTime:0.002735s ]

[ 2016-04-22T04:47:17+08:00 ] 127.0.0.1 /mlbspa/manage/popup/myuploader/uploadpath/spa/multi/
INFO: [ view_parse ] --START--
INFO: [ template_filter ] --START--
INFO: Run Behavior\ContentReplaceBehavior [ RunTime:0.000067s ]
INFO: [ template_filter ] --END-- [ RunTime:0.000136s ]
NOTIC: [8] Undefined variable: specIndex D:\Develop\WWW\mlbspa\manage\App\Runtime\Cache\Index\8bbbcd0d47f68eecd627912235753439.php 第 21 行.
INFO: Run Behavior\ParseTemplateBehavior [ RunTime:0.017807s ]
INFO: [ view_parse ] --END-- [ RunTime:0.019003s ]
INFO: [ view_filter ] --START--
INFO: Run Behavior\WriteHtmlCacheBehavior [ RunTime:0.003365s ]
INFO: [ view_filter ] --END-- [ RunTime:0.003470s ]
INFO: [ app_end ] --START--
INFO: Run Behavior\ShowPageTraceBehavior [ RunTime:0.007100s ]
INFO: [ app_end ] --END-- [ RunTime:0.007200s ]

[ 2016-04-22T04:47:21+08:00 ] 127.0.0.1 /mlbspa/manage/Public/upload.html
SQL: SHOW COLUMNS FROM `images` [ RunTime:0.0053s ]
SQL: INSERT INTO `images` (`type`,`folder`,`name`,`posttime`) VALUES ('jpg','/uploads/spa/20160422/','57193c59a95d1','1461271641') [ RunTime:0.0004s ]

[ 2016-04-22T04:47:22+08:00 ] 127.0.0.1 /mlbspa/manage/Public/upload.html
SQL: SHOW COLUMNS FROM `images` [ RunTime:0.0044s ]
SQL: INSERT INTO `images` (`type`,`folder`,`name`,`posttime`) VALUES ('jpg','/uploads/spa/20160422/','57193c59efdf7','1461271642') [ RunTime:0.0003s ]

[ 2016-04-22T04:47:22+08:00 ] 127.0.0.1 /mlbspa/manage/Public/upload.html
SQL: SHOW COLUMNS FROM `images` [ RunTime:0.0063s ]
SQL: INSERT INTO `images` (`type`,`folder`,`name`,`posttime`) VALUES ('jpg','/uploads/spa/20160422/','57193c5a2b1d3','1461271642') [ RunTime:0.0003s ]

[ 2016-04-22T04:55:33+08:00 ] 127.0.0.1 /mlbspa/manage/Public/js/jquery.min.map
ERR: 非法操作:js

[ 2016-04-22T04:55:55+08:00 ] 127.0.0.1 /mlbspa/manage/popup/myuploader/uploadpath/spa/multi/true.html
INFO: [ view_parse ] --START--
INFO: [ template_filter ] --START--
INFO: Run Behavior\ContentReplaceBehavior [ RunTime:0.000064s ]
INFO: [ template_filter ] --END-- [ RunTime:0.000128s ]
NOTIC: [8] Undefined variable: specIndex D:\Develop\WWW\mlbspa\manage\App\Runtime\Cache\Index\8bbbcd0d47f68eecd627912235753439.php 第 21 行.
INFO: Run Behavior\ParseTemplateBehavior [ RunTime:0.020435s ]
INFO: [ view_parse ] --END-- [ RunTime:0.022327s ]
INFO: [ view_filter ] --START--
INFO: Run Behavior\WriteHtmlCacheBehavior [ RunTime:0.001610s ]
INFO: [ view_filter ] --END-- [ RunTime:0.001673s ]
INFO: [ app_end ] --START--
INFO: Run Behavior\ShowPageTraceBehavior [ RunTime:0.004484s ]
INFO: [ app_end ] --END-- [ RunTime:0.004570s ]

[ 2016-04-22T04:55:56+08:00 ] 127.0.0.1 /mlbspa/manage/popup/myuploader/uploadpath/spa/multi/
INFO: [ view_parse ] --START--
INFO: [ template_filter ] --START--
INFO: Run Behavior\ContentReplaceBehavior [ RunTime:0.000110s ]
INFO: [ template_filter ] --END-- [ RunTime:0.000208s ]
NOTIC: [8] Undefined variable: specIndex D:\Develop\WWW\mlbspa\manage\App\Runtime\Cache\Index\8bbbcd0d47f68eecd627912235753439.php 第 21 行.
INFO: Run Behavior\ParseTemplateBehavior [ RunTime:0.036702s ]
INFO: [ view_parse ] --END-- [ RunTime:0.038706s ]
INFO: [ view_filter ] --START--
INFO: Run Behavior\WriteHtmlCacheBehavior [ RunTime:0.002841s ]
INFO: [ view_filter ] --END-- [ RunTime:0.002945s ]
INFO: [ app_end ] --START--
INFO: Run Behavior\ShowPageTraceBehavior [ RunTime:0.003295s ]
INFO: [ app_end ] --END-- [ RunTime:0.003393s ]

[ 2016-04-22T04:56:01+08:00 ] 127.0.0.1 /mlbspa/manage/Public/upload.html
SQL: SHOW COLUMNS FROM `images` [ RunTime:0.0053s ]
SQL: INSERT INTO `images` (`type`,`folder`,`name`,`posttime`) VALUES ('jpg','/uploads/spa/20160422/','57193e612cb35','1461272161') [ RunTime:0.0004s ]

[ 2016-04-22T04:56:01+08:00 ] 127.0.0.1 /mlbspa/manage/Public/upload.html
SQL: SHOW COLUMNS FROM `images` [ RunTime:0.0068s ]
SQL: INSERT INTO `images` (`type`,`folder`,`name`,`posttime`) VALUES ('jpg','/uploads/spa/20160422/','57193e6169eaf','1461272161') [ RunTime:0.0004s ]

[ 2016-04-22T04:56:01+08:00 ] 127.0.0.1 /mlbspa/manage/Public/upload.html
SQL: SHOW COLUMNS FROM `images` [ RunTime:0.0215s ]
SQL: INSERT INTO `images` (`type`,`folder`,`name`,`posttime`) VALUES ('jpg','/uploads/spa/20160422/','57193e6193781','1461272161') [ RunTime:0.0003s ]

[ 2016-04-22T04:56:11+08:00 ] 127.0.0.1 /mlbspa/manage/Public/js/jquery.min.map
ERR: 非法操作:js

[ 2016-04-22T05:05:23+08:00 ] 127.0.0.1 /mlbspa/manage/Public/js/jquery.min.map
ERR: 非法操作:js

[ 2016-04-22T05:05:41+08:00 ] 127.0.0.1 /mlbspa/manage/popup/myuploader/uploadpath/spa/multi/true.html
INFO: [ view_parse ] --START--
INFO: [ template_filter ] --START--
INFO: Run Behavior\ContentReplaceBehavior [ RunTime:0.000064s ]
INFO: [ template_filter ] --END-- [ RunTime:0.000129s ]
NOTIC: [8] Undefined variable: specIndex D:\Develop\WWW\mlbspa\manage\App\Runtime\Cache\Index\8bbbcd0d47f68eecd627912235753439.php 第 21 行.
INFO: Run Behavior\ParseTemplateBehavior [ RunTime:0.019682s ]
INFO: [ view_parse ] --END-- [ RunTime:0.020856s ]
INFO: [ view_filter ] --START--
INFO: Run Behavior\WriteHtmlCacheBehavior [ RunTime:0.006090s ]
INFO: [ view_filter ] --END-- [ RunTime:0.006178s ]
INFO: [ app_end ] --START--
INFO: Run Behavior\ShowPageTraceBehavior [ RunTime:0.002435s ]
INFO: [ app_end ] --END-- [ RunTime:0.002532s ]

[ 2016-04-22T05:05:41+08:00 ] 127.0.0.1 /mlbspa/manage/popup/myuploader/uploadpath/spa/multi/
INFO: [ view_parse ] --START--
INFO: [ template_filter ] --START--
INFO: Run Behavior\ContentReplaceBehavior [ RunTime:0.000066s ]
INFO: [ template_filter ] --END-- [ RunTime:0.000135s ]
NOTIC: [8] Undefined variable: specIndex D:\Develop\WWW\mlbspa\manage\App\Runtime\Cache\Index\8bbbcd0d47f68eecd627912235753439.php 第 21 行.
INFO: Run Behavior\ParseTemplateBehavior [ RunTime:0.032560s ]
INFO: [ view_parse ] --END-- [ RunTime:0.033830s ]
INFO: [ view_filter ] --START--
INFO: Run Behavior\WriteHtmlCacheBehavior [ RunTime:0.001568s ]
INFO: [ view_filter ] --END-- [ RunTime:0.001643s ]
INFO: [ app_end ] --START--
INFO: Run Behavior\ShowPageTraceBehavior [ RunTime:0.002946s ]
INFO: [ app_end ] --END-- [ RunTime:0.003018s ]

[ 2016-04-22T05:05:46+08:00 ] 127.0.0.1 /mlbspa/manage/Public/upload.html
SQL: SHOW COLUMNS FROM `images` [ RunTime:0.0405s ]
SQL: INSERT INTO `images` (`type`,`folder`,`name`,`posttime`) VALUES ('jpg','/uploads/spa/20160422/','571940aa3599d','1461272746') [ RunTime:0.0004s ]

[ 2016-04-22T05:05:46+08:00 ] 127.0.0.1 /mlbspa/manage/Public/upload.html
SQL: SHOW COLUMNS FROM `images` [ RunTime:0.0051s ]
SQL: INSERT INTO `images` (`type`,`folder`,`name`,`posttime`) VALUES ('jpg','/uploads/spa/20160422/','571940aa6e4d0','1461272746') [ RunTime:0.0004s ]

[ 2016-04-22T05:05:46+08:00 ] 127.0.0.1 /mlbspa/manage/Public/upload.html
SQL: SHOW COLUMNS FROM `images` [ RunTime:0.0053s ]
SQL: INSERT INTO `images` (`type`,`folder`,`name`,`posttime`) VALUES ('jpg','/uploads/spa/20160422/','571940aaa2849','1461272746') [ RunTime:0.0005s ]

[ 2016-04-22T05:05:46+08:00 ] 127.0.0.1 /mlbspa/manage/Public/upload.html
SQL: SHOW COLUMNS FROM `images` [ RunTime:0.0060s ]
SQL: INSERT INTO `images` (`type`,`folder`,`name`,`posttime`) VALUES ('jpg','/uploads/spa/20160422/','571940aad3299','1461272746') [ RunTime:0.0004s ]

[ 2016-04-22T05:05:51+08:00 ] 127.0.0.1 /mlbspa/manage/Public/js/jquery.min.map
ERR: 非法操作:js

[ 2016-04-22T05:07:02+08:00 ] 127.0.0.1 /mlbspa/manage/Public/js/jquery.min.map
ERR: 非法操作:js

[ 2016-04-22T05:07:25+08:00 ] 127.0.0.1 /mlbspa/manage/Public/js/jquery.min.map
ERR: 非法操作:js

[ 2016-04-22T05:29:44+08:00 ] 127.0.0.1 /mlbspa/manage/Public/js/jquery.min.map
ERR: 非法操作:js

[ 2016-04-22T05:32:15+08:00 ] 127.0.0.1 /mlbspa/manage/Public/js/jquery.min.map
ERR: 非法操作:js

[ 2016-04-22T05:32:17+08:00 ] 127.0.0.1 /mlbspa/manage/Share/goodsEdit/id/3.html
ERR: SQLSTATE[42000]: Syntax error or access violation: 1064 You have an error in your SQL syntax; check the manual that corresponds to your MySQL server version for the right syntax to use near ')' at line 1

[ 2016-04-22T05:32:24+08:00 ] 127.0.0.1 /mlbspa/manage/Public/js/jquery.min.map
ERR: 非法操作:js

[ 2016-04-22T05:32:26+08:00 ] 127.0.0.1 /mlbspa/manage/Share/goodsEdit/id/4.html
ERR: SQLSTATE[42000]: Syntax error or access violation: 1064 You have an error in your SQL syntax; check the manual that corresponds to your MySQL server version for the right syntax to use near ')' at line 1

[ 2016-04-22T05:32:28+08:00 ] 127.0.0.1 /mlbspa/manage/Public/js/jquery.min.map
ERR: 非法操作:js

[ 2016-04-22T05:32:29+08:00 ] 127.0.0.1 /mlbspa/manage/Share/goodsEdit/id/5.html
ERR: SQLSTATE[42000]: Syntax error or access violation: 1064 You have an error in your SQL syntax; check the manual that corresponds to your MySQL server version for the right syntax to use near ')' at line 1

[ 2016-04-22T05:32:31+08:00 ] 127.0.0.1 /mlbspa/manage/Public/js/jquery.min.map
ERR: 非法操作:js

[ 2016-04-22T05:32:32+08:00 ] 127.0.0.1 /mlbspa/manage/Share/goodsEdit/id/13.html
ERR: SQLSTATE[42000]: Syntax error or access violation: 1064 You have an error in your SQL syntax; check the manual that corresponds to your MySQL server version for the right syntax to use near ')' at line 1

[ 2016-04-22T05:32:33+08:00 ] 127.0.0.1 /mlbspa/manage/Public/js/jquery.min.map
ERR: 非法操作:js

[ 2016-04-22T05:32:43+08:00 ] 127.0.0.1 /mlbspa/manage/Public/js/jquery.min.map
ERR: 非法操作:js

[ 2016-04-22T05:32:58+08:00 ] 127.0.0.1 /mlbspa/manage/Public/js/jquery.min.map
ERR: 非法操作:js

[ 2016-04-22T05:32:59+08:00 ] 127.0.0.1 /mlbspa/manage/Share/goodsEdit/id/8.html
ERR: SQLSTATE[42000]: Syntax error or access violation: 1064 You have an error in your SQL syntax; check the manual that corresponds to your MySQL server version for the right syntax to use near ')' at line 1

[ 2016-04-22T05:35:08+08:00 ] 127.0.0.1 /mlbspa/manage/Public/js/jquery.min.map
ERR: 非法操作:js

[ 2016-04-22T05:35:13+08:00 ] 127.0.0.1 /mlbspa/manage/Public/js/jquery.min.map
ERR: 非法操作:js

[ 2016-04-22T05:37:57+08:00 ] 127.0.0.1 /mlbspa/manage/Public/js/jquery.min.map
ERR: 非法操作:js

[ 2016-04-22T05:38:37+08:00 ] 127.0.0.1 /mlbspa/manage/Public/js/jquery.min.map
ERR: 非法操作:js

[ 2016-04-22T05:38:44+08:00 ] 127.0.0.1 /mlbspa/manage/Public/js/jquery.min.map
ERR: 非法操作:js

[ 2016-04-22T05:38:47+08:00 ] 127.0.0.1 /mlbspa/manage/Public/js/jquery.min.map
ERR: 非法操作:js

[ 2016-04-22T05:38:56+08:00 ] 127.0.0.1 /mlbspa/manage/Public/js/jquery.min.map
ERR: 非法操作:js

[ 2016-04-22T05:38:59+08:00 ] 127.0.0.1 /mlbspa/manage/Public/js/jquery.min.map
ERR: 非法操作:js

[ 2016-04-22T05:39:06+08:00 ] 127.0.0.1 /mlbspa/manage/popup/myuploader/uploadpath/spa/multi/true.html
INFO: [ view_parse ] --START--
INFO: [ template_filter ] --START--
INFO: Run Behavior\ContentReplaceBehavior [ RunTime:0.000064s ]
INFO: [ template_filter ] --END-- [ RunTime:0.000138s ]
NOTIC: [8] Undefined variable: specIndex D:\Develop\WWW\mlbspa\manage\App\Runtime\Cache\Index\8bbbcd0d47f68eecd627912235753439.php 第 21 行.
INFO: Run Behavior\ParseTemplateBehavior [ RunTime:0.021355s ]
INFO: [ view_parse ] --END-- [ RunTime:0.022324s ]
INFO: [ view_filter ] --START--
INFO: Run Behavior\WriteHtmlCacheBehavior [ RunTime:0.003927s ]
INFO: [ view_filter ] --END-- [ RunTime:0.004005s ]
INFO: [ app_end ] --START--
INFO: Run Behavior\ShowPageTraceBehavior [ RunTime:0.001517s ]
INFO: [ app_end ] --END-- [ RunTime:0.001571s ]

[ 2016-04-22T05:39:06+08:00 ] 127.0.0.1 /mlbspa/manage/popup/myuploader/uploadpath/spa/multi/
INFO: [ view_parse ] --START--
INFO: [ template_filter ] --START--
INFO: Run Behavior\ContentReplaceBehavior [ RunTime:0.000103s ]
INFO: [ template_filter ] --END-- [ RunTime:0.000203s ]
NOTIC: [8] Undefined variable: specIndex D:\Develop\WWW\mlbspa\manage\App\Runtime\Cache\Index\8bbbcd0d47f68eecd627912235753439.php 第 21 行.
INFO: Run Behavior\ParseTemplateBehavior [ RunTime:0.031297s ]
INFO: [ view_parse ] --END-- [ RunTime:0.035736s ]
INFO: [ view_filter ] --START--
INFO: Run Behavior\WriteHtmlCacheBehavior [ RunTime:0.009356s ]
INFO: [ view_filter ] --END-- [ RunTime:0.009453s ]
INFO: [ app_end ] --START--
INFO: Run Behavior\ShowPageTraceBehavior [ RunTime:0.001686s ]
INFO: [ app_end ] --END-- [ RunTime:0.001780s ]

[ 2016-04-22T05:39:11+08:00 ] 127.0.0.1 /mlbspa/manage/Public/upload.html
SQL: SHOW COLUMNS FROM `images` [ RunTime:0.0053s ]
SQL: INSERT INTO `images` (`type`,`folder`,`name`,`posttime`) VALUES ('png','/uploads/spa/20160422/','5719487ed968d','1461274750') [ RunTime:0.0004s ]

[ 2016-04-22T05:39:16+08:00 ] 127.0.0.1 /mlbspa/manage/Public/js/jquery.min.map
ERR: 非法操作:js

[ 2016-04-22T05:39:18+08:00 ] 127.0.0.1 /mlbspa/manage/Public/js/jquery.min.map
ERR: 非法操作:js

[ 2016-04-22T05:39:24+08:00 ] 127.0.0.1 /mlbspa/manage/Public/js/jquery.min.map
ERR: 非法操作:js

[ 2016-04-22T05:41:11+08:00 ] 127.0.0.1 /mlbspa/manage/Public/js/jquery.min.map
ERR: 非法操作:js

[ 2016-04-22T05:41:15+08:00 ] 127.0.0.1 /mlbspa/manage/Share/goodsSave
ERR: SQLSTATE[42S02]: Base table or view not found: 1146 Table 'meilianbang.sharegoods_gallery' doesn't exist

[ 2016-04-22T05:43:01+08:00 ] 127.0.0.1 /mlbspa/manage/Public/js/jquery.min.map
ERR: 非法操作:js

[ 2016-04-22T05:43:04+08:00 ] 127.0.0.1 /mlbspa/manage/Public/js/jquery.min.map
ERR: 非法操作:js

[ 2016-04-22T05:43:06+08:00 ] 127.0.0.1 /mlbspa/manage/popup/myuploader/uploadpath/spa/multi/true.html
INFO: [ view_parse ] --START--
INFO: [ template_filter ] --START--
INFO: Run Behavior\ContentReplaceBehavior [ RunTime:0.000066s ]
INFO: [ template_filter ] --END-- [ RunTime:0.000129s ]
NOTIC: [8] Undefined variable: specIndex D:\Develop\WWW\mlbspa\manage\App\Runtime\Cache\Index\8bbbcd0d47f68eecd627912235753439.php 第 21 行.
INFO: Run Behavior\ParseTemplateBehavior [ RunTime:0.020443s ]
INFO: [ view_parse ] --END-- [ RunTime:0.022932s ]
INFO: [ view_filter ] --START--
INFO: Run Behavior\WriteHtmlCacheBehavior [ RunTime:0.001348s ]
INFO: [ view_filter ] --END-- [ RunTime:0.001414s ]
INFO: [ app_end ] --START--
INFO: Run Behavior\ShowPageTraceBehavior [ RunTime:0.001508s ]
INFO: [ app_end ] --END-- [ RunTime:0.001567s ]

[ 2016-04-22T05:43:07+08:00 ] 127.0.0.1 /mlbspa/manage/popup/myuploader/uploadpath/spa/multi/
INFO: [ view_parse ] --START--
INFO: [ template_filter ] --START--
INFO: Run Behavior\ContentReplaceBehavior [ RunTime:0.000085s ]
INFO: [ template_filter ] --END-- [ RunTime:0.000168s ]
NOTIC: [8] Undefined variable: specIndex D:\Develop\WWW\mlbspa\manage\App\Runtime\Cache\Index\8bbbcd0d47f68eecd627912235753439.php 第 21 行.
INFO: Run Behavior\ParseTemplateBehavior [ RunTime:0.030349s ]
INFO: [ view_parse ] --END-- [ RunTime:0.032133s ]
INFO: [ view_filter ] --START--
INFO: Run Behavior\WriteHtmlCacheBehavior [ RunTime:0.002398s ]
INFO: [ view_filter ] --END-- [ RunTime:0.002486s ]
INFO: [ app_end ] --START--
INFO: Run Behavior\ShowPageTraceBehavior [ RunTime:0.008319s ]
INFO: [ app_end ] --END-- [ RunTime:0.008428s ]

[ 2016-04-22T05:43:09+08:00 ] 127.0.0.1 /mlbspa/manage/Public/upload.html
SQL: SHOW COLUMNS FROM `images` [ RunTime:0.0419s ]
SQL: INSERT INTO `images` (`type`,`folder`,`name`,`posttime`) VALUES ('jpg','/uploads/spa/20160422/','5719496dc31be','1461274989') [ RunTime:0.0004s ]

[ 2016-04-22T05:43:12+08:00 ] 127.0.0.1 /mlbspa/manage/Public/js/jquery.min.map
ERR: 非法操作:js

[ 2016-04-22T05:43:14+08:00 ] 127.0.0.1 /mlbspa/manage/Public/js/jquery.min.map
ERR: 非法操作:js

[ 2016-04-22T05:43:18+08:00 ] 127.0.0.1 /mlbspa/manage/Public/js/jquery.min.map
ERR: 非法操作:js

