[ 2016-08-02T15:55:06+08:00 ] 127.0.0.1 /mlbspa/manage/Public/index.html
INFO: [ view_parse ] --START--
INFO: [ template_filter ] --START--
INFO: Run Behavior\ContentReplaceBehavior [ RunTime:0.000051s ]
INFO: [ template_filter ] --END-- [ RunTime:0.000116s ]
INFO: Run Behavior\ParseTemplateBehavior [ RunTime:0.009330s ]
INFO: [ view_parse ] --END-- [ RunTime:0.009842s ]
INFO: [ view_filter ] --START--
INFO: Run Behavior\WriteHtmlCacheBehavior [ RunTime:0.001194s ]
INFO: [ view_filter ] --END-- [ RunTime:0.001252s ]
INFO: [ app_end ] --START--
INFO: Run Behavior\ShowPageTraceBehavior [ RunTime:0.000795s ]
INFO: [ app_end ] --END-- [ RunTime:0.000849s ]

[ 2016-08-02T15:55:06+08:00 ] 127.0.0.1 /mlbspa/manage/Public/verify_code
INFO: [ app_end ] --START--
INFO: Run Behavior\ShowPageTraceBehavior [ RunTime:0.000770s ]
INFO: [ app_end ] --END-- [ RunTime:0.001410s ]

[ 2016-08-02T15:55:16+08:00 ] 127.0.0.1 /mlbspa/manage/Public/index.html
INFO: [ app_begin ] --START--
INFO: Run Behavior\ReadHtmlCacheBehavior [ RunTime:0.000728s ]
INFO: [ app_begin ] --END-- [ RunTime:0.001425s ]
SQL: SHOW COLUMNS FROM `users` [ RunTime:0.0051s ]
SQL: SELECT COUNT(*) AS tp_count FROM `users` WHERE ( `user_code`='admin' ) LIMIT 1   [ RunTime:0.0004s ]
SQL: SELECT `uid`,`user_password`,`status` FROM `users` WHERE ( `user_code`='admin' ) LIMIT 1   [ RunTime:0.0003s ]
SQL: UPDATE `users` SET `login_ip`='127.0.0.1',`last_login_time`='1470124516' WHERE ( uid=1 ) [ RunTime:0.0005s ]
SQL: SELECT `uid`,`user_code`,`status`,`admin_type` FROM `users` WHERE ( `user_code`='admin' ) LIMIT 1   [ RunTime:0.0003s ]
INFO: [ app_end ] --START--
INFO: Run Behavior\ShowPageTraceBehavior [ RunTime:0.000846s ]
INFO: [ app_end ] --END-- [ RunTime:0.000917s ]

