[ 2016-04-20T14:27:27+08:00 ] 127.0.0.1 /mlbspa/manage/Public/index.html
INFO: [ view_parse ] --START--
INFO: [ template_filter ] --START--
INFO: Run Behavior\ContentReplaceBehavior [ RunTime:0.000099s ]
INFO: [ template_filter ] --END-- [ RunTime:0.000231s ]
INFO: Run Behavior\ParseTemplateBehavior [ RunTime:0.122502s ]
INFO: [ view_parse ] --END-- [ RunTime:0.147914s ]
INFO: [ view_filter ] --START--
INFO: Run Behavior\WriteHtmlCacheBehavior [ RunTime:0.031134s ]
INFO: [ view_filter ] --END-- [ RunTime:0.031262s ]
INFO: [ app_end ] --START--
INFO: Run Behavior\ShowPageTraceBehavior [ RunTime:0.007143s ]
INFO: [ app_end ] --END-- [ RunTime:0.007316s ]

[ 2016-04-20T14:27:28+08:00 ] 127.0.0.1 /mlbspa/manage/Public/verify_code
INFO: [ app_end ] --START--
INFO: Run Behavior\ShowPageTraceBehavior [ RunTime:0.002613s ]
INFO: [ app_end ] --END-- [ RunTime:0.005026s ]

[ 2016-04-20T14:27:46+08:00 ] 127.0.0.1 /mlbspa/manage/Public/index.html
INFO: [ app_begin ] --START--
INFO: Run Behavior\ReadHtmlCacheBehavior [ RunTime:0.001083s ]
INFO: [ app_begin ] --END-- [ RunTime:0.001996s ]
SQL: SHOW COLUMNS FROM `users` [ RunTime:0.0778s ]
SQL: SELECT COUNT(*) AS tp_count FROM `users` WHERE ( `user_code`='admin' ) LIMIT 1   [ RunTime:0.0333s ]
SQL: SELECT `uid`,`user_password`,`status` FROM `users` WHERE ( `user_code`='admin' ) LIMIT 1   [ RunTime:0.0266s ]
SQL: UPDATE `users` SET `login_ip`='127.0.0.1',`last_login_time`='1461133666' WHERE ( uid=1 ) [ RunTime:0.0024s ]
SQL: SELECT `uid`,`user_code`,`status`,`admin_type` FROM `users` WHERE ( `user_code`='admin' ) LIMIT 1   [ RunTime:0.0007s ]
INFO: [ app_end ] --START--
INFO: Run Behavior\ShowPageTraceBehavior [ RunTime:0.002376s ]
INFO: [ app_end ] --END-- [ RunTime:0.002558s ]

[ 2016-04-20T14:37:57+08:00 ] 127.0.0.1 /mlbspa/manage/Share/merchantList
ERR: 非法操作:merchantList

[ 2016-04-20T14:38:24+08:00 ] 127.0.0.1 /mlbspa/manage/Share/merchantList
ERR: 非法操作:merchantList

[ 2016-04-20T14:38:26+08:00 ] 127.0.0.1 /mlbspa/manage/Share/merchantList
ERR: 非法操作:merchantList

