[ 2016-08-01T15:59:44+08:00 ] 127.0.0.1 /mlbspa/manage/Public/index.html
INFO: [ view_parse ] --START--
INFO: [ template_filter ] --START--
INFO: Run Behavior\ContentReplaceBehavior [ RunTime:0.000052s ]
INFO: [ template_filter ] --END-- [ RunTime:0.000126s ]
INFO: Run Behavior\ParseTemplateBehavior [ RunTime:0.073948s ]
INFO: [ view_parse ] --END-- [ RunTime:0.074589s ]
INFO: [ view_filter ] --START--
INFO: Run Behavior\WriteHtmlCacheBehavior [ RunTime:0.000675s ]
INFO: [ view_filter ] --END-- [ RunTime:0.000726s ]
INFO: [ app_end ] --START--
INFO: Run Behavior\ShowPageTraceBehavior [ RunTime:0.000887s ]
INFO: [ app_end ] --END-- [ RunTime:0.000942s ]

[ 2016-08-01T15:59:45+08:00 ] 127.0.0.1 /mlbspa/manage/Public/verify_code
INFO: [ app_end ] --START--
INFO: Run Behavior\ShowPageTraceBehavior [ RunTime:0.000828s ]
INFO: [ app_end ] --END-- [ RunTime:0.001626s ]

[ 2016-08-01T16:00:00+08:00 ] 127.0.0.1 /mlbspa/manage/Public/index.html
INFO: [ app_begin ] --START--
INFO: Run Behavior\ReadHtmlCacheBehavior [ RunTime:0.000587s ]
INFO: [ app_begin ] --END-- [ RunTime:0.001106s ]
SQL: SHOW COLUMNS FROM `users` [ RunTime:0.0056s ]
SQL: SELECT COUNT(*) AS tp_count FROM `users` WHERE ( `user_code`='admin' ) LIMIT 1   [ RunTime:0.0599s ]
SQL: SELECT `uid`,`user_password`,`status` FROM `users` WHERE ( `user_code`='admin' ) LIMIT 1   [ RunTime:0.0003s ]
SQL: UPDATE `users` SET `login_ip`='127.0.0.1',`last_login_time`='1470038400' WHERE ( uid=1 ) [ RunTime:0.0097s ]
SQL: SELECT `uid`,`user_code`,`status`,`admin_type` FROM `users` WHERE ( `user_code`='admin' ) LIMIT 1   [ RunTime:0.0004s ]
INFO: [ app_end ] --START--
INFO: Run Behavior\ShowPageTraceBehavior [ RunTime:0.000985s ]
INFO: [ app_end ] --END-- [ RunTime:0.001062s ]

